#
# A fatal error has been detected by the Java Runtime Environment:
#
#  SIGSEGV (0xb) at pc=0x00007f8f6b2e037e, pid=15388, tid=0x00007f8f41bf4700
#
# JRE version: Java(TM) SE Runtime Environment (8.0_151-b12) (build 1.8.0_151-b12)
# Java VM: Java HotSpot(TM) 64-Bit Server VM (25.151-b12 mixed mode linux-amd64 compressed oops)
# Problematic frame:
# V  [libjvm.so+0x63f37e]  IndexSetIterator::advance_and_next()+0x8e
#
# Failed to write core dump. Core dumps have been disabled. To enable core dumping, try "ulimit -c unlimited" before starting Java again
#
# If you would like to submit a bug report, please visit:
#   http://bugreport.java.com/bugreport/crash.jsp
#

---------------  T H R E A D  ---------------

Current thread (0x00007f8f640bb800):  JavaThread "C2 CompilerThread0" daemon [_thread_in_native, id=15404, stack(0x00007f8f41af4000,0x00007f8f41bf5000)]

siginfo: si_signo: 11 (SIGSEGV), si_code: 128 (SI_KERNEL), si_addr: 0x0000000000000000

Registers:
RAX=0x08007f8f6bc5d5c0, RBX=0x0000000000000006, RCX=0x00007f8f6bc5d5c0, RDX=0x000000000000003e
RSP=0x00007f8f41bf0500, RBP=0x00007f8f41bf0530, RSI=0x000000000000001c, RDI=0x00007f8f41bf0550
R8 =0x0000000000000001, R9 =0x0000000000000000, R10=0x0000000000000000, R11=0x0000000000000000
R12=0x000000000000003a, R13=0x00007f8f41bf0550, R14=0x00007f8f41bf0730, R15=0x000000000000003a
RIP=0x00007f8f6b2e037e, EFLAGS=0x0000000000010206, CSGSFS=0x002b000000000033, ERR=0x0000000000000000
  TRAPNO=0x000000000000000d

Top of Stack: (sp=0x00007f8f41bf0500)
0x00007f8f41bf0500:   00007f8f41bf0530 0000000000000006
0x00007f8f41bf0510:   0000000000000002 0000000000000000
0x00007f8f41bf0520:   00007f8f41bf0730 0000000000000072
0x00007f8f41bf0530:   00007f8f41bf05c0 00007f8f6b2d9cb4
0x00007f8f41bf0540:   00007f8f41bf0550 0000000000002e50
0x00007f8f41bf0550:   0000007e00000000 00007f8f00000004
0x00007f8f41bf0560:   08007f8f6bc5d5c0 0000000000000001
0x00007f8f41bf0570:   00007f8f28055ab0 000000000000003e
0x00007f8f41bf0580:   00007f8f310eb910 00007f8f29089940
0x00007f8f41bf0590:   00007f8f310ffff0 00007f8f41bf1e70
0x00007f8f41bf05a0:   00000000000034a4 0000000000000120
0x00007f8f41bf05b0:   00007f8f41bf1f58 00007f8f41bf1f60
0x00007f8f41bf05c0:   00007f8f41bf0830 00007f8f6b0b2a4d
0x00007f8f41bf05d0:   0000000000000000 00007f8f41bf0770
0x00007f8f41bf05e0:   00007f8f41bf0730 00007f8f41bf0610
0x00007f8f41bf05f0:   00007f8f41bf06d0 00007f8f41bf07a0
0x00007f8f41bf0600:   00007f8f41bf1e70 0000000a000007e9
0x00007f8f41bf0610:   00007f8f6bbfb410 000000000000000d
0x00007f8f41bf0620:   00007f8f41bf2d00 00007f8f41bf1e70
0x00007f8f41bf0630:   00007f8f00000001 00007f8f28719a30
0x00007f8f41bf0640:   00007f8f41bf06b0 00007f8f6bc2ef84
0x00007f8f41bf0650:   00007f8f41bf0690 00007f8f6b5c2125
0x00007f8f41bf0660:   0000000c41bf0720 00007f8f6b71c006
0x00007f8f41bf0670:   000000000000dcb0 00007f8f6b71bf57
0x00007f8f41bf0680:   00007f8f41bf06f0 00007f8f6af851f5
0x00007f8f41bf0690:   00007f8f41bf06f0 00007f8f6af83534
0x00007f8f41bf06a0:   0000000000000000 0000000000000000
0x00007f8f41bf06b0:   0000000000000000 0000000000000000
0x00007f8f41bf06c0:   00007f8f00000035 00007f8f640bbcc0
0x00007f8f41bf06d0:   000000000000000a 00007f8f41bf2d00
0x00007f8f41bf06e0:   00007f8f30ebf5b0 00007f8f30f0e770
0x00007f8f41bf06f0:   00007f8f2520a7c0 00007f8f2520e9b0 

Instructions: (pc=0x00007f8f6b2e037e)
0x00007f8f6b2e035e:   00 49 8b 45 20 45 89 fc 48 8d 0d 53 d2 97 00 4a
0x00007f8f6b2e036e:   8b 04 e0 48 39 c8 0f 84 d5 00 00 00 49 89 45 10
0x00007f8f6b2e037e:   44 8b 08 45 85 c9 0f 85 67 01 00 00 44 8b 40 04
0x00007f8f6b2e038e:   45 85 c0 0f 85 b9 01 00 00 8b 78 08 85 ff 0f 85 

Register to memory mapping:

RAX=0x08007f8f6bc5d5c0 is an unknown value
RBX=0x0000000000000006 is an unknown value
RCX=0x00007f8f6bc5d5c0: <offset 0xfbc5c0> in /usr/lib/jvm/java-8-oracle/jre/lib/amd64/server/libjvm.so at 0x00007f8f6aca1000
RDX=0x000000000000003e is an unknown value
RSP=0x00007f8f41bf0500 is pointing into the stack for thread: 0x00007f8f640bb800
RBP=0x00007f8f41bf0530 is pointing into the stack for thread: 0x00007f8f640bb800
RSI=0x000000000000001c is an unknown value
RDI=0x00007f8f41bf0550 is pointing into the stack for thread: 0x00007f8f640bb800
R8 =0x0000000000000001 is an unknown value
R9 =0x0000000000000000 is an unknown value
R10=0x0000000000000000 is an unknown value
R11=0x0000000000000000 is an unknown value
R12=0x000000000000003a is an unknown value
R13=0x00007f8f41bf0550 is pointing into the stack for thread: 0x00007f8f640bb800
R14=0x00007f8f41bf0730 is pointing into the stack for thread: 0x00007f8f640bb800
R15=0x000000000000003a is an unknown value


Stack: [0x00007f8f41af4000,0x00007f8f41bf5000],  sp=0x00007f8f41bf0500,  free space=1009k
Native frames: (J=compiled Java code, j=interpreted, Vv=VM code, C=native code)
V  [libjvm.so+0x63f37e]  IndexSetIterator::advance_and_next()+0x8e
V  [libjvm.so+0x638cb4]  PhaseIFG::Compute_Effective_Degree()+0x104
V  [libjvm.so+0x411a4d]  PhaseChaitin::Register_Allocate()+0xe8d
V  [libjvm.so+0x4a5cf0]  Compile::Code_Gen()+0x260
V  [libjvm.so+0x4a8571]  Compile::Compile(ciEnv*, C2Compiler*, ciMethod*, int, bool, bool, bool)+0x14b1
V  [libjvm.so+0x3f4e15]  C2Compiler::compile_method(ciEnv*, ciMethod*, int)+0x1f5
V  [libjvm.so+0x4b2aca]  CompileBroker::invoke_compiler_on_method(CompileTask*)+0xc9a
V  [libjvm.so+0x4b3a76]  CompileBroker::compiler_thread_loop()+0x5d6
V  [libjvm.so+0xa79b53]  JavaThread::thread_main_inner()+0x103
V  [libjvm.so+0xa79c9c]  JavaThread::run()+0x11c
V  [libjvm.so+0x92a728]  java_start(Thread*)+0x108
C  [libpthread.so.0+0x76ba]  start_thread+0xca


Current CompileTask:
C2:   4825 2396   !   4       java.net.URLClassLoader$1::run (63 bytes)


---------------  P R O C E S S  ---------------

Java Threads: ( => current thread )
  0x00007f8f1831f800 JavaThread "Keep-Alive-Timer" daemon [_thread_blocked, id=15418, stack(0x00007f8f4120f000,0x00007f8f41310000)]
  0x00007f8f14004000 JavaThread "restartedMain" [_thread_in_Java, id=15411, stack(0x00007f8f41310000,0x00007f8f41411000)]
  0x00007f8f647c9000 JavaThread "Thread-0" [_thread_blocked, id=15410, stack(0x00007f8f41411000,0x00007f8f41512000)]
  0x00007f8f640cb000 JavaThread "Service Thread" daemon [_thread_blocked, id=15407, stack(0x00007f8f417f1000,0x00007f8f418f2000)]
  0x00007f8f640c0000 JavaThread "C1 CompilerThread2" daemon [_thread_in_native, id=15406, stack(0x00007f8f418f2000,0x00007f8f419f3000)]
  0x00007f8f640be000 JavaThread "C2 CompilerThread1" daemon [_thread_in_native, id=15405, stack(0x00007f8f419f3000,0x00007f8f41af4000)]
=>0x00007f8f640bb800 JavaThread "C2 CompilerThread0" daemon [_thread_in_native, id=15404, stack(0x00007f8f41af4000,0x00007f8f41bf5000)]
  0x00007f8f640ba000 JavaThread "Signal Dispatcher" daemon [_thread_blocked, id=15403, stack(0x00007f8f41bf5000,0x00007f8f41cf6000)]
  0x00007f8f64087000 JavaThread "Finalizer" daemon [_thread_blocked, id=15401, stack(0x00007f8f41fce000,0x00007f8f420cf000)]
  0x00007f8f64082800 JavaThread "Reference Handler" daemon [_thread_blocked, id=15400, stack(0x00007f8f420cf000,0x00007f8f421d0000)]
  0x00007f8f6400d000 JavaThread "main" [_thread_blocked, id=15390, stack(0x00007f8f6c79c000,0x00007f8f6c89d000)]

Other Threads:
  0x00007f8f6407b000 VMThread [stack: 0x00007f8f540f1000,0x00007f8f541f2000] [id=15399]
  0x00007f8f640ce000 WatcherThread [stack: 0x00007f8f416f0000,0x00007f8f417f1000] [id=15408]

VM state:not at safepoint (normal execution)

VM Mutex/Monitor currently owned by a thread: None

Heap:
 PSYoungGen      total 111616K, used 85157K [0x00000000ebe00000, 0x00000000f4a00000, 0x0000000100000000)
  eden space 104448K, 74% used [0x00000000ebe00000,0x00000000f0a6faf8,0x00000000f2400000)
  from space 7168K, 96% used [0x00000000f4300000,0x00000000f49b9b18,0x00000000f4a00000)
  to   space 9216K, 0% used [0x00000000f3800000,0x00000000f3800000,0x00000000f4100000)
 ParOldGen       total 36864K, used 9019K [0x00000000c3a00000, 0x00000000c5e00000, 0x00000000ebe00000)
  object space 36864K, 24% used [0x00000000c3a00000,0x00000000c42cee08,0x00000000c5e00000)
 Metaspace       used 29604K, capacity 30622K, committed 30848K, reserved 1075200K
  class space    used 3861K, capacity 4114K, committed 4224K, reserved 1048576K

Card table byte_map: [0x00007f8f69355000,0x00007f8f69539000] byte_map_base: 0x00007f8f68d38000

Marking Bits: (ParMarkBitMap*) 0x00007f8f6bc6af80
 Begin Bits: [0x00007f8f421d0000, 0x00007f8f430e8000)
 End Bits:   [0x00007f8f430e8000, 0x00007f8f44000000)

Polling page: 0x00007f8f6c8bd000

CodeCache: size=245760Kb used=9652Kb max_used=9652Kb free=236107Kb
 bounds [0x00007f8f55000000, 0x00007f8f55980000, 0x00007f8f64000000]
 total_blobs=3292 nmethods=2871 adapters=334
 compilation: enabled

Compilation events (10 events):
Event: 4.767 Thread 0x00007f8f640c0000 nmethod 2853 0x00007f8f559585d0 code [0x00007f8f559587a0, 0x00007f8f55958c38]
Event: 4.767 Thread 0x00007f8f640c0000 2855       3       java.util.Iterator::forEachRemaining (30 bytes)
Event: 4.768 Thread 0x00007f8f640be000 nmethod 2443 0x00007f8f559590d0 code [0x00007f8f55959580, 0x00007f8f5595d810]
Event: 4.768 Thread 0x00007f8f640c0000 nmethod 2855 0x00007f8f559570d0 code [0x00007f8f55957280, 0x00007f8f55957818]
Event: 4.768 Thread 0x00007f8f640be000 2763       4       org.springframework.util.CompositeIterator::hasNext (50 bytes)
Event: 4.768 Thread 0x00007f8f640c0000 2856       2       org.springframework.context.annotation.ConfigurationClassBeanDefinitionReader$TrackedConditionEvaluator::shouldSkip (128 bytes)
Event: 4.769 Thread 0x00007f8f640c0000 nmethod 2856 0x00007f8f55956750 code [0x00007f8f55956940, 0x00007f8f55956d98]
Event: 4.769 Thread 0x00007f8f640c0000 2857       1       org.springframework.context.annotation.ConfigurationClass::getImportedBy (5 bytes)
Event: 4.769 Thread 0x00007f8f640c0000 nmethod 2857 0x00007f8f55956490 code [0x00007f8f559565e0, 0x00007f8f559566f0]
Event: 4.770 Thread 0x00007f8f640c0000 2858   !   2       org.springframework.boot.autoconfigure.condition.BeanTypeRegistry::addBeanTypeForNonAliasDefinition (146 bytes)

GC Heap History (10 events):
Event: 1.355 GC heap before
{Heap before GC invocations=3 (full 0):
 PSYoungGen      total 34304K, used 34287K [0x00000000ebe00000, 0x00000000ee200000, 0x0000000100000000)
  eden space 31744K, 100% used [0x00000000ebe00000,0x00000000edd00000,0x00000000edd00000)
  from space 2560K, 99% used [0x00000000edf80000,0x00000000ee1fbe60,0x00000000ee200000)
  to   space 2560K, 0% used [0x00000000edd00000,0x00000000edd00000,0x00000000edf80000)
 ParOldGen       total 42496K, used 3088K [0x00000000c3a00000, 0x00000000c6380000, 0x00000000ebe00000)
  object space 42496K, 7% used [0x00000000c3a00000,0x00000000c3d041a8,0x00000000c6380000)
 Metaspace       used 12310K, capacity 12748K, committed 13056K, reserved 1060864K
  class space    used 1537K, capacity 1678K, committed 1792K, reserved 1048576K
Event: 1.364 GC heap after
Heap after GC invocations=3 (full 0):
 PSYoungGen      total 34304K, used 2536K [0x00000000ebe00000, 0x00000000f0100000, 0x0000000100000000)
  eden space 31744K, 0% used [0x00000000ebe00000,0x00000000ebe00000,0x00000000edd00000)
  from space 2560K, 99% used [0x00000000edd00000,0x00000000edf7a150,0x00000000edf80000)
  to   space 2560K, 0% used [0x00000000efe80000,0x00000000efe80000,0x00000000f0100000)
 ParOldGen       total 42496K, used 5899K [0x00000000c3a00000, 0x00000000c6380000, 0x00000000ebe00000)
  object space 42496K, 13% used [0x00000000c3a00000,0x00000000c3fc2d90,0x00000000c6380000)
 Metaspace       used 12310K, capacity 12748K, committed 13056K, reserved 1060864K
  class space    used 1537K, capacity 1678K, committed 1792K, reserved 1048576K
}
Event: 1.606 GC heap before
{Heap before GC invocations=4 (full 0):
 PSYoungGen      total 34304K, used 34280K [0x00000000ebe00000, 0x00000000f0100000, 0x0000000100000000)
  eden space 31744K, 100% used [0x00000000ebe00000,0x00000000edd00000,0x00000000edd00000)
  from space 2560K, 99% used [0x00000000edd00000,0x00000000edf7a150,0x00000000edf80000)
  to   space 2560K, 0% used [0x00000000efe80000,0x00000000efe80000,0x00000000f0100000)
 ParOldGen       total 42496K, used 5899K [0x00000000c3a00000, 0x00000000c6380000, 0x00000000ebe00000)
  object space 42496K, 13% used [0x00000000c3a00000,0x00000000c3fc2d90,0x00000000c6380000)
 Metaspace       used 15382K, capacity 15896K, committed 16128K, reserved 1062912K
  class space    used 2027K, capacity 2182K, committed 2304K, reserved 1048576K
Event: 1.615 GC heap after
Heap after GC invocations=4 (full 0):
 PSYoungGen      total 66048K, used 2560K [0x00000000ebe00000, 0x00000000f0100000, 0x0000000100000000)
  eden space 63488K, 0% used [0x00000000ebe00000,0x00000000ebe00000,0x00000000efc00000)
  from space 2560K, 100% used [0x00000000efe80000,0x00000000f0100000,0x00000000f0100000)
  to   space 2560K, 0% used [0x00000000efc00000,0x00000000efc00000,0x00000000efe80000)
 ParOldGen       total 42496K, used 9143K [0x00000000c3a00000, 0x00000000c6380000, 0x00000000ebe00000)
  object space 42496K, 21% used [0x00000000c3a00000,0x00000000c42edc68,0x00000000c6380000)
 Metaspace       used 15382K, capacity 15896K, committed 16128K, reserved 1062912K
  class space    used 2027K, capacity 2182K, committed 2304K, reserved 1048576K
}
Event: 1.946 GC heap before
{Heap before GC invocations=5 (full 0):
 PSYoungGen      total 66048K, used 44968K [0x00000000ebe00000, 0x00000000f0100000, 0x0000000100000000)
  eden space 63488K, 66% used [0x00000000ebe00000,0x00000000ee76a1b8,0x00000000efc00000)
  from space 2560K, 100% used [0x00000000efe80000,0x00000000f0100000,0x00000000f0100000)
  to   space 2560K, 0% used [0x00000000efc00000,0x00000000efc00000,0x00000000efe80000)
 ParOldGen       total 42496K, used 9143K [0x00000000c3a00000, 0x00000000c6380000, 0x00000000ebe00000)
  object space 42496K, 21% used [0x00000000c3a00000,0x00000000c42edc68,0x00000000c6380000)
 Metaspace       used 20607K, capacity 21170K, committed 21296K, reserved 1067008K
  class space    used 2675K, capacity 2847K, committed 2944K, reserved 1048576K
Event: 1.962 GC heap after
Heap after GC invocations=5 (full 0):
 PSYoungGen      total 66048K, used 2560K [0x00000000ebe00000, 0x00000000f4c00000, 0x0000000100000000)
  eden space 63488K, 0% used [0x00000000ebe00000,0x00000000ebe00000,0x00000000efc00000)
  from space 2560K, 100% used [0x00000000efc00000,0x00000000efe80000,0x00000000efe80000)
  to   space 9216K, 0% used [0x00000000f4300000,0x00000000f4300000,0x00000000f4c00000)
 ParOldGen       total 42496K, used 14712K [0x00000000c3a00000, 0x00000000c6380000, 0x00000000ebe00000)
  object space 42496K, 34% used [0x00000000c3a00000,0x00000000c485e288,0x00000000c6380000)
 Metaspace       used 20607K, capacity 21170K, committed 21296K, reserved 1067008K
  class space    used 2675K, capacity 2847K, committed 2944K, reserved 1048576K
}
Event: 1.962 GC heap before
{Heap before GC invocations=6 (full 1):
 PSYoungGen      total 66048K, used 2560K [0x00000000ebe00000, 0x00000000f4c00000, 0x0000000100000000)
  eden space 63488K, 0% used [0x00000000ebe00000,0x00000000ebe00000,0x00000000efc00000)
  from space 2560K, 100% used [0x00000000efc00000,0x00000000efe80000,0x00000000efe80000)
  to   space 9216K, 0% used [0x00000000f4300000,0x00000000f4300000,0x00000000f4c00000)
 ParOldGen       total 42496K, used 14712K [0x00000000c3a00000, 0x00000000c6380000, 0x00000000ebe00000)
  object space 42496K, 34% used [0x00000000c3a00000,0x00000000c485e288,0x00000000c6380000)
 Metaspace       used 20607K, capacity 21170K, committed 21296K, reserved 1067008K
  class space    used 2675K, capacity 2847K, committed 2944K, reserved 1048576K
Event: 1.996 GC heap after
Heap after GC invocations=6 (full 1):
 PSYoungGen      total 66048K, used 0K [0x00000000ebe00000, 0x00000000f4c00000, 0x0000000100000000)
  eden space 63488K, 0% used [0x00000000ebe00000,0x00000000ebe00000,0x00000000efc00000)
  from space 2560K, 0% used [0x00000000efc00000,0x00000000efc00000,0x00000000efe80000)
  to   space 9216K, 0% used [0x00000000f4300000,0x00000000f4300000,0x00000000f4c00000)
 ParOldGen       total 36864K, used 9011K [0x00000000c3a00000, 0x00000000c5e00000, 0x00000000ebe00000)
  object space 36864K, 24% used [0x00000000c3a00000,0x00000000c42cce08,0x00000000c5e00000)
 Metaspace       used 20605K, capacity 21164K, committed 21296K, reserved 1067008K
  class space    used 2674K, capacity 2846K, committed 2944K, reserved 1048576K
}
Event: 3.744 GC heap before
{Heap before GC invocations=7 (full 1):
 PSYoungGen      total 66048K, used 63488K [0x00000000ebe00000, 0x00000000f4c00000, 0x0000000100000000)
  eden space 63488K, 100% used [0x00000000ebe00000,0x00000000efc00000,0x00000000efc00000)
  from space 2560K, 0% used [0x00000000efc00000,0x00000000efc00000,0x00000000efe80000)
  to   space 9216K, 0% used [0x00000000f4300000,0x00000000f4300000,0x00000000f4c00000)
 ParOldGen       total 36864K, used 9011K [0x00000000c3a00000, 0x00000000c5e00000, 0x00000000ebe00000)
  object space 36864K, 24% used [0x00000000c3a00000,0x00000000c42cce08,0x00000000c5e00000)
 Metaspace       used 27208K, capacity 28156K, committed 28416K, reserved 1073152K
  class space    used 3516K, capacity 3762K, committed 3840K, reserved 1048576K
Event: 3.759 GC heap after
Heap after GC invocations=7 (full 1):
 PSYoungGen      total 111616K, used 6886K [0x00000000ebe00000, 0x00000000f4a00000, 0x0000000100000000)
  eden space 104448K, 0% used [0x00000000ebe00000,0x00000000ebe00000,0x00000000f2400000)
  from space 7168K, 96% used [0x00000000f4300000,0x00000000f49b9b18,0x00000000f4a00000)
  to   space 9216K, 0% used [0x00000000f3800000,0x00000000f3800000,0x00000000f4100000)
 ParOldGen       total 36864K, used 9019K [0x00000000c3a00000, 0x00000000c5e00000, 0x00000000ebe00000)
  object space 36864K, 24% used [0x00000000c3a00000,0x00000000c42cee08,0x00000000c5e00000)
 Metaspace       used 27208K, capacity 28156K, committed 28416K, reserved 1073152K
  class space    used 3516K, capacity 3762K, committed 3840K, reserved 1048576K
}

Deoptimization events (10 events):
Event: 2.669 Thread 0x00007f8f14004000 Uncommon trap: reason=unstable_if action=reinterpret pc=0x00007f8f555210b8 method=java.net.URLStreamHandler.parseURL(Ljava/net/URL;Ljava/lang/String;II)V @ 690
Event: 2.724 Thread 0x00007f8f14004000 Uncommon trap: reason=unstable_if action=reinterpret pc=0x00007f8f5539f86c method=java.net.URI.match(CJJ)Z @ 45
Event: 2.850 Thread 0x00007f8f14004000 Uncommon trap: reason=bimorphic action=maybe_recompile pc=0x00007f8f5561d1b4 method=java.util.concurrent.ConcurrentHashMap.putVal(Ljava/lang/Object;Ljava/lang/Object;Z)Ljava/lang/Object; @ 192
Event: 2.850 Thread 0x00007f8f14004000 Uncommon trap: reason=bimorphic action=maybe_recompile pc=0x00007f8f5561d1b4 method=java.util.concurrent.ConcurrentHashMap.putVal(Ljava/lang/Object;Ljava/lang/Object;Z)Ljava/lang/Object; @ 192
Event: 2.851 Thread 0x00007f8f14004000 Uncommon trap: reason=bimorphic action=maybe_recompile pc=0x00007f8f5561d1b4 method=java.util.concurrent.ConcurrentHashMap.putVal(Ljava/lang/Object;Ljava/lang/Object;Z)Ljava/lang/Object; @ 192
Event: 2.855 Thread 0x00007f8f14004000 Uncommon trap: reason=unstable_if action=reinterpret pc=0x00007f8f55603d28 method=java.util.concurrent.ConcurrentHashMap.get(Ljava/lang/Object;)Ljava/lang/Object; @ 152
Event: 2.872 Thread 0x00007f8f14004000 Uncommon trap: reason=bimorphic action=maybe_recompile pc=0x00007f8f5561d1b4 method=java.util.concurrent.ConcurrentHashMap.putVal(Ljava/lang/Object;Ljava/lang/Object;Z)Ljava/lang/Object; @ 192
Event: 3.022 Thread 0x00007f8f14004000 Uncommon trap: reason=class_check action=maybe_recompile pc=0x00007f8f5540a374 method=java.lang.StringCoding$StringDecoder.decode([BII)[C @ 30
Event: 3.055 Thread 0x00007f8f14004000 Uncommon trap: reason=class_check action=maybe_recompile pc=0x00007f8f5540a374 method=java.lang.StringCoding$StringDecoder.decode([BII)[C @ 30
Event: 4.182 Thread 0x00007f8f14004000 Uncommon trap: reason=unstable_if action=reinterpret pc=0x00007f8f55408534 method=org.springframework.boot.context.properties.source.ConfigurationPropertyName.equals(Ljava/lang/Object;)Z @ 90

Internal exceptions (10 events):
Event: 1.758 Thread 0x00007f8f14004000 Exception <a 'java/lang/ClassNotFoundException': org/springframework/beans/factory/BeanClassLoaderAwareCustomizer> (0x00000000ed2171a8) thrown at [/HUDSON/workspace/8-2-build-linux-amd64/jdk8u151/9699/hotspot/src/share/vm/classfile/systemDictionary.cpp, l
Event: 1.758 Thread 0x00007f8f14004000 Exception <a 'java/lang/ClassNotFoundException': org/springframework/beans/factory/AwareCustomizer> (0x00000000ed228ec0) thrown at [/HUDSON/workspace/8-2-build-linux-amd64/jdk8u151/9699/hotspot/src/share/vm/classfile/systemDictionary.cpp, line 210]
Event: 1.758 Thread 0x00007f8f14004000 Exception <a 'java/lang/ClassNotFoundException': org/springframework/context/EnvironmentAwareCustomizer> (0x00000000ed23ab00) thrown at [/HUDSON/workspace/8-2-build-linux-amd64/jdk8u151/9699/hotspot/src/share/vm/classfile/systemDictionary.cpp, line 210]
Event: 1.759 Thread 0x00007f8f14004000 Exception <a 'java/lang/ClassNotFoundException': org/springframework/beans/factory/AwareCustomizer> (0x00000000ed24c6f8) thrown at [/HUDSON/workspace/8-2-build-linux-amd64/jdk8u151/9699/hotspot/src/share/vm/classfile/systemDictionary.cpp, line 210]
Event: 1.881 Thread 0x00007f8f1801a800 Exception <a 'java/lang/IncompatibleClassChangeError': Found class java.lang.Object, but interface was expected> (0x00000000ee185318) thrown at [/HUDSON/workspace/8-2-build-linux-amd64/jdk8u151/9699/hotspot/src/share/vm/interpreter/linkResolver.cpp, line 
Event: 2.615 Thread 0x00007f8f14004000 Exception <a 'java/lang/NoClassDefFoundError': org/springframework/jdbc/CannotGetJdbcConnectionException> (0x00000000ed8fac88) thrown at [/HUDSON/workspace/8-2-build-linux-amd64/jdk8u151/9699/hotspot/src/share/vm/classfile/systemDictionary.cpp, line 199]
Event: 2.624 Thread 0x00007f8f14004000 Exception <a 'java/lang/ClassNotFoundException': java/lang/ObjectCustomizer> (0x00000000ed923df0) thrown at [/HUDSON/workspace/8-2-build-linux-amd64/jdk8u151/9699/hotspot/src/share/vm/classfile/systemDictionary.cpp, line 210]
Event: 2.625 Thread 0x00007f8f14004000 Exception <a 'java/lang/ClassNotFoundException': org/springframework/cloud/config/client/ConfigClientPropertiesCustomizer> (0x00000000ed93dbf8) thrown at [/HUDSON/workspace/8-2-build-linux-amd64/jdk8u151/9699/hotspot/src/share/vm/classfile/systemDictionar
Event: 3.177 Thread 0x00007f8f14004000 Exception <a 'java/lang/NoSuchMethodError': java.lang.Object.lambda$comparing$77a9974f$1(Ljava/util/function/Function;Ljava/lang/Object;Ljava/lang/Object;)I> (0x00000000ee7107d0) thrown at [/HUDSON/workspace/8-2-build-linux-amd64/jdk8u151/9699/hotspot/src
Event: 3.540 Thread 0x00007f8f14004000 Exception <a 'java/lang/IncompatibleClassChangeError': Found class java.lang.Object, but interface was expected> (0x00000000ef2bff28) thrown at [/HUDSON/workspace/8-2-build-linux-amd64/jdk8u151/9699/hotspot/src/share/vm/interpreter/linkResolver.cpp, line 

Events (10 events):
Event: 4.766 loading class org/springframework/cloud/client/serviceregistry/ServiceRegistry
Event: 4.766 loading class org/springframework/cloud/client/serviceregistry/ServiceRegistry done
Event: 4.767 Thread 0x00007f8f14004000 DEOPT PACKING pc=0x00007f8f558e7617 sp=0x00007f8f4140e350
Event: 4.767 Thread 0x00007f8f14004000 DEOPT UNPACKING pc=0x00007f8f55047633 sp=0x00007f8f4140e0c0 mode 0
Event: 4.767 loading class org/springframework/cloud/client/serviceregistry/AutoServiceRegistrationAutoConfiguration
Event: 4.767 loading class org/springframework/cloud/client/serviceregistry/AutoServiceRegistrationAutoConfiguration done
Event: 4.770 loading class org/springframework/cloud/client/serviceregistry/ServiceRegistryAutoConfiguration
Event: 4.770 loading class org/springframework/cloud/client/serviceregistry/ServiceRegistryAutoConfiguration done
Event: 4.771 loading class org/springframework/cloud/commons/httpclient/HttpClientConfiguration
Event: 4.771 loading class org/springframework/cloud/commons/httpclient/HttpClientConfiguration done


Dynamic libraries:
00400000-00401000 r-xp 00000000 08:01 55058186                           /usr/lib/jvm/java-8-oracle/bin/java
00600000-00601000 rw-p 00000000 08:01 55058186                           /usr/lib/jvm/java-8-oracle/bin/java
02172000-02193000 rw-p 00000000 00:00 0                                  [heap]
c3a00000-c5e00000 rw-p 00000000 00:00 0 
c5e00000-ebe00000 ---p 00000000 00:00 0 
ebe00000-f4a00000 rw-p 00000000 00:00 0 
f4a00000-100000000 ---p 00000000 00:00 0 
100000000-100420000 rw-p 00000000 00:00 0 
100420000-140000000 ---p 00000000 00:00 0 
7f8f08000000-7f8f0802a000 rw-p 00000000 00:00 0 
7f8f0802a000-7f8f0c000000 ---p 00000000 00:00 0 
7f8f0c000000-7f8f0c388000 rw-p 00000000 00:00 0 
7f8f0c388000-7f8f10000000 ---p 00000000 00:00 0 
7f8f103ee000-7f8f105ee000 rw-p 00000000 00:00 0 
7f8f105ee000-7f8f107ee000 rw-p 00000000 00:00 0 
7f8f107ee000-7f8f107ff000 r-xp 00000000 08:01 59244900                   /usr/lib/jvm/java-8-oracle/jre/lib/amd64/libnio.so
7f8f107ff000-7f8f109fe000 ---p 00011000 08:01 59244900                   /usr/lib/jvm/java-8-oracle/jre/lib/amd64/libnio.so
7f8f109fe000-7f8f109ff000 rw-p 00010000 08:01 59244900                   /usr/lib/jvm/java-8-oracle/jre/lib/amd64/libnio.so
7f8f109ff000-7f8f10bff000 rw-p 00000000 00:00 0 
7f8f10bff000-7f8f10dff000 rw-p 00000000 00:00 0 
7f8f10dff000-7f8f10fff000 rw-p 00000000 00:00 0 
7f8f10fff000-7f8f14000000 rw-p 00000000 00:00 0 
7f8f14000000-7f8f14021000 rw-p 00000000 00:00 0 
7f8f14021000-7f8f18000000 ---p 00000000 00:00 0 
7f8f18000000-7f8f186d0000 rw-p 00000000 00:00 0 
7f8f186d0000-7f8f1c000000 ---p 00000000 00:00 0 
7f8f1c000000-7f8f1c021000 rw-p 00000000 00:00 0 
7f8f1c021000-7f8f20000000 ---p 00000000 00:00 0 
7f8f20000000-7f8f20021000 rw-p 00000000 00:00 0 
7f8f20021000-7f8f24000000 ---p 00000000 00:00 0 
7f8f24000000-7f8f25731000 rw-p 00000000 00:00 0 
7f8f25731000-7f8f28000000 ---p 00000000 00:00 0 
7f8f28000000-7f8f292bf000 rw-p 00000000 00:00 0 
7f8f292bf000-7f8f2c000000 ---p 00000000 00:00 0 
7f8f2c000000-7f8f2c021000 rw-p 00000000 00:00 0 
7f8f2c021000-7f8f30000000 ---p 00000000 00:00 0 
7f8f30000000-7f8f31678000 rw-p 00000000 00:00 0 
7f8f31678000-7f8f34000000 ---p 00000000 00:00 0 
7f8f34000000-7f8f34021000 rw-p 00000000 00:00 0 
7f8f34021000-7f8f38000000 ---p 00000000 00:00 0 
7f8f38000000-7f8f38021000 rw-p 00000000 00:00 0 
7f8f38021000-7f8f3c000000 ---p 00000000 00:00 0 
7f8f3c000000-7f8f3c021000 rw-p 00000000 00:00 0 
7f8f3c021000-7f8f40000000 ---p 00000000 00:00 0 
7f8f400cc000-7f8f402cc000 rw-p 00000000 00:00 0 
7f8f402cc000-7f8f404cc000 rw-p 00000000 00:00 0 
7f8f404cc000-7f8f404d5000 r-xp 00000000 08:01 59244905                   /usr/lib/jvm/java-8-oracle/jre/lib/amd64/libmanagement.so
7f8f404d5000-7f8f406d4000 ---p 00009000 08:01 59244905                   /usr/lib/jvm/java-8-oracle/jre/lib/amd64/libmanagement.so
7f8f406d4000-7f8f406d5000 rw-p 00008000 08:01 59244905                   /usr/lib/jvm/java-8-oracle/jre/lib/amd64/libmanagement.so
7f8f406d5000-7f8f408d5000 rw-p 00000000 00:00 0 
7f8f408d5000-7f8f408ec000 r-xp 00000000 08:01 17961626                   /lib/x86_64-linux-gnu/libresolv-2.23.so
7f8f408ec000-7f8f40aec000 ---p 00017000 08:01 17961626                   /lib/x86_64-linux-gnu/libresolv-2.23.so
7f8f40aec000-7f8f40aed000 r--p 00017000 08:01 17961626                   /lib/x86_64-linux-gnu/libresolv-2.23.so
7f8f40aed000-7f8f40aee000 rw-p 00018000 08:01 17961626                   /lib/x86_64-linux-gnu/libresolv-2.23.so
7f8f40aee000-7f8f40af0000 rw-p 00000000 00:00 0 
7f8f40af0000-7f8f40af5000 r-xp 00000000 08:01 17961632                   /lib/x86_64-linux-gnu/libnss_dns-2.23.so
7f8f40af5000-7f8f40cf5000 ---p 00005000 08:01 17961632                   /lib/x86_64-linux-gnu/libnss_dns-2.23.so
7f8f40cf5000-7f8f40cf6000 r--p 00005000 08:01 17961632                   /lib/x86_64-linux-gnu/libnss_dns-2.23.so
7f8f40cf6000-7f8f40cf7000 rw-p 00006000 08:01 17961632                   /lib/x86_64-linux-gnu/libnss_dns-2.23.so
7f8f40cf7000-7f8f40cfa000 ---p 00000000 00:00 0 
7f8f40cfa000-7f8f40df8000 rw-p 00000000 00:00 0 
7f8f40df8000-7f8f40e0f000 r-xp 00000000 08:01 59244897                   /usr/lib/jvm/java-8-oracle/jre/lib/amd64/libnet.so
7f8f40e0f000-7f8f4100e000 ---p 00017000 08:01 59244897                   /usr/lib/jvm/java-8-oracle/jre/lib/amd64/libnet.so
7f8f4100e000-7f8f4100f000 rw-p 00016000 08:01 59244897                   /usr/lib/jvm/java-8-oracle/jre/lib/amd64/libnet.so
7f8f4100f000-7f8f4120f000 rw-p 00000000 00:00 0 
7f8f4120f000-7f8f41212000 ---p 00000000 00:00 0 
7f8f41212000-7f8f41310000 rw-p 00000000 00:00 0 
7f8f41310000-7f8f41313000 ---p 00000000 00:00 0 
7f8f41313000-7f8f41411000 rw-p 00000000 00:00 0 
7f8f41411000-7f8f41414000 ---p 00000000 00:00 0 
7f8f41414000-7f8f41512000 rw-p 00000000 00:00 0 
7f8f4153b000-7f8f41545000 r--s 00116000 08:01 59244753                   /usr/lib/jvm/java-8-oracle/jre/lib/ext/localedata.jar
7f8f41545000-7f8f41561000 r--s 00393000 08:01 59244746                   /usr/lib/jvm/java-8-oracle/jre/lib/ext/cldrdata.jar
7f8f41561000-7f8f415f7000 r--s 01110000 08:01 59244747                   /usr/lib/jvm/java-8-oracle/jre/lib/ext/jfxrt.jar
7f8f415f7000-7f8f415f8000 r--s 00005000 08:01 39191385                   /home/sudip/.m2/repository/org/springframework/spring-jcl/5.1.6.RELEASE/spring-jcl-5.1.6.RELEASE.jar
7f8f415f8000-7f8f41610000 r--s 00124000 08:01 39191383                   /home/sudip/.m2/repository/org/springframework/spring-core/5.1.6.RELEASE/spring-core-5.1.6.RELEASE.jar
7f8f41610000-7f8f41612000 r--s 00009000 08:01 39062465                   /home/sudip/.m2/repository/org/slf4j/slf4j-api/1.7.26/slf4j-api-1.7.26.jar
7f8f41612000-7f8f41636000 r--s 00111000 08:01 39191371                   /home/sudip/.m2/repository/org/springframework/boot/spring-boot-autoconfigure/2.1.4.RELEASE/spring-boot-autoconfigure-2.1.4.RELEASE.jar
7f8f41636000-7f8f4164b000 r--s 000d4000 08:01 39191369                   /home/sudip/.m2/repository/org/springframework/boot/spring-boot/2.1.4.RELEASE/spring-boot-2.1.4.RELEASE.jar
7f8f4164b000-7f8f41651000 r--s 0002e000 08:01 39191367                   /home/sudip/.m2/repository/org/springframework/boot/spring-boot-devtools/2.1.4.RELEASE/spring-boot-devtools-2.1.4.RELEASE.jar
7f8f41651000-7f8f41655000 r--s 0004c000 08:01 39062463                   /home/sudip/.m2/repository/com/fasterxml/jackson/core/jackson-core/2.9.8/jackson-core-2.9.8.jar
7f8f41655000-7f8f41667000 r--s 00137000 08:01 39062461                   /home/sudip/.m2/repository/com/fasterxml/jackson/core/jackson-databind/2.9.8/jackson-databind-2.9.8.jar
7f8f41667000-7f8f4166a000 r--s 0000e000 08:01 36833186                   /home/sudip/.m2/repository/com/fasterxml/jackson/core/jackson-annotations/2.9.0/jackson-annotations-2.9.0.jar
7f8f4166a000-7f8f4166c000 r--s 00007000 08:01 39191365                   /home/sudip/.m2/repository/org/springframework/cloud/spring-cloud-config-client/2.1.1.RELEASE/spring-cloud-config-client-2.1.1.RELEASE.jar
7f8f4166c000-7f8f416c4000 r--s 003a7000 08:01 39062459                   /home/sudip/.m2/repository/org/bouncycastle/bcprov-jdk15on/1.60/bcprov-jdk15on-1.60.jar
7f8f416c4000-7f8f416d7000 r--s 000b0000 08:01 39062457                   /home/sudip/.m2/repository/org/bouncycastle/bcpkix-jdk15on/1.60/bcpkix-jdk15on-1.60.jar
7f8f416d7000-7f8f416d8000 r--s 00004000 08:01 39062402                   /home/sudip/.m2/repository/org/springframework/security/spring-security-rsa/1.0.7.RELEASE/spring-security-rsa-1.0.7.RELEASE.jar
7f8f416d8000-7f8f416de000 r--s 0001f000 08:01 39191363                   /home/sudip/.m2/repository/org/springframework/cloud/spring-cloud-commons/2.1.1.RELEASE/spring-cloud-commons-2.1.1.RELEASE.jar
7f8f416de000-7f8f416e1000 r--s 00019000 08:01 39191359                   /home/sudip/.m2/repository/org/springframework/cloud/spring-cloud-context/2.1.1.RELEASE/spring-cloud-context-2.1.1.RELEASE.jar
7f8f416e1000-7f8f416e6000 r--s 00040000 08:01 39191353                   /home/sudip/.m2/repository/org/springframework/spring-expression/5.1.6.RELEASE/spring-expression-5.1.6.RELEASE.jar
7f8f416e6000-7f8f416f0000 r--s 00051000 08:01 39191351                   /home/sudip/.m2/repository/org/springframework/spring-aop/5.1.6.RELEASE/spring-aop-5.1.6.RELEASE.jar
7f8f416f0000-7f8f416f1000 ---p 00000000 00:00 0 
7f8f416f1000-7f8f417f1000 rw-p 00000000 00:00 0 
7f8f417f1000-7f8f417f4000 ---p 00000000 00:00 0 
7f8f417f4000-7f8f418f2000 rw-p 00000000 00:00 0 
7f8f418f2000-7f8f418f5000 ---p 00000000 00:00 0 
7f8f418f5000-7f8f419f3000 rw-p 00000000 00:00 0 
7f8f419f3000-7f8f419f6000 ---p 00000000 00:00 0 
7f8f419f6000-7f8f41af4000 rw-p 00000000 00:00 0 
7f8f41af4000-7f8f41af7000 ---p 00000000 00:00 0 
7f8f41af7000-7f8f41bf5000 rw-p 00000000 00:00 0 
7f8f41bf5000-7f8f41bf8000 ---p 00000000 00:00 0 
7f8f41bf8000-7f8f41cf6000 rw-p 00000000 00:00 0 
7f8f41cf6000-7f8f41fce000 r--p 00000000 08:01 54793215                   /usr/lib/locale/locale-archive
7f8f41fce000-7f8f41fd1000 ---p 00000000 00:00 0 
7f8f41fd1000-7f8f420cf000 rw-p 00000000 00:00 0 
7f8f420cf000-7f8f420d2000 ---p 00000000 00:00 0 
7f8f420d2000-7f8f44000000 rw-p 00000000 00:00 0 
7f8f44000000-7f8f44021000 rw-p 00000000 00:00 0 
7f8f44021000-7f8f48000000 ---p 00000000 00:00 0 
7f8f48000000-7f8f48021000 rw-p 00000000 00:00 0 
7f8f48021000-7f8f4c000000 ---p 00000000 00:00 0 
7f8f4c000000-7f8f4c021000 rw-p 00000000 00:00 0 
7f8f4c021000-7f8f50000000 ---p 00000000 00:00 0 
7f8f50000000-7f8f50021000 rw-p 00000000 00:00 0 
7f8f50021000-7f8f54000000 ---p 00000000 00:00 0 
7f8f54000000-7f8f54002000 r--s 00010000 08:01 39191361                   /home/sudip/.m2/repository/org/springframework/security/spring-security-crypto/5.1.5.RELEASE/spring-security-crypto-5.1.5.RELEASE.jar
7f8f54002000-7f8f54003000 r--s 00000000 08:01 39191357                   /home/sudip/.m2/repository/org/springframework/cloud/spring-cloud-starter/2.1.1.RELEASE/spring-cloud-starter-2.1.1.RELEASE.jar
7f8f54003000-7f8f54004000 r--s 00000000 08:01 39191355                   /home/sudip/.m2/repository/org/springframework/cloud/spring-cloud-starter-config/2.1.1.RELEASE/spring-cloud-starter-config-2.1.1.RELEASE.jar
7f8f54004000-7f8f54013000 r--s 000b5000 08:01 39191349                   /home/sudip/.m2/repository/org/springframework/spring-webmvc/5.1.6.RELEASE/spring-webmvc-5.1.6.RELEASE.jar
7f8f54013000-7f8f54020000 r--s 00098000 08:01 39191347                   /home/sudip/.m2/repository/org/springframework/spring-beans/5.1.6.RELEASE/spring-beans-5.1.6.RELEASE.jar
7f8f54020000-7f8f5403c000 r--s 00137000 08:01 39191345                   /home/sudip/.m2/repository/org/springframework/spring-web/5.1.6.RELEASE/spring-web-5.1.6.RELEASE.jar
7f8f5403c000-7f8f5403e000 r--s 0000f000 08:01 39191343                   /home/sudip/.m2/repository/com/fasterxml/classmate/1.4.0/classmate-1.4.0.jar
7f8f5403e000-7f8f54040000 r--s 0000f000 08:01 36833206                   /home/sudip/.m2/repository/org/jboss/logging/jboss-logging/3.3.2.Final/jboss-logging-3.3.2.Final.jar
7f8f54040000-7f8f54045000 r--s 00012000 08:01 36833204                   /home/sudip/.m2/repository/javax/validation/validation-api/2.0.1.Final/validation-api-2.0.1.Final.jar
7f8f54045000-7f8f54062000 r--s 000fe000 08:01 39062453                   /home/sudip/.m2/repository/org/hibernate/validator/hibernate-validator/6.0.16.Final/hibernate-validator-6.0.16.Final.jar
7f8f54062000-7f8f54067000 r--s 0003c000 08:01 39062449                   /home/sudip/.m2/repository/org/apache/tomcat/embed/tomcat-embed-websocket/9.0.17/tomcat-embed-websocket-9.0.17.jar
7f8f54067000-7f8f5406c000 r--s 00039000 08:01 39062447                   /home/sudip/.m2/repository/org/apache/tomcat/embed/tomcat-embed-el/9.0.17/tomcat-embed-el-9.0.17.jar
7f8f5406c000-7f8f54096000 r--s 002f9000 08:01 39062445                   /home/sudip/.m2/repository/org/apache/tomcat/embed/tomcat-embed-core/9.0.17/tomcat-embed-core-9.0.17.jar
7f8f54096000-7f8f54097000 r--s 00000000 08:01 39191341                   /home/sudip/.m2/repository/org/springframework/boot/spring-boot-starter-tomcat/2.1.4.RELEASE/spring-boot-starter-tomcat-2.1.4.RELEASE.jar
7f8f54097000-7f8f54099000 r--s 00001000 08:01 39062443                   /home/sudip/.m2/repository/com/fasterxml/jackson/module/jackson-module-parameter-names/2.9.8/jackson-module-parameter-names-2.9.8.jar
7f8f54099000-7f8f5409b000 r--s 00007000 08:01 39062441                   /home/sudip/.m2/repository/com/fasterxml/jackson/datatype/jackson-datatype-jdk8/2.9.8/jackson-datatype-jdk8-2.9.8.jar
7f8f5409b000-7f8f5409c000 r--s 00000000 08:01 39191339                   /home/sudip/.m2/repository/org/springframework/boot/spring-boot-starter-json/2.1.4.RELEASE/spring-boot-starter-json-2.1.4.RELEASE.jar
7f8f5409c000-7f8f5409d000 r--s 00000000 08:01 39191337                   /home/sudip/.m2/repository/org/springframework/boot/spring-boot-starter-web/2.1.4.RELEASE/spring-boot-starter-web-2.1.4.RELEASE.jar
7f8f5409d000-7f8f5409f000 r--s 00006000 08:01 39062439                   /home/sudip/.m2/repository/org/latencyutils/LatencyUtils/2.0.3/LatencyUtils-2.0.3.jar
7f8f5409f000-7f8f540a1000 r--s 0001a000 08:01 39062437                   /home/sudip/.m2/repository/org/hdrhistogram/HdrHistogram/2.1.9/HdrHistogram-2.1.9.jar
7f8f540a1000-7f8f540aa000 r--s 0005f000 08:01 39062435                   /home/sudip/.m2/repository/io/micrometer/micrometer-core/1.1.4/micrometer-core-1.1.4.jar
7f8f540aa000-7f8f540ad000 r--s 00016000 08:01 39062433                   /home/sudip/.m2/repository/com/fasterxml/jackson/datatype/jackson-datatype-jsr310/2.9.8/jackson-datatype-jsr310-2.9.8.jar
7f8f540ad000-7f8f540c7000 r--s 000f3000 08:01 39191335                   /home/sudip/.m2/repository/org/springframework/spring-context/5.1.6.RELEASE/spring-context-5.1.6.RELEASE.jar
7f8f540c7000-7f8f540d7000 r--s 0006d000 08:01 39191333                   /home/sudip/.m2/repository/org/springframework/boot/spring-boot-actuator/2.1.4.RELEASE/spring-boot-actuator-2.1.4.RELEASE.jar
7f8f540d7000-7f8f540e6000 r--s 0005d000 08:01 39191331                   /home/sudip/.m2/repository/org/springframework/boot/spring-boot-actuator-autoconfigure/2.1.4.RELEASE/spring-boot-actuator-autoconfigure-2.1.4.RELEASE.jar
7f8f540e6000-7f8f540ed000 r--s 00043000 08:01 39191329                   /home/sudip/.m2/repository/org/yaml/snakeyaml/1.23/snakeyaml-1.23.jar
7f8f540ed000-7f8f540ef000 r--s 00005000 08:01 36833180                   /home/sudip/.m2/repository/javax/annotation/javax.annotation-api/1.3.2/javax.annotation-api-1.3.2.jar
7f8f540ef000-7f8f540f1000 r--s 00000000 08:01 39062427                   /home/sudip/.m2/repository/org/slf4j/jul-to-slf4j/1.7.26/jul-to-slf4j-1.7.26.jar
7f8f540f1000-7f8f540f2000 ---p 00000000 00:00 0 
7f8f540f2000-7f8f55000000 rw-p 00000000 00:00 0 
7f8f55000000-7f8f55980000 rwxp 00000000 00:00 0 
7f8f55980000-7f8f64000000 ---p 00000000 00:00 0 
7f8f64000000-7f8f647d2000 rw-p 00000000 00:00 0 
7f8f647d2000-7f8f68000000 ---p 00000000 00:00 0 
7f8f68000000-7f8f68006000 r--s 0003c000 08:01 39062425                   /home/sudip/.m2/repository/org/apache/logging/log4j/log4j-api/2.11.2/log4j-api-2.11.2.jar
7f8f68006000-7f8f68011000 r--s 00069000 08:01 36833172                   /home/sudip/.m2/repository/ch/qos/logback/logback-core/1.2.3/logback-core-1.2.3.jar
7f8f68011000-7f8f68017000 r--s 00041000 08:01 36833170                   /home/sudip/.m2/repository/ch/qos/logback/logback-classic/1.2.3/logback-classic-1.2.3.jar
7f8f68017000-7f8f6802a000 r--s 00345000 08:01 58197565                   /usr/lib/jvm/java-8-oracle/jre/lib/resources.jar
7f8f6802a000-7f8f681dd000 rw-p 00000000 00:00 0 
7f8f681dd000-7f8f683b6000 r--s 03d5a000 08:01 58197561                   /usr/lib/jvm/java-8-oracle/jre/lib/rt.jar
7f8f683b6000-7f8f68e0f000 rw-p 00000000 00:00 0 
7f8f68e0f000-7f8f68e10000 ---p 00000000 00:00 0 
7f8f68e10000-7f8f68f10000 rw-p 00000000 00:00 0 
7f8f68f10000-7f8f68f11000 ---p 00000000 00:00 0 
7f8f68f11000-7f8f69011000 rw-p 00000000 00:00 0 
7f8f69011000-7f8f69012000 ---p 00000000 00:00 0 
7f8f69012000-7f8f69112000 rw-p 00000000 00:00 0 
7f8f69112000-7f8f69113000 ---p 00000000 00:00 0 
7f8f69113000-7f8f69225000 rw-p 00000000 00:00 0 
7f8f69225000-7f8f69355000 ---p 00000000 00:00 0 
7f8f69355000-7f8f69367000 rw-p 00000000 00:00 0 
7f8f69367000-7f8f69497000 ---p 00000000 00:00 0 
7f8f69497000-7f8f694dd000 rw-p 00000000 00:00 0 
7f8f694dd000-7f8f69538000 ---p 00000000 00:00 0 
7f8f69538000-7f8f6955f000 rw-p 00000000 00:00 0 
7f8f6955f000-7f8f698f9000 ---p 00000000 00:00 0 
7f8f698f9000-7f8f69914000 r-xp 00000000 08:01 59244893                   /usr/lib/jvm/java-8-oracle/jre/lib/amd64/libzip.so
7f8f69914000-7f8f69b14000 ---p 0001b000 08:01 59244893                   /usr/lib/jvm/java-8-oracle/jre/lib/amd64/libzip.so
7f8f69b14000-7f8f69b15000 rw-p 0001b000 08:01 59244893                   /usr/lib/jvm/java-8-oracle/jre/lib/amd64/libzip.so
7f8f69b15000-7f8f69b20000 r-xp 00000000 08:01 17961635                   /lib/x86_64-linux-gnu/libnss_files-2.23.so
7f8f69b20000-7f8f69d1f000 ---p 0000b000 08:01 17961635                   /lib/x86_64-linux-gnu/libnss_files-2.23.so
7f8f69d1f000-7f8f69d20000 r--p 0000a000 08:01 17961635                   /lib/x86_64-linux-gnu/libnss_files-2.23.so
7f8f69d20000-7f8f69d21000 rw-p 0000b000 08:01 17961635                   /lib/x86_64-linux-gnu/libnss_files-2.23.so
7f8f69d21000-7f8f69d27000 rw-p 00000000 00:00 0 
7f8f69d27000-7f8f69d32000 r-xp 00000000 08:01 17961639                   /lib/x86_64-linux-gnu/libnss_nis-2.23.so
7f8f69d32000-7f8f69f31000 ---p 0000b000 08:01 17961639                   /lib/x86_64-linux-gnu/libnss_nis-2.23.so
7f8f69f31000-7f8f69f32000 r--p 0000a000 08:01 17961639                   /lib/x86_64-linux-gnu/libnss_nis-2.23.so
7f8f69f32000-7f8f69f33000 rw-p 0000b000 08:01 17961639                   /lib/x86_64-linux-gnu/libnss_nis-2.23.so
7f8f69f33000-7f8f69f49000 r-xp 00000000 08:01 17956890                   /lib/x86_64-linux-gnu/libnsl-2.23.so
7f8f69f49000-7f8f6a148000 ---p 00016000 08:01 17956890                   /lib/x86_64-linux-gnu/libnsl-2.23.so
7f8f6a148000-7f8f6a149000 r--p 00015000 08:01 17956890                   /lib/x86_64-linux-gnu/libnsl-2.23.so
7f8f6a149000-7f8f6a14a000 rw-p 00016000 08:01 17956890                   /lib/x86_64-linux-gnu/libnsl-2.23.so
7f8f6a14a000-7f8f6a14c000 rw-p 00000000 00:00 0 
7f8f6a14c000-7f8f6a154000 r-xp 00000000 08:01 17961630                   /lib/x86_64-linux-gnu/libnss_compat-2.23.so
7f8f6a154000-7f8f6a353000 ---p 00008000 08:01 17961630                   /lib/x86_64-linux-gnu/libnss_compat-2.23.so
7f8f6a353000-7f8f6a354000 r--p 00007000 08:01 17961630                   /lib/x86_64-linux-gnu/libnss_compat-2.23.so
7f8f6a354000-7f8f6a355000 rw-p 00008000 08:01 17961630                   /lib/x86_64-linux-gnu/libnss_compat-2.23.so
7f8f6a355000-7f8f6a380000 r-xp 00000000 08:01 59244887                   /usr/lib/jvm/java-8-oracle/jre/lib/amd64/libjava.so
7f8f6a380000-7f8f6a57f000 ---p 0002b000 08:01 59244887                   /usr/lib/jvm/java-8-oracle/jre/lib/amd64/libjava.so
7f8f6a57f000-7f8f6a581000 rw-p 0002a000 08:01 59244887                   /usr/lib/jvm/java-8-oracle/jre/lib/amd64/libjava.so
7f8f6a581000-7f8f6a58e000 r-xp 00000000 08:01 59244892                   /usr/lib/jvm/java-8-oracle/jre/lib/amd64/libverify.so
7f8f6a58e000-7f8f6a78e000 ---p 0000d000 08:01 59244892                   /usr/lib/jvm/java-8-oracle/jre/lib/amd64/libverify.so
7f8f6a78e000-7f8f6a790000 rw-p 0000d000 08:01 59244892                   /usr/lib/jvm/java-8-oracle/jre/lib/amd64/libverify.so
7f8f6a790000-7f8f6a797000 r-xp 00000000 08:01 17961640                   /lib/x86_64-linux-gnu/librt-2.23.so
7f8f6a797000-7f8f6a996000 ---p 00007000 08:01 17961640                   /lib/x86_64-linux-gnu/librt-2.23.so
7f8f6a996000-7f8f6a997000 r--p 00006000 08:01 17961640                   /lib/x86_64-linux-gnu/librt-2.23.so
7f8f6a997000-7f8f6a998000 rw-p 00007000 08:01 17961640                   /lib/x86_64-linux-gnu/librt-2.23.so
7f8f6a998000-7f8f6aaa0000 r-xp 00000000 08:01 17956879                   /lib/x86_64-linux-gnu/libm-2.23.so
7f8f6aaa0000-7f8f6ac9f000 ---p 00108000 08:01 17956879                   /lib/x86_64-linux-gnu/libm-2.23.so
7f8f6ac9f000-7f8f6aca0000 r--p 00107000 08:01 17956879                   /lib/x86_64-linux-gnu/libm-2.23.so
7f8f6aca0000-7f8f6aca1000 rw-p 00108000 08:01 17956879                   /lib/x86_64-linux-gnu/libm-2.23.so
7f8f6aca1000-7f8f6b974000 r-xp 00000000 08:01 59244870                   /usr/lib/jvm/java-8-oracle/jre/lib/amd64/server/libjvm.so
7f8f6b974000-7f8f6bb73000 ---p 00cd3000 08:01 59244870                   /usr/lib/jvm/java-8-oracle/jre/lib/amd64/server/libjvm.so
7f8f6bb73000-7f8f6bc4d000 rw-p 00cd2000 08:01 59244870                   /usr/lib/jvm/java-8-oracle/jre/lib/amd64/server/libjvm.so
7f8f6bc4d000-7f8f6bc98000 rw-p 00000000 00:00 0 
7f8f6bc98000-7f8f6be58000 r-xp 00000000 08:01 17961622                   /lib/x86_64-linux-gnu/libc-2.23.so
7f8f6be58000-7f8f6c058000 ---p 001c0000 08:01 17961622                   /lib/x86_64-linux-gnu/libc-2.23.so
7f8f6c058000-7f8f6c05c000 r--p 001c0000 08:01 17961622                   /lib/x86_64-linux-gnu/libc-2.23.so
7f8f6c05c000-7f8f6c05e000 rw-p 001c4000 08:01 17961622                   /lib/x86_64-linux-gnu/libc-2.23.so
7f8f6c05e000-7f8f6c062000 rw-p 00000000 00:00 0 
7f8f6c062000-7f8f6c065000 r-xp 00000000 08:01 17961624                   /lib/x86_64-linux-gnu/libdl-2.23.so
7f8f6c065000-7f8f6c264000 ---p 00003000 08:01 17961624                   /lib/x86_64-linux-gnu/libdl-2.23.so
7f8f6c264000-7f8f6c265000 r--p 00002000 08:01 17961624                   /lib/x86_64-linux-gnu/libdl-2.23.so
7f8f6c265000-7f8f6c266000 rw-p 00003000 08:01 17961624                   /lib/x86_64-linux-gnu/libdl-2.23.so
7f8f6c266000-7f8f6c27c000 r-xp 00000000 08:01 58067584                   /usr/lib/jvm/java-8-oracle/lib/amd64/jli/libjli.so
7f8f6c27c000-7f8f6c47b000 ---p 00016000 08:01 58067584                   /usr/lib/jvm/java-8-oracle/lib/amd64/jli/libjli.so
7f8f6c47b000-7f8f6c47c000 rw-p 00015000 08:01 58067584                   /usr/lib/jvm/java-8-oracle/lib/amd64/jli/libjli.so
7f8f6c47c000-7f8f6c494000 r-xp 00000000 08:01 17961443                   /lib/x86_64-linux-gnu/libpthread-2.23.so
7f8f6c494000-7f8f6c693000 ---p 00018000 08:01 17961443                   /lib/x86_64-linux-gnu/libpthread-2.23.so
7f8f6c693000-7f8f6c694000 r--p 00017000 08:01 17961443                   /lib/x86_64-linux-gnu/libpthread-2.23.so
7f8f6c694000-7f8f6c695000 rw-p 00018000 08:01 17961443                   /lib/x86_64-linux-gnu/libpthread-2.23.so
7f8f6c695000-7f8f6c699000 rw-p 00000000 00:00 0 
7f8f6c699000-7f8f6c6bf000 r-xp 00000000 08:01 17961442                   /lib/x86_64-linux-gnu/ld-2.23.so
7f8f6c6bf000-7f8f6c6c1000 r--s 00003000 08:01 39062423                   /home/sudip/.m2/repository/org/apache/logging/log4j/log4j-to-slf4j/2.11.2/log4j-to-slf4j-2.11.2.jar
7f8f6c6c1000-7f8f6c6c2000 r--s 00000000 08:01 39191327                   /home/sudip/.m2/repository/org/springframework/boot/spring-boot-starter-logging/2.1.4.RELEASE/spring-boot-starter-logging-2.1.4.RELEASE.jar
7f8f6c6c2000-7f8f6c6c3000 r--s 00000000 08:01 39191325                   /home/sudip/.m2/repository/org/springframework/boot/spring-boot-starter/2.1.4.RELEASE/spring-boot-starter-2.1.4.RELEASE.jar
7f8f6c6c3000-7f8f6c6c4000 r--s 00000000 08:01 39191323                   /home/sudip/.m2/repository/org/springframework/boot/spring-boot-starter-actuator/2.1.4.RELEASE/spring-boot-starter-actuator-2.1.4.RELEASE.jar
7f8f6c6c4000-7f8f6c79c000 rw-p 00000000 00:00 0 
7f8f6c79c000-7f8f6c79f000 ---p 00000000 00:00 0 
7f8f6c79f000-7f8f6c8a2000 rw-p 00000000 00:00 0 
7f8f6c8a2000-7f8f6c8a7000 r--s 00084000 08:01 58197538                   /usr/lib/jvm/java-8-oracle/jre/lib/jfr.jar
7f8f6c8a7000-7f8f6c8ac000 r--s 002f9000 08:01 58197559                   /usr/lib/jvm/java-8-oracle/jre/lib/charsets.jar
7f8f6c8ac000-7f8f6c8af000 r--s 0001a000 08:01 58197572                   /usr/lib/jvm/java-8-oracle/jre/lib/jce.jar
7f8f6c8af000-7f8f6c8b4000 r--s 0009a000 08:01 58197566                   /usr/lib/jvm/java-8-oracle/jre/lib/jsse.jar
7f8f6c8b4000-7f8f6c8bc000 rw-s 00000000 08:01 5767638                    /tmp/hsperfdata_sudip/15388
7f8f6c8bc000-7f8f6c8bd000 rw-p 00000000 00:00 0 
7f8f6c8bd000-7f8f6c8be000 r--p 00000000 00:00 0 
7f8f6c8be000-7f8f6c8bf000 r--p 00025000 08:01 17961442                   /lib/x86_64-linux-gnu/ld-2.23.so
7f8f6c8bf000-7f8f6c8c0000 rw-p 00026000 08:01 17961442                   /lib/x86_64-linux-gnu/ld-2.23.so
7f8f6c8c0000-7f8f6c8c1000 rw-p 00000000 00:00 0 
7ffdb2a14000-7ffdb2a37000 rw-p 00000000 00:00 0                          [stack]
7ffdb2af0000-7ffdb2af2000 r--p 00000000 00:00 0                          [vvar]
7ffdb2af2000-7ffdb2af4000 r-xp 00000000 00:00 0                          [vdso]
ffffffffff600000-ffffffffff601000 r-xp 00000000 00:00 0                  [vsyscall]

VM Arguments:
jvm_args: -Dserver.port=8001 -Dfile.encoding=UTF-8 
java_command: com.sudip.mircoservices.currencyexchangeservice.CurrencyExchangeServiceApplication
java_class_path (initial): /usr/lib/jvm/java-8-oracle/jre/lib/resources.jar:/usr/lib/jvm/java-8-oracle/jre/lib/rt.jar:/usr/lib/jvm/java-8-oracle/jre/lib/jsse.jar:/usr/lib/jvm/java-8-oracle/jre/lib/jce.jar:/usr/lib/jvm/java-8-oracle/jre/lib/charsets.jar:/usr/lib/jvm/java-8-oracle/jre/lib/jfr.jar:/usr/lib/jvm/java-8-oracle/jre/lib/ext/sunjce_provider.jar:/usr/lib/jvm/java-8-oracle/jre/lib/ext/jfxrt.jar:/usr/lib/jvm/java-8-oracle/jre/lib/ext/cldrdata.jar:/usr/lib/jvm/java-8-oracle/jre/lib/ext/sunec.jar:/usr/lib/jvm/java-8-oracle/jre/lib/ext/dnsns.jar:/usr/lib/jvm/java-8-oracle/jre/lib/ext/nashorn.jar:/usr/lib/jvm/java-8-oracle/jre/lib/ext/jaccess.jar:/usr/lib/jvm/java-8-oracle/jre/lib/ext/sunpkcs11.jar:/usr/lib/jvm/java-8-oracle/jre/lib/ext/zipfs.jar:/usr/lib/jvm/java-8-oracle/jre/lib/ext/localedata.jar:/home/sudip/eclipse-workspace/currency-exchange-service/target/classes:/home/sudip/.m2/repository/org/springframework/boot/spring-boot-starter-actuator/2.1.4.RELEASE/spring-boot-starter-actuator-2.1.4.RELEASE.jar:/home/sudip/.m2/repository/org/springframework/boot/spring-boot-starter/2.1.4.RELEASE/spring-boot-starter-2.1.4.RELEASE.jar:/home/sudip/.m2/repository/org/springframework/boot/spring-boot-starter-logging/2.1.4.RELEASE/spring-boot-starter-logging-2.1.4.RELEASE.jar:/home/sudip/.m2/repository/ch/qos/logback/logback-classic/1.2.3/logback-classic-1.2.3.jar:/home/sudip/.m2/repository/ch/qos/logback/logback-core/1.2.3/logback-core-1.2.3.jar:/home/sudip/.m2/repository/org/apache/logging/log4j/log4j-to-slf4j/2.11.2/log4j-to-slf4j-2.11.2.jar:/home/sudip/.m2/repository/org/apache/logging/log4j/log4j-api/2.11.2/log4j-api-2.11.2.jar:/home/sudip/.m2/repository/org/slf4j/jul-to-slf4j/1.7.26/jul-to-slf4j-1.7.26.jar:/home/sudip/.m2/repository/javax/annotation/javax.annotation-api/1.3.2/javax.annotation-api-1.3.2.jar:/home/sudip/.m2/repository/org/yaml/snakeyaml/1.23/snakeyaml-1.23.jar:/home/sudip/.m2/repository/org/springframework/boot/spring-boot-actuator-autoconfigure/2.1.4
Launcher Type: SUN_STANDARD

Environment Variables:
PATH=/home/sudip/bin:/home/sudip/.local/bin:/usr/local/sbin:/usr/local/bin:/usr/sbin:/usr/bin:/sbin:/bin:/usr/games:/usr/local/games
SHELL=/bin/bash
DISPLAY=:0

Signal Handlers:
SIGSEGV: [libjvm.so+0xacbe10], sa_mask[0]=11111111011111111101111111111110, sa_flags=SA_RESTART|SA_SIGINFO
SIGBUS: [libjvm.so+0xacbe10], sa_mask[0]=11111111011111111101111111111110, sa_flags=SA_RESTART|SA_SIGINFO
SIGFPE: [libjvm.so+0x924f90], sa_mask[0]=11111111011111111101111111111110, sa_flags=SA_RESTART|SA_SIGINFO
SIGPIPE: [libjvm.so+0x924f90], sa_mask[0]=11111111011111111101111111111110, sa_flags=SA_RESTART|SA_SIGINFO
SIGXFSZ: [libjvm.so+0x924f90], sa_mask[0]=11111111011111111101111111111110, sa_flags=SA_RESTART|SA_SIGINFO
SIGILL: [libjvm.so+0x924f90], sa_mask[0]=11111111011111111101111111111110, sa_flags=SA_RESTART|SA_SIGINFO
SIGUSR1: SIG_DFL, sa_mask[0]=00000000000000000000000000000000, sa_flags=none
SIGUSR2: [libjvm.so+0x9267d0], sa_mask[0]=00100000000000000000000000000000, sa_flags=SA_RESTART|SA_SIGINFO
SIGHUP: [libjvm.so+0x927bd0], sa_mask[0]=11111111011111111101111111111110, sa_flags=SA_RESTART|SA_SIGINFO
SIGINT: [libjvm.so+0x927bd0], sa_mask[0]=11111111011111111101111111111110, sa_flags=SA_RESTART|SA_SIGINFO
SIGTERM: [libjvm.so+0x927bd0], sa_mask[0]=11111111011111111101111111111110, sa_flags=SA_RESTART|SA_SIGINFO
SIGQUIT: [libjvm.so+0x927bd0], sa_mask[0]=11111111011111111101111111111110, sa_flags=SA_RESTART|SA_SIGINFO


---------------  S Y S T E M  ---------------

OS:DISTRIB_ID=LinuxMint
DISTRIB_RELEASE=18.3
DISTRIB_CODENAME=sylvia
DISTRIB_DESCRIPTION="Linux Mint 18.3 Sylvia"

uname:Linux 4.10.0-38-generic #42~16.04.1-Ubuntu SMP Tue Oct 10 16:32:20 UTC 2017 x86_64
libc:glibc 2.23 NPTL 2.23 
rlimit: STACK 8192k, CORE 0k, NPROC 15266, NOFILE 1048576, AS infinity
load average:0.87 0.63 0.42

/proc/meminfo:
MemTotal:        3955240 kB
MemFree:          112008 kB
MemAvailable:     255828 kB
Buffers:           16120 kB
Cached:           559536 kB
SwapCached:       120268 kB
Active:          2929336 kB
Inactive:         700092 kB
Active(anon):    2751284 kB
Inactive(anon):   549348 kB
Active(file):     178052 kB
Inactive(file):   150744 kB
Unevictable:         144 kB
Mlocked:             144 kB
SwapTotal:       4104188 kB
SwapFree:        2566236 kB
Dirty:               388 kB
Writeback:             0 kB
AnonPages:       3017964 kB
Mapped:           313688 kB
Shmem:            246768 kB
Slab:              88344 kB
SReclaimable:      41308 kB
SUnreclaim:        47036 kB
KernelStack:       12880 kB
PageTables:        61284 kB
NFS_Unstable:          0 kB
Bounce:                0 kB
WritebackTmp:          0 kB
CommitLimit:     6081808 kB
Committed_AS:    8584356 kB
VmallocTotal:   34359738367 kB
VmallocUsed:           0 kB
VmallocChunk:          0 kB
HardwareCorrupted:     0 kB
AnonHugePages:   1531904 kB
ShmemHugePages:        0 kB
ShmemPmdMapped:        0 kB
CmaTotal:              0 kB
CmaFree:               0 kB
HugePages_Total:       0
HugePages_Free:        0
HugePages_Rsvd:        0
HugePages_Surp:        0
Hugepagesize:       2048 kB
DirectMap4k:      186304 kB
DirectMap2M:     3919872 kB


CPU:total 4 (initial active 4) (2 cores per cpu, 2 threads per core) family 6 model 42 stepping 7, cmov, cx8, fxsr, mmx, sse, sse2, sse3, ssse3, sse4.1, sse4.2, popcnt, avx, aes, clmul, ht, tsc, tscinvbit

/proc/cpuinfo:
processor	: 0
vendor_id	: GenuineIntel
cpu family	: 6
model		: 42
model name	: Intel(R) Core(TM) i5-2430M CPU @ 2.40GHz
stepping	: 7
microcode	: 0x1a
cpu MHz		: 2699.853
cache size	: 3072 KB
physical id	: 0
siblings	: 4
core id		: 0
cpu cores	: 2
apicid		: 0
initial apicid	: 0
fpu		: yes
fpu_exception	: yes
cpuid level	: 13
wp		: yes
flags		: fpu vme de pse tsc msr pae mce cx8 apic sep mtrr pge mca cmov pat pse36 clflush dts acpi mmx fxsr sse sse2 ss ht tm pbe syscall nx rdtscp lm constant_tsc arch_perfmon pebs bts nopl xtopology nonstop_tsc aperfmperf pni pclmulqdq dtes64 monitor ds_cpl vmx est tm2 ssse3 cx16 xtpr pdcm pcid sse4_1 sse4_2 x2apic popcnt tsc_deadline_timer aes xsave avx lahf_lm epb tpr_shadow vnmi flexpriority ept vpid xsaveopt dtherm ida arat pln pts
bugs		:
bogomips	: 4789.20
clflush size	: 64
cache_alignment	: 64
address sizes	: 36 bits physical, 48 bits virtual
power management:

processor	: 1
vendor_id	: GenuineIntel
cpu family	: 6
model		: 42
model name	: Intel(R) Core(TM) i5-2430M CPU @ 2.40GHz
stepping	: 7
microcode	: 0x1a
cpu MHz		: 2700.000
cache size	: 3072 KB
physical id	: 0
siblings	: 4
core id		: 0
cpu cores	: 2
apicid		: 1
initial apicid	: 1
fpu		: yes
fpu_exception	: yes
cpuid level	: 13
wp		: yes
flags		: fpu vme de pse tsc msr pae mce cx8 apic sep mtrr pge mca cmov pat pse36 clflush dts acpi mmx fxsr sse sse2 ss ht tm pbe syscall nx rdtscp lm constant_tsc arch_perfmon pebs bts nopl xtopology nonstop_tsc aperfmperf pni pclmulqdq dtes64 monitor ds_cpl vmx est tm2 ssse3 cx16 xtpr pdcm pcid sse4_1 sse4_2 x2apic popcnt tsc_deadline_timer aes xsave avx lahf_lm epb tpr_shadow vnmi flexpriority ept vpid xsaveopt dtherm ida arat pln pts
bugs		:
bogomips	: 4789.20
clflush size	: 64
cache_alignment	: 64
address sizes	: 36 bits physical, 48 bits virtual
power management:

processor	: 2
vendor_id	: GenuineIntel
cpu family	: 6
model		: 42
model name	: Intel(R) Core(TM) i5-2430M CPU @ 2.40GHz
stepping	: 7
microcode	: 0x1a
cpu MHz		: 2699.853
cache size	: 3072 KB
physical id	: 0
siblings	: 4
core id		: 1
cpu cores	: 2
apicid		: 2
initial apicid	: 2
fpu		: yes
fpu_exception	: yes
cpuid level	: 13
wp		: yes
flags		: fpu vme de pse tsc msr pae mce cx8 apic sep mtrr pge mca cmov pat pse36 clflush dts acpi mmx fxsr sse sse2 ss ht tm pbe syscall nx rdtscp lm constant_tsc arch_perfmon pebs bts nopl xtopology nonstop_tsc aperfmperf pni pclmulqdq dtes64 monitor ds_cpl vmx est tm2 ssse3 cx16 xtpr pdcm pcid sse4_1 sse4_2 x2apic popcnt tsc_deadline_timer aes xsave avx lahf_lm epb tpr_shadow vnmi flexpriority ept vpid xsaveopt dtherm ida arat pln pts
bugs		:
bogomips	: 4789.20
clflush size	: 64
cache_alignment	: 64
address sizes	: 36 bits physical, 48 bits virtual
power management:

processor	: 3
vendor_id	: GenuineIntel
cpu family	: 6
model		: 42
model name	: Intel(R) Core(TM) i5-2430M CPU @ 2.40GHz
stepping	: 7
microcode	: 0x1a
cpu MHz		: 2699.853
cache size	: 3072 KB
physical id	: 0
siblings	: 4
core id		: 1
cpu cores	: 2
apicid		: 3
initial apicid	: 3
fpu		: yes
fpu_exception	: yes
cpuid level	: 13
wp		: yes
flags		: fpu vme de pse tsc msr pae mce cx8 apic sep mtrr pge mca cmov pat pse36 clflush dts acpi mmx fxsr sse sse2 ss ht tm pbe syscall nx rdtscp lm constant_tsc arch_perfmon pebs bts nopl xtopology nonstop_tsc aperfmperf pni pclmulqdq dtes64 monitor ds_cpl vmx est tm2 ssse3 cx16 xtpr pdcm pcid sse4_1 sse4_2 x2apic popcnt tsc_deadline_timer aes xsave avx lahf_lm epb tpr_shadow vnmi flexpriority ept vpid xsaveopt dtherm ida arat pln pts
bugs		:
bogomips	: 4789.20
clflush size	: 64
cache_alignment	: 64
address sizes	: 36 bits physical, 48 bits virtual
power management:



Memory: 4k page, physical 3955240k(112008k free), swap 4104188k(2566236k free)

vm_info: Java HotSpot(TM) 64-Bit Server VM (25.151-b12) for linux-amd64 JRE (1.8.0_151-b12), built on Sep  5 2017 19:20:58 by "java_re" with gcc 4.3.0 20080428 (Red Hat 4.3.0-8)

time: Tue Apr 23 16:04:11 2019
elapsed time: 4 seconds (0d 0h 0m 4s)

