#
# A fatal error has been detected by the Java Runtime Environment:
#
#  SIGSEGV (0xb) at pc=0x00007f5705ee5a40, pid=12200, tid=0x00007f56f09fc700
#
# JRE version: Java(TM) SE Runtime Environment (8.0_151-b12) (build 1.8.0_151-b12)
# Java VM: Java HotSpot(TM) 64-Bit Server VM (25.151-b12 mixed mode linux-amd64 compressed oops)
# Problematic frame:
# V  [libjvm.so+0x906a40]  ObjArrayKlass::oop_follow_contents(ParCompactionManager*, oopDesc*)+0x160
#
# Failed to write core dump. Core dumps have been disabled. To enable core dumping, try "ulimit -c unlimited" before starting Java again
#
# If you would like to submit a bug report, please visit:
#   http://bugreport.java.com/bugreport/crash.jsp
#

---------------  T H R E A D  ---------------

Current thread (0x00007f5700027800):  GCTaskThread [stack: 0x00007f56f08fc000,0x00007f56f09fd000] [id=12208]

siginfo: si_signo: 11 (SIGSEGV), si_code: 128 (SI_KERNEL), si_addr: 0x0000000000000000

Registers:
RAX=0x00007f56ea1d0000, RBX=0x00007f57065a8f80, RCX=0x0000000000000000, RDX=0x007fffffffa23000
RSP=0x00007f56f09fba90, RBP=0x00007f56f09fbb00, RSI=0x0000000000000001, RDI=0x00000000f9a3e4c0
R8 =0x00000000f9a3e3dc, R9 =0x0000000001000000, R10=0x000000000000000e, R11=0x00007f57065a4f60
R12=0x0000000008000000, R13=0x00000000f9a3e514, R14=0x00007f570007b4c0, R15=0x00007f570007b4c0
RIP=0x00007f5705ee5a40, EFLAGS=0x0000000000010206, CSGSFS=0x002b000000000033, ERR=0x0000000000000000
  TRAPNO=0x000000000000000d

Top of Stack: (sp=0x00007f56f09fba90)
0x00007f56f09fba90:   00000000f9a3e4c0 00000000f9a3e530
0x00007f56f09fbaa0:   0000000000000018 00000000f9a3e3b8
0x00007f56f09fbab0:   00000001000c8268 00007f570007b500
0x00007f56f09fbac0:   00007f570655dae8 0000000000000018
0x00007f56f09fbad0:   00000000f9a3cb60 00007f57065a4f60
0x00007f56f09fbae0:   00007f570007b4c0 00007f5700027f60
0x00007f56f09fbaf0:   00007f570007b4c0 00007f570002d870
0x00007f56f09fbb00:   00007f56f09fbc90 00007f5705f5eea2
0x00007f56f09fbb10:   00007f56f09fbb90 00000000f9c7c1dc
0x00007f56f09fbb20:   00007f570007b4d0 00007f56f09fbc40
0x00007f56f09fbb30:   00007f56f09fbc10 00007f56f09fbbf0
0x00007f56f09fbb40:   00007f56f09fbbe0 00007f56f09fbbd0
0x00007f56f09fbb50:   00007f56f09fbbc0 00007f56f09fbbb0
0x00007f56f09fbb60:   00000000f9c7c1d5 00007f570007b580
0x00007f56f09fbb70:   00007f570007bb00 00000000f9d1ca80
0x00007f56f09fbb80:   00000000f1dd1c18 0000000000000005
0x00007f56f09fbb90:   0000000000000000 0000000000000002
0x00007f56f09fbba0:   00007f570007b500 00007f56f09fbc58
0x00007f56f09fbbb0:   00007f56f09fbc30 00007f5706599eb9
0x00007f56f09fbbc0:   00000001000067b0 00007f570007bb00
0x00007f56f09fbbd0:   00000000f9a71a15 00007f5705c32210
0x00007f56f09fbbe0:   00007f5700028b28 0000000000000000
0x00007f56f09fbbf0:   00007f5706dc54ff 00000000f9d1c880
0x00007f56f09fbc00:   00007f570007bb00 00007f5706575990
0x00007f56f09fbc10:   0000000000000000 00007f570007bb68
0x00007f56f09fbc20:   00007f5700028b28 0000000000000c00
0x00007f56f09fbc30:   0000000000000000 0000000000000000
0x00007f56f09fbc40:   00007f56f09fbc00 00007f5680062000
0x00007f56f09fbc50:   0000000000000001 00000000f9a3e4c0
0x00007f56f09fbc60:   00007f5700027800 00007f56f09fbd20
0x00007f56f09fbc70:   00007f5700027f20 00007f5700027f60
0x00007f56f09fbc80:   00007f570007b4c0 00007f570002d870 

Instructions: (pc=0x00007f5705ee5a40)
0x00007f5705ee5a20:   c1 48 8b 43 30 48 c1 ee 03 48 d3 ee 48 89 f2 89
0x00007f5705ee5a30:   f1 be 01 00 00 00 83 e1 3f 48 c1 ea 06 48 d3 e6
0x00007f5705ee5a40:   48 85 34 d0 75 9a 48 8b 05 63 33 67 00 80 38 00
0x00007f5705ee5a50:   0f 85 ba 02 00 00 49 8b 74 24 08 4c 89 e7 e8 cd 

Register to memory mapping:

RAX=0x00007f56ea1d0000 is an unknown value
RBX=0x00007f57065a8f80: <offset 0xfc9f80> in /usr/lib/jvm/java-8-oracle/jre/lib/amd64/server/libjvm.so at 0x00007f57055df000
RCX=0x0000000000000000 is an unknown value
RDX=0x007fffffffa23000 is an unknown value
RSP=0x00007f56f09fba90 is an unknown value
RBP=0x00007f56f09fbb00 is an unknown value
RSI=0x0000000000000001 is an unknown value
RDI=0x00000000f9a3e4c0 is an oop
[Lorg.springframework.boot.context.properties.source.ConfigurationPropertyName$ElementType; 
 - klass: 'org/springframework/boot/context/properties/source/ConfigurationPropertyName$ElementType'[]
 - length: 24
R8 =0x00000000f9a3e3dc is an unknown value
R9 =0x0000000001000000 is an unknown value
R10=0x000000000000000e is an unknown value
R11=0x00007f57065a4f60: <offset 0xfc5f60> in /usr/lib/jvm/java-8-oracle/jre/lib/amd64/server/libjvm.so at 0x00007f57055df000
R12=0x0000000008000000 is an unknown value
R13=0x00000000f9a3e514 is an unknown value
R14=0x00007f570007b4c0 is an unknown value
R15=0x00007f570007b4c0 is an unknown value


Stack: [0x00007f56f08fc000,0x00007f56f09fd000],  sp=0x00007f56f09fba90,  free space=1022k
Native frames: (J=compiled Java code, j=interpreted, Vv=VM code, C=native code)
V  [libjvm.so+0x906a40]  ObjArrayKlass::oop_follow_contents(ParCompactionManager*, oopDesc*)+0x160
V  [libjvm.so+0x97fea2]  ParCompactionManager::follow_marking_stacks()+0x232
V  [libjvm.so+0x9657fe]  ThreadRootsMarkingTask::do_it(GCTaskManager*, unsigned int)+0x12e
V  [libjvm.so+0x5daecf]  GCTaskThread::run()+0x12f
V  [libjvm.so+0x92a728]  java_start(Thread*)+0x108


---------------  P R O C E S S  ---------------

Java Threads: ( => current thread )
  0x00007f56a8005000 JavaThread "Thread-24" [_thread_blocked, id=12380, stack(0x00007f56e3c70000,0x00007f56e3d71000)]
  0x00007f5680062000 JavaThread "http-nio-8080-Acceptor-0" daemon [_thread_blocked, id=12378, stack(0x00007f56a20e5000,0x00007f56a21e6000)]
  0x00007f5690001000 JavaThread "PollingServerListUpdater-1" daemon [_thread_blocked, id=12257, stack(0x00007f566b6fb000,0x00007f566b7fc000)]
  0x00007f56742f3800 JavaThread "PollingServerListUpdater-0" daemon [_thread_blocked, id=12256, stack(0x00007f566b9fc000,0x00007f566bafd000)]
  0x00007f5700010800 JavaThread "DestroyJavaVM" [_thread_blocked, id=12206, stack(0x00007f57070da000,0x00007f57071db000)]
  0x00007f57000cf000 JavaThread "Service Thread" daemon [_thread_blocked, id=12219, stack(0x00007f56e81e3000,0x00007f56e82e4000)]
  0x00007f57000c4000 JavaThread "C1 CompilerThread2" daemon [_thread_blocked, id=12218, stack(0x00007f56e82e4000,0x00007f56e83e5000)]
  0x00007f57000c2000 JavaThread "C2 CompilerThread1" daemon [_thread_blocked, id=12217, stack(0x00007f56e83e5000,0x00007f56e84e6000)]
  0x00007f57000bf000 JavaThread "C2 CompilerThread0" daemon [_thread_blocked, id=12216, stack(0x00007f56e84e6000,0x00007f56e85e7000)]
  0x00007f57000bd800 JavaThread "Signal Dispatcher" daemon [_thread_blocked, id=12215, stack(0x00007f56e85e7000,0x00007f56e86e8000)]
  0x00007f570008a800 JavaThread "Finalizer" daemon [_thread_blocked, id=12213, stack(0x00007f56e89c0000,0x00007f56e8ac1000)]
  0x00007f5700086000 JavaThread "Reference Handler" daemon [_thread_blocked, id=12212, stack(0x00007f56e8ac1000,0x00007f56e8bc2000)]

Other Threads:
  0x00007f570007e800 VMThread [stack: 0x00007f56e8bc2000,0x00007f56e8cc3000] [id=12211]
  0x00007f57000d2000 WatcherThread [stack: 0x00007f56e80e2000,0x00007f56e81e3000] [id=12220]

=>0x00007f5700027800 (exited) GCTaskThread [stack: 0x00007f56f08fc000,0x00007f56f09fd000] [id=12208]

VM state:at safepoint (normal execution)

VM Mutex/Monitor currently owned by a thread:  ([mutex/lock_event])
[0x00007f570000ce90] Threads_lock - owner thread: 0x00007f570007e800
[0x00007f570000d390] Heap_lock - owner thread: 0x00007f56a8005000

Heap:
 PSYoungGen      total 230400K, used 6098K [0x00000000ebe00000, 0x00000000fb900000, 0x0000000100000000)
  eden space 224256K, 0% used [0x00000000ebe00000,0x00000000ebe00000,0x00000000f9900000)
  from space 6144K, 99% used [0x00000000f9900000,0x00000000f9ef49d8,0x00000000f9f00000)
  to   space 16384K, 0% used [0x00000000fa900000,0x00000000fa900000,0x00000000fb900000)
 ParOldGen       total 57344K, used 33576K [0x00000000c3a00000, 0x00000000c7200000, 0x00000000ebe00000)
  object space 57344K, 58% used [0x00000000c3a00000,0x00000000c5aca0e0,0x00000000c7200000)
 Metaspace       used 56237K, capacity 59314K, committed 59560K, reserved 1101824K
  class space    used 7413K, capacity 7989K, committed 8112K, reserved 1048576K

Card table byte_map: [0x00007f5704053000,0x00007f5704237000] byte_map_base: 0x00007f5703a36000

Marking Bits: (ParMarkBitMap*) 0x00007f57065a8f80
 Begin Bits: [0x00007f56ea1d0000, 0x00007f56eb0e8000)
 End Bits:   [0x00007f56eb0e8000, 0x00007f56ec000000)

Polling page: 0x00007f57071fb000

CodeCache: size=245760Kb used=19704Kb max_used=19714Kb free=226055Kb
 bounds [0x00007f56f1000000, 0x00007f56f2370000, 0x00007f5700000000]
 total_blobs=6405 nmethods=5895 adapters=422
 compilation: enabled

Compilation events (10 events):
Event: 164.796 Thread 0x00007f57000c4000 nmethod 6983 0x00007f56f18c4490 code [0x00007f56f18c46e0, 0x00007f56f18c5618]
Event: 164.797 Thread 0x00007f57000c4000 6984       3       com.sun.jmx.interceptor.DefaultMBeanServerInterceptor$ResourceContext$1::unregistered (1 bytes)
Event: 164.798 Thread 0x00007f57000c4000 nmethod 6984 0x00007f56f1697490 code [0x00007f56f16975e0, 0x00007f56f1697730]
Event: 164.808 Thread 0x00007f57000c4000 6985       3       org.apache.tomcat.util.collections.ManagedConcurrentWeakHashMap$Key::<init> (15 bytes)
Event: 164.809 Thread 0x00007f57000c4000 nmethod 6985 0x00007f56f2336c50 code [0x00007f56f2336de0, 0x00007f56f23371c8]
Event: 164.810 Thread 0x00007f57000c4000 6986       3       java.util.concurrent.locks.AbstractQueuedSynchronizer::shouldParkAfterFailedAcquire (50 bytes)
Event: 164.811 Thread 0x00007f57000bf000 nmethod 6978 0x00007f56f14600d0 code [0x00007f56f14602c0, 0x00007f56f14608f0]
Event: 164.811 Thread 0x00007f57000c4000 nmethod 6986 0x00007f56f1f8d4d0 code [0x00007f56f1f8d660, 0x00007f56f1f8d990]
Event: 164.811 Thread 0x00007f57000c4000 6987       1       org.apache.catalina.core.StandardHost::getName (5 bytes)
Event: 164.811 Thread 0x00007f57000c4000 nmethod 6987 0x00007f56f1f84b50 code [0x00007f56f1f84ca0, 0x00007f56f1f84db0]

GC Heap History (10 events):
Event: 115.718 GC heap after
Heap after GC invocations=17 (full 3):
 PSYoungGen      total 202752K, used 0K [0x00000000ebe00000, 0x00000000f9600000, 0x0000000100000000)
  eden space 185344K, 0% used [0x00000000ebe00000,0x00000000ebe00000,0x00000000f7300000)
  from space 17408K, 0% used [0x00000000f8500000,0x00000000f8500000,0x00000000f9600000)
  to   space 17920K, 0% used [0x00000000f7300000,0x00000000f7300000,0x00000000f8480000)
 ParOldGen       total 57344K, used 29987K [0x00000000c3a00000, 0x00000000c7200000, 0x00000000ebe00000)
  object space 57344K, 52% used [0x00000000c3a00000,0x00000000c5748eb8,0x00000000c7200000)
 Metaspace       used 55083K, capacity 57764K, committed 58024K, reserved 1099776K
  class space    used 7352K, capacity 7836K, committed 7856K, reserved 1048576K
}
Event: 117.846 GC heap before
{Heap before GC invocations=18 (full 3):
 PSYoungGen      total 202752K, used 185344K [0x00000000ebe00000, 0x00000000f9600000, 0x0000000100000000)
  eden space 185344K, 100% used [0x00000000ebe00000,0x00000000f7300000,0x00000000f7300000)
  from space 17408K, 0% used [0x00000000f8500000,0x00000000f8500000,0x00000000f9600000)
  to   space 17920K, 0% used [0x00000000f7300000,0x00000000f7300000,0x00000000f8480000)
 ParOldGen       total 57344K, used 29987K [0x00000000c3a00000, 0x00000000c7200000, 0x00000000ebe00000)
  object space 57344K, 52% used [0x00000000c3a00000,0x00000000c5748eb8,0x00000000c7200000)
 Metaspace       used 55706K, capacity 58682K, committed 58920K, reserved 1099776K
  class space    used 7393K, capacity 7929K, committed 7984K, reserved 1048576K
Event: 117.863 GC heap after
Heap after GC invocations=18 (full 3):
 PSYoungGen      total 203264K, used 7595K [0x00000000ebe00000, 0x00000000fbb00000, 0x0000000100000000)
  eden space 185344K, 0% used [0x00000000ebe00000,0x00000000ebe00000,0x00000000f7300000)
  from space 17920K, 42% used [0x00000000f7300000,0x00000000f7a6afd0,0x00000000f8480000)
  to   space 17408K, 0% used [0x00000000faa00000,0x00000000faa00000,0x00000000fbb00000)
 ParOldGen       total 57344K, used 29995K [0x00000000c3a00000, 0x00000000c7200000, 0x00000000ebe00000)
  object space 57344K, 52% used [0x00000000c3a00000,0x00000000c574aeb8,0x00000000c7200000)
 Metaspace       used 55706K, capacity 58682K, committed 58920K, reserved 1099776K
  class space    used 7393K, capacity 7929K, committed 7984K, reserved 1048576K
}
Event: 157.171 GC heap before
{Heap before GC invocations=19 (full 3):
 PSYoungGen      total 203264K, used 39312K [0x00000000ebe00000, 0x00000000fbb00000, 0x0000000100000000)
  eden space 185344K, 17% used [0x00000000ebe00000,0x00000000edcf91c0,0x00000000f7300000)
  from space 17920K, 42% used [0x00000000f7300000,0x00000000f7a6afd0,0x00000000f8480000)
  to   space 17408K, 0% used [0x00000000faa00000,0x00000000faa00000,0x00000000fbb00000)
 ParOldGen       total 57344K, used 29995K [0x00000000c3a00000, 0x00000000c7200000, 0x00000000ebe00000)
  object space 57344K, 52% used [0x00000000c3a00000,0x00000000c574aeb8,0x00000000c7200000)
 Metaspace       used 55813K, capacity 58776K, committed 58920K, reserved 1099776K
  class space    used 7395K, capacity 7935K, committed 7984K, reserved 1048576K
Event: 157.177 GC heap after
Heap after GC invocations=19 (full 3):
 PSYoungGen      total 240640K, used 4349K [0x00000000ebe00000, 0x00000000fba00000, 0x0000000100000000)
  eden space 224256K, 0% used [0x00000000ebe00000,0x00000000ebe00000,0x00000000f9900000)
  from space 16384K, 26% used [0x00000000faa00000,0x00000000fae3f450,0x00000000fba00000)
  to   space 16896K, 0% used [0x00000000f9900000,0x00000000f9900000,0x00000000fa980000)
 ParOldGen       total 57344K, used 30003K [0x00000000c3a00000, 0x00000000c7200000, 0x00000000ebe00000)
  object space 57344K, 52% used [0x00000000c3a00000,0x00000000c574ceb8,0x00000000c7200000)
 Metaspace       used 55813K, capacity 58776K, committed 58920K, reserved 1099776K
  class space    used 7395K, capacity 7935K, committed 7984K, reserved 1048576K
}
Event: 157.177 GC heap before
{Heap before GC invocations=20 (full 4):
 PSYoungGen      total 240640K, used 4349K [0x00000000ebe00000, 0x00000000fba00000, 0x0000000100000000)
  eden space 224256K, 0% used [0x00000000ebe00000,0x00000000ebe00000,0x00000000f9900000)
  from space 16384K, 26% used [0x00000000faa00000,0x00000000fae3f450,0x00000000fba00000)
  to   space 16896K, 0% used [0x00000000f9900000,0x00000000f9900000,0x00000000fa980000)
 ParOldGen       total 57344K, used 30003K [0x00000000c3a00000, 0x00000000c7200000, 0x00000000ebe00000)
  object space 57344K, 52% used [0x00000000c3a00000,0x00000000c574ceb8,0x00000000c7200000)
 Metaspace       used 55813K, capacity 58776K, committed 58920K, reserved 1099776K
  class space    used 7395K, capacity 7935K, committed 7984K, reserved 1048576K
Event: 157.431 GC heap after
Heap after GC invocations=20 (full 4):
 PSYoungGen      total 240640K, used 0K [0x00000000ebe00000, 0x00000000fba00000, 0x0000000100000000)
  eden space 224256K, 0% used [0x00000000ebe00000,0x00000000ebe00000,0x00000000f9900000)
  from space 16384K, 0% used [0x00000000faa00000,0x00000000faa00000,0x00000000fba00000)
  to   space 16896K, 0% used [0x00000000f9900000,0x00000000f9900000,0x00000000fa980000)
 ParOldGen       total 57344K, used 33568K [0x00000000c3a00000, 0x00000000c7200000, 0x00000000ebe00000)
  object space 57344K, 58% used [0x00000000c3a00000,0x00000000c5ac80e0,0x00000000c7200000)
 Metaspace       used 55813K, capacity 58776K, committed 58920K, reserved 1099776K
  class space    used 7395K, capacity 7935K, committed 7984K, reserved 1048576K
}
Event: 164.812 GC heap before
{Heap before GC invocations=21 (full 4):
 PSYoungGen      total 240640K, used 210210K [0x00000000ebe00000, 0x00000000fba00000, 0x0000000100000000)
  eden space 224256K, 93% used [0x00000000ebe00000,0x00000000f8b48a38,0x00000000f9900000)
  from space 16384K, 0% used [0x00000000faa00000,0x00000000faa00000,0x00000000fba00000)
  to   space 16896K, 0% used [0x00000000f9900000,0x00000000f9900000,0x00000000fa980000)
 ParOldGen       total 57344K, used 33568K [0x00000000c3a00000, 0x00000000c7200000, 0x00000000ebe00000)
  object space 57344K, 58% used [0x00000000c3a00000,0x00000000c5ac80e0,0x00000000c7200000)
 Metaspace       used 56237K, capacity 59314K, committed 59560K, reserved 1101824K
  class space    used 7413K, capacity 7989K, committed 8112K, reserved 1048576K
Event: 164.820 GC heap after
Heap after GC invocations=21 (full 4):
 PSYoungGen      total 230400K, used 6098K [0x00000000ebe00000, 0x00000000fb900000, 0x0000000100000000)
  eden space 224256K, 0% used [0x00000000ebe00000,0x00000000ebe00000,0x00000000f9900000)
  from space 6144K, 99% used [0x00000000f9900000,0x00000000f9ef49d8,0x00000000f9f00000)
  to   space 16384K, 0% used [0x00000000fa900000,0x00000000fa900000,0x00000000fb900000)
 ParOldGen       total 57344K, used 33576K [0x00000000c3a00000, 0x00000000c7200000, 0x00000000ebe00000)
  object space 57344K, 58% used [0x00000000c3a00000,0x00000000c5aca0e0,0x00000000c7200000)
 Metaspace       used 56237K, capacity 59314K, committed 59560K, reserved 1101824K
  class space    used 7413K, capacity 7989K, committed 8112K, reserved 1048576K
}
Event: 164.820 GC heap before
{Heap before GC invocations=22 (full 5):
 PSYoungGen      total 230400K, used 6098K [0x00000000ebe00000, 0x00000000fb900000, 0x0000000100000000)
  eden space 224256K, 0% used [0x00000000ebe00000,0x00000000ebe00000,0x00000000f9900000)
  from space 6144K, 99% used [0x00000000f9900000,0x00000000f9ef49d8,0x00000000f9f00000)
  to   space 16384K, 0% used [0x00000000fa900000,0x00000000fa900000,0x00000000fb900000)
 ParOldGen       total 57344K, used 33576K [0x00000000c3a00000, 0x00000000c7200000, 0x00000000ebe00000)
  object space 57344K, 58% used [0x00000000c3a00000,0x00000000c5aca0e0,0x00000000c7200000)
 Metaspace       used 56237K, capacity 59314K, committed 59560K, reserved 1101824K
  class space    used 7413K, capacity 7989K, committed 8112K, reserved 1048576K

Deoptimization events (10 events):
Event: 111.551 Thread 0x00007f56b10c9000 Uncommon trap: reason=unstable_if action=reinterpret pc=0x00007f56f128afec method=java.util.AbstractCollection.containsAll(Ljava/util/Collection;)Z @ 28
Event: 115.469 Thread 0x00007f5698005000 Uncommon trap: reason=unstable_if action=reinterpret pc=0x00007f56f13dad84 method=java.util.BitSet.get(I)Z @ 60
Event: 115.478 Thread 0x00007f5698005000 Uncommon trap: reason=bimorphic action=maybe_recompile pc=0x00007f56f12a4034 method=java.util.HashMap.removeNode(ILjava/lang/Object;Ljava/lang/Object;ZZ)Ljava/util/HashMap$Node; @ 283
Event: 115.480 Thread 0x00007f5698005000 Uncommon trap: reason=unstable_if action=reinterpret pc=0x00007f56f125a56c method=java.lang.AbstractStringBuilder.append(Ljava/lang/String;)Ljava/lang/AbstractStringBuilder; @ 1
Event: 115.718 Thread 0x00007f5700086000 Uncommon trap: reason=unstable_if action=reinterpret pc=0x00007f56f1290610 method=java.lang.ref.Reference.tryHandlePending(Z)Z @ 20
Event: 115.779 Thread 0x00007f569c018000 Uncommon trap: reason=unstable_if action=reinterpret pc=0x00007f56f1fb9734 method=org.springframework.beans.factory.support.DefaultListableBeanFactory.doGetBeanNamesForType(Lorg/springframework/core/ResolvableType;ZZ)[Ljava/lang/String; @ 151
Event: 115.781 Thread 0x00007f569c018000 Uncommon trap: reason=bimorphic action=maybe_recompile pc=0x00007f56f12a4034 method=java.util.HashMap.removeNode(ILjava/lang/Object;Ljava/lang/Object;ZZ)Ljava/util/HashMap$Node; @ 283
Event: 115.784 Thread 0x00007f569c018000 Uncommon trap: reason=bimorphic action=maybe_recompile pc=0x00007f56f12a4034 method=java.util.HashMap.removeNode(ILjava/lang/Object;Ljava/lang/Object;ZZ)Ljava/util/HashMap$Node; @ 283
Event: 115.786 Thread 0x00007f569c018000 Uncommon trap: reason=bimorphic action=maybe_recompile pc=0x00007f56f12a4034 method=java.util.HashMap.removeNode(ILjava/lang/Object;Ljava/lang/Object;ZZ)Ljava/util/HashMap$Node; @ 283
Event: 117.758 Thread 0x00007f569c018000 Uncommon trap: reason=class_check action=maybe_recompile pc=0x00007f56f11e3a70 method=java.lang.String.equals(Ljava/lang/Object;)Z @ 8

Internal exceptions (10 events):
Event: 158.711 Thread 0x00007f56cc02a800 Exception <a 'java/lang/NullPointerException'> (0x00000000f445ca68) thrown at [/HUDSON/workspace/8-2-build-linux-amd64/jdk8u151/9699/hotspot/src/share/vm/runtime/sharedRuntime.cpp, line 605]
Event: 158.713 Thread 0x00007f56cc02a800 Exception <a 'java/io/FileNotFoundException'> (0x00000000f4471c68) thrown at [/HUDSON/workspace/8-2-build-linux-amd64/jdk8u151/9699/hotspot/src/share/vm/prims/jni.cpp, line 709]
Event: 158.999 Thread 0x00007f56cc02a800 Exception <a 'java/io/FileNotFoundException'> (0x00000000f4f5f698) thrown at [/HUDSON/workspace/8-2-build-linux-amd64/jdk8u151/9699/hotspot/src/share/vm/prims/jni.cpp, line 709]
Event: 159.062 Thread 0x00007f56cc02a800 Exception <a 'java/net/BindException'> (0x00000000f53b3d68) thrown at [/HUDSON/workspace/8-2-build-linux-amd64/jdk8u151/9699/hotspot/src/share/vm/prims/jni.cpp, line 709]
Event: 159.554 Thread 0x00007f56cc02a800 Exception <a 'java/lang/NoClassDefFoundError': javax/mail/internet/ParseException> (0x00000000f6e90738) thrown at [/HUDSON/workspace/8-2-build-linux-amd64/jdk8u151/9699/hotspot/src/share/vm/classfile/systemDictionary.cpp, line 199]
Event: 159.635 Thread 0x00007f56cc02a800 Exception <a 'java/lang/NoClassDefFoundError': javax/mail/internet/ParseException> (0x00000000f7547500) thrown at [/HUDSON/workspace/8-2-build-linux-amd64/jdk8u151/9699/hotspot/src/share/vm/classfile/systemDictionary.cpp, line 199]
Event: 159.849 Thread 0x00007f5680058000 Exception <a 'java/net/SocketTimeoutException': Read timed out> (0x00000000f7ccdaf0) thrown at [/HUDSON/workspace/8-2-build-linux-amd64/jdk8u151/9699/hotspot/src/share/vm/prims/jni.cpp, line 735]
Event: 161.761 Thread 0x00007f5680058000 Exception <a 'java/net/SocketTimeoutException': Read timed out> (0x00000000f7cdcd20) thrown at [/HUDSON/workspace/8-2-build-linux-amd64/jdk8u151/9699/hotspot/src/share/vm/prims/jni.cpp, line 735]
Event: 164.771 Thread 0x00007f56a8005000 Exception <a 'java/net/SocketTimeoutException': Read timed out> (0x00000000f886cd70) thrown at [/HUDSON/workspace/8-2-build-linux-amd64/jdk8u151/9699/hotspot/src/share/vm/prims/jni.cpp, line 735]
Event: 164.810 Thread 0x00007f5680011000 Exception <a 'java/lang/InterruptedException': sleep interrupted> (0x00000000f8aa8788) thrown at [/HUDSON/workspace/8-2-build-linux-amd64/jdk8u151/9699/hotspot/src/share/vm/prims/jvm.cpp, line 3228]

Events (10 events):
Event: 164.810 Thread 0x00007f57000c4000 flushing nmethod 0x00007f56f1f8f510
Event: 164.811 Executing VM operation: RevokeBias
Event: 164.811 Executing VM operation: RevokeBias done
Event: 164.811 Thread 0x00007f5680053800 Thread exited: 0x00007f5680053800
Event: 164.811 Thread 0x00007f568005a000 Thread exited: 0x00007f568005a000
Event: 164.811 Executing VM operation: RevokeBias
Event: 164.811 Executing VM operation: RevokeBias done
Event: 164.811 Executing VM operation: RevokeBias
Event: 164.811 Executing VM operation: RevokeBias done
Event: 164.812 Executing VM operation: ParallelGCSystemGC


Dynamic libraries:
00400000-00401000 r-xp 00000000 08:01 55058186                           /usr/lib/jvm/java-8-oracle/bin/java
00600000-00601000 rw-p 00000000 08:01 55058186                           /usr/lib/jvm/java-8-oracle/bin/java
021f0000-02211000 rw-p 00000000 00:00 0                                  [heap]
c3a00000-c7200000 rw-p 00000000 00:00 0 
c7200000-ebe00000 ---p 00000000 00:00 0 
ebe00000-fb900000 rw-p 00000000 00:00 0 
fb900000-100000000 ---p 00000000 00:00 0 
100000000-1007ec000 rw-p 00000000 00:00 0 
1007ec000-140000000 ---p 00000000 00:00 0 
7f566b1f8000-7f566b238000 rw-p 00000000 00:00 0 
7f566b238000-7f566b3fb000 ---p 00000000 00:00 0 
7f566b3fb000-7f566b4f9000 rw-p 00000000 00:00 0 
7f566b4f9000-7f566b4fc000 ---p 00000000 00:00 0 
7f566b4fc000-7f566b5fa000 rw-p 00000000 00:00 0 
7f566b5fa000-7f566b5fd000 ---p 00000000 00:00 0 
7f566b5fd000-7f566b6fb000 rw-p 00000000 00:00 0 
7f566b6fb000-7f566b6fe000 ---p 00000000 00:00 0 
7f566b6fe000-7f566b9fc000 rw-p 00000000 00:00 0 
7f566b9fc000-7f566b9ff000 ---p 00000000 00:00 0 
7f566b9ff000-7f566bcfd000 rw-p 00000000 00:00 0 
7f566bcfd000-7f566bd00000 ---p 00000000 00:00 0 
7f566bd00000-7f566bdfe000 rw-p 00000000 00:00 0 
7f566bdfe000-7f566be01000 ---p 00000000 00:00 0 
7f566be01000-7f566beff000 rw-p 00000000 00:00 0 
7f566beff000-7f566bf02000 ---p 00000000 00:00 0 
7f566bf02000-7f566c000000 rw-p 00000000 00:00 0 
7f566c000000-7f566c021000 rw-p 00000000 00:00 0 
7f566c021000-7f5670000000 ---p 00000000 00:00 0 
7f5670000000-7f5670021000 rw-p 00000000 00:00 0 
7f5670021000-7f5674000000 ---p 00000000 00:00 0 
7f5674000000-7f56745ba000 rw-p 00000000 00:00 0 
7f56745ba000-7f5678000000 ---p 00000000 00:00 0 
7f5678000000-7f5678021000 rw-p 00000000 00:00 0 
7f5678021000-7f567c000000 ---p 00000000 00:00 0 
7f567c000000-7f567c021000 rw-p 00000000 00:00 0 
7f567c021000-7f5680000000 ---p 00000000 00:00 0 
7f5680000000-7f56800b6000 rw-p 00000000 00:00 0 
7f56800b6000-7f5684000000 ---p 00000000 00:00 0 
7f5684000000-7f5684132000 rw-p 00000000 00:00 0 
7f5684132000-7f5688000000 ---p 00000000 00:00 0 
7f5688000000-7f5688021000 rw-p 00000000 00:00 0 
7f5688021000-7f568c000000 ---p 00000000 00:00 0 
7f568c000000-7f568c021000 rw-p 00000000 00:00 0 
7f568c021000-7f5690000000 ---p 00000000 00:00 0 
7f5690000000-7f5690021000 rw-p 00000000 00:00 0 
7f5690021000-7f5694000000 ---p 00000000 00:00 0 
7f5694000000-7f5694021000 rw-p 00000000 00:00 0 
7f5694021000-7f5698000000 ---p 00000000 00:00 0 
7f5698000000-7f569802d000 rw-p 00000000 00:00 0 
7f569802d000-7f569c000000 ---p 00000000 00:00 0 
7f569c000000-7f569c030000 rw-p 00000000 00:00 0 
7f569c030000-7f56a0000000 ---p 00000000 00:00 0 
7f56a0076000-7f56a0079000 ---p 00000000 00:00 0 
7f56a0079000-7f56a0177000 rw-p 00000000 00:00 0 
7f56a0177000-7f56a017a000 ---p 00000000 00:00 0 
7f56a017a000-7f56a0278000 rw-p 00000000 00:00 0 
7f56a0278000-7f56a027b000 ---p 00000000 00:00 0 
7f56a027b000-7f56a0379000 rw-p 00000000 00:00 0 
7f56a0379000-7f56a037c000 ---p 00000000 00:00 0 
7f56a037c000-7f56a047a000 rw-p 00000000 00:00 0 
7f56a047a000-7f56a047d000 ---p 00000000 00:00 0 
7f56a047d000-7f56a057b000 rw-p 00000000 00:00 0 
7f56a057b000-7f56a057e000 ---p 00000000 00:00 0 
7f56a057e000-7f56a067c000 rw-p 00000000 00:00 0 
7f56a067c000-7f56a067f000 ---p 00000000 00:00 0 
7f56a067f000-7f56a077d000 rw-p 00000000 00:00 0 
7f56a077d000-7f56a0780000 ---p 00000000 00:00 0 
7f56a0780000-7f56a087e000 rw-p 00000000 00:00 0 
7f56a087e000-7f56a0881000 ---p 00000000 00:00 0 
7f56a0881000-7f56a097f000 rw-p 00000000 00:00 0 
7f56a097f000-7f56a0982000 ---p 00000000 00:00 0 
7f56a0982000-7f56a0a80000 rw-p 00000000 00:00 0 
7f56a0a80000-7f56a0a83000 ---p 00000000 00:00 0 
7f56a0a83000-7f56a0b81000 rw-p 00000000 00:00 0 
7f56a0b81000-7f56a0b84000 ---p 00000000 00:00 0 
7f56a0b84000-7f56a0c82000 rw-p 00000000 00:00 0 
7f56a0c82000-7f56a0c85000 ---p 00000000 00:00 0 
7f56a0c85000-7f56a0d83000 rw-p 00000000 00:00 0 
7f56a0d83000-7f56a0d86000 ---p 00000000 00:00 0 
7f56a0d86000-7f56a1084000 rw-p 00000000 00:00 0 
7f56a1084000-7f56a1087000 ---p 00000000 00:00 0 
7f56a1087000-7f56a1185000 rw-p 00000000 00:00 0 
7f56a1185000-7f56a1188000 ---p 00000000 00:00 0 
7f56a1188000-7f56a1486000 rw-p 00000000 00:00 0 
7f56a1486000-7f56a149c000 r-xp 00000000 08:01 17961359                   /lib/x86_64-linux-gnu/libgcc_s.so.1
7f56a149c000-7f56a169b000 ---p 00016000 08:01 17961359                   /lib/x86_64-linux-gnu/libgcc_s.so.1
7f56a169b000-7f56a169c000 rw-p 00015000 08:01 17961359                   /lib/x86_64-linux-gnu/libgcc_s.so.1
7f56a169c000-7f56a16ce000 r-xp 00000000 08:01 59244849                   /usr/lib/jvm/java-8-oracle/jre/lib/amd64/libsunec.so
7f56a16ce000-7f56a18cd000 ---p 00032000 08:01 59244849                   /usr/lib/jvm/java-8-oracle/jre/lib/amd64/libsunec.so
7f56a18cd000-7f56a18d3000 rw-p 00031000 08:01 59244849                   /usr/lib/jvm/java-8-oracle/jre/lib/amd64/libsunec.so
7f56a18d3000-7f56a1ae3000 rw-p 00000000 00:00 0 
7f56a1ae3000-7f56a1ae6000 ---p 00000000 00:00 0 
7f56a1ae6000-7f56a1de4000 rw-p 00000000 00:00 0 
7f56a1de4000-7f56a1fe4000 rw-p 00000000 00:00 0 
7f56a1fe4000-7f56a1fe7000 ---p 00000000 00:00 0 
7f56a1fe7000-7f56a20e5000 rw-p 00000000 00:00 0 
7f56a20e5000-7f56a20e8000 ---p 00000000 00:00 0 
7f56a20e8000-7f56a23e6000 rw-p 00000000 00:00 0 
7f56a23e6000-7f56a25e6000 rw-p 00000000 00:00 0 
7f56a25e6000-7f56a27e6000 rw-p 00000000 00:00 0 
7f56a27e6000-7f56a29e4000 rw-p 00000000 00:00 0 
7f56a29e4000-7f56a29e6000 ---p 00000000 00:00 0 
7f56a29e6000-7f56a2be6000 rw-p 00000000 00:00 0 
7f56a2be6000-7f56a2de6000 rw-p 00000000 00:00 0 
7f56a2de6000-7f56a2fe6000 rw-p 00000000 00:00 0 
7f56a2fe6000-7f56a2ff7000 r-xp 00000000 08:01 59244900                   /usr/lib/jvm/java-8-oracle/jre/lib/amd64/libnio.so
7f56a2ff7000-7f56a31f6000 ---p 00011000 08:01 59244900                   /usr/lib/jvm/java-8-oracle/jre/lib/amd64/libnio.so
7f56a31f6000-7f56a31f7000 rw-p 00010000 08:01 59244900                   /usr/lib/jvm/java-8-oracle/jre/lib/amd64/libnio.so
7f56a31f7000-7f56a33f7000 rw-p 00000000 00:00 0 
7f56a33f7000-7f56a35f7000 rw-p 00000000 00:00 0 
7f56a35f7000-7f56a37f7000 rw-p 00000000 00:00 0 
7f56a37f7000-7f56a39f7000 rw-p 00000000 00:00 0 
7f56a39f7000-7f56a3bf7000 rw-p 00000000 00:00 0 
7f56a3bf7000-7f56a3c00000 r-xp 00000000 08:01 59244905                   /usr/lib/jvm/java-8-oracle/jre/lib/amd64/libmanagement.so
7f56a3c00000-7f56a3dff000 ---p 00009000 08:01 59244905                   /usr/lib/jvm/java-8-oracle/jre/lib/amd64/libmanagement.so
7f56a3dff000-7f56a3e00000 rw-p 00008000 08:01 59244905                   /usr/lib/jvm/java-8-oracle/jre/lib/amd64/libmanagement.so
7f56a3e00000-7f56a4000000 rw-p 00000000 00:00 0 
7f56a4000000-7f56a43bb000 rw-p 00000000 00:00 0 
7f56a43bb000-7f56a8000000 ---p 00000000 00:00 0 
7f56a8000000-7f56a8291000 rw-p 00000000 00:00 0 
7f56a8291000-7f56ac000000 ---p 00000000 00:00 0 
7f56ac000000-7f56ac021000 rw-p 00000000 00:00 0 
7f56ac021000-7f56b0000000 ---p 00000000 00:00 0 
7f56b0000000-7f56b153b000 rw-p 00000000 00:00 0 
7f56b153b000-7f56b4000000 ---p 00000000 00:00 0 
7f56b4000000-7f56b4021000 rw-p 00000000 00:00 0 
7f56b4021000-7f56b8000000 ---p 00000000 00:00 0 
7f56b8000000-7f56b8021000 rw-p 00000000 00:00 0 
7f56b8021000-7f56bc000000 ---p 00000000 00:00 0 
7f56bc000000-7f56be0b7000 rw-p 00000000 00:00 0 
7f56be0b7000-7f56c0000000 ---p 00000000 00:00 0 
7f56c0000000-7f56c1560000 rw-p 00000000 00:00 0 
7f56c1560000-7f56c4000000 ---p 00000000 00:00 0 
7f56c4000000-7f56c4021000 rw-p 00000000 00:00 0 
7f56c4021000-7f56c8000000 ---p 00000000 00:00 0 
7f56c8000000-7f56c9c9e000 rw-p 00000000 00:00 0 
7f56c9c9e000-7f56cc000000 ---p 00000000 00:00 0 
7f56cc000000-7f56cc033000 rw-p 00000000 00:00 0 
7f56cc033000-7f56d0000000 ---p 00000000 00:00 0 
7f56d0000000-7f56d0021000 rw-p 00000000 00:00 0 
7f56d0021000-7f56d4000000 ---p 00000000 00:00 0 
7f56d4000000-7f56d4021000 rw-p 00000000 00:00 0 
7f56d4021000-7f56d8000000 ---p 00000000 00:00 0 
7f56d8000000-7f56d8164000 rw-p 00000000 00:00 0 
7f56d8164000-7f56dc000000 ---p 00000000 00:00 0 
7f56dc000000-7f56dc02a000 rw-p 00000000 00:00 0 
7f56dc02a000-7f56e0000000 ---p 00000000 00:00 0 
7f56e0068000-7f56e006a000 r--s 00009000 08:01 59244744                   /usr/lib/jvm/java-8-oracle/jre/lib/ext/sunec.jar
7f56e006a000-7f56e006d000 r--s 0001a000 08:01 58197572                   /usr/lib/jvm/java-8-oracle/jre/lib/jce.jar
7f56e006d000-7f56e0072000 r--s 002f9000 08:01 58197559                   /usr/lib/jvm/java-8-oracle/jre/lib/charsets.jar
7f56e0072000-7f56e0077000 r--s 0009a000 08:01 58197566                   /usr/lib/jvm/java-8-oracle/jre/lib/jsse.jar
7f56e0077000-7f56e0081000 r--s 00116000 08:01 59244753                   /usr/lib/jvm/java-8-oracle/jre/lib/ext/localedata.jar
7f56e0081000-7f56e0117000 r--s 01110000 08:01 59244747                   /usr/lib/jvm/java-8-oracle/jre/lib/ext/jfxrt.jar
7f56e0117000-7f56e012e000 r-xp 00000000 08:01 17961626                   /lib/x86_64-linux-gnu/libresolv-2.23.so
7f56e012e000-7f56e032e000 ---p 00017000 08:01 17961626                   /lib/x86_64-linux-gnu/libresolv-2.23.so
7f56e032e000-7f56e032f000 r--p 00017000 08:01 17961626                   /lib/x86_64-linux-gnu/libresolv-2.23.so
7f56e032f000-7f56e0330000 rw-p 00018000 08:01 17961626                   /lib/x86_64-linux-gnu/libresolv-2.23.so
7f56e0330000-7f56e0332000 rw-p 00000000 00:00 0 
7f56e0332000-7f56e0337000 r-xp 00000000 08:01 17961632                   /lib/x86_64-linux-gnu/libnss_dns-2.23.so
7f56e0337000-7f56e0537000 ---p 00005000 08:01 17961632                   /lib/x86_64-linux-gnu/libnss_dns-2.23.so
7f56e0537000-7f56e0538000 r--p 00005000 08:01 17961632                   /lib/x86_64-linux-gnu/libnss_dns-2.23.so
7f56e0538000-7f56e0539000 rw-p 00006000 08:01 17961632                   /lib/x86_64-linux-gnu/libnss_dns-2.23.so
7f56e0539000-7f56e0555000 r--s 00393000 08:01 59244746                   /usr/lib/jvm/java-8-oracle/jre/lib/ext/cldrdata.jar
7f56e0555000-7f56e0558000 ---p 00000000 00:00 0 
7f56e0558000-7f56e3657000 rw-p 00000000 00:00 0 
7f56e3657000-7f56e366e000 r-xp 00000000 08:01 59244897                   /usr/lib/jvm/java-8-oracle/jre/lib/amd64/libnet.so
7f56e366e000-7f56e386d000 ---p 00017000 08:01 59244897                   /usr/lib/jvm/java-8-oracle/jre/lib/amd64/libnet.so
7f56e386d000-7f56e386e000 rw-p 00016000 08:01 59244897                   /usr/lib/jvm/java-8-oracle/jre/lib/amd64/libnet.so
7f56e386e000-7f56e3a6e000 rw-p 00000000 00:00 0 
7f56e3a6e000-7f56e3a71000 ---p 00000000 00:00 0 
7f56e3a71000-7f56e3b6f000 rw-p 00000000 00:00 0 
7f56e3b6f000-7f56e3b72000 ---p 00000000 00:00 0 
7f56e3b72000-7f56e3c70000 rw-p 00000000 00:00 0 
7f56e3c70000-7f56e3c73000 ---p 00000000 00:00 0 
7f56e3c73000-7f56e3d71000 rw-p 00000000 00:00 0 
7f56e3d71000-7f56e3d72000 r--s 00005000 08:01 39191385                   /home/sudip/.m2/repository/org/springframework/spring-jcl/5.1.6.RELEASE/spring-jcl-5.1.6.RELEASE.jar
7f56e3d72000-7f56e3d8a000 r--s 00124000 08:01 39191383                   /home/sudip/.m2/repository/org/springframework/spring-core/5.1.6.RELEASE/spring-core-5.1.6.RELEASE.jar
7f56e3d8a000-7f56e3dae000 r--s 00111000 08:01 39191371                   /home/sudip/.m2/repository/org/springframework/boot/spring-boot-autoconfigure/2.1.4.RELEASE/spring-boot-autoconfigure-2.1.4.RELEASE.jar
7f56e3dae000-7f56e3dc3000 r--s 000d4000 08:01 39191369                   /home/sudip/.m2/repository/org/springframework/boot/spring-boot/2.1.4.RELEASE/spring-boot-2.1.4.RELEASE.jar
7f56e3dc3000-7f56e3dc9000 r--s 0002e000 08:01 39191367                   /home/sudip/.m2/repository/org/springframework/boot/spring-boot-devtools/2.1.4.RELEASE/spring-boot-devtools-2.1.4.RELEASE.jar
7f56e3dc9000-7f56e3dcb000 r--s 00005000 08:01 39321987                   /home/sudip/.m2/repository/xpp3/xpp3_min/1.1.4c/xpp3_min-1.1.4c.jar
7f56e3dcb000-7f56e3dcc000 r--s 00001000 08:01 39321985                   /home/sudip/.m2/repository/xmlpull/xmlpull/1.1.3.1/xmlpull-1.1.3.1.jar
7f56e3dcc000-7f56e3dda000 r--s 00082000 08:01 39321983                   /home/sudip/.m2/repository/com/thoughtworks/xstream/xstream/1.4.10/xstream-1.4.10.jar
7f56e3dda000-7f56e3ddc000 r--s 00003000 08:01 39321989                   /home/sudip/.m2/repository/com/netflix/ribbon/ribbon-eureka/2.3.0/ribbon-eureka-2.3.0.jar
7f56e3ddc000-7f56e3de0000 r--s 00024000 08:01 39321979                   /home/sudip/.m2/repository/org/codehaus/woodstox/stax2-api/3.1.4/stax2-api-3.1.4.jar
7f56e3de0000-7f56e3de2000 r--s 00004000 08:01 39321973                   /home/sudip/.m2/repository/javax/xml/stream/stax-api/1.0-2/stax-api-1.0-2.jar
7f56e3de2000-7f56e3de8000 r--s 00071000 08:01 39321971                   /home/sudip/.m2/repository/org/codehaus/woodstox/woodstox-core-asl/4.4.1/woodstox-core-asl-4.4.1.jar
7f56e3de8000-7f56e3ded000 r--s 0003a000 08:01 39321969                   /home/sudip/.m2/repository/com/netflix/eureka/eureka-core/1.9.8/eureka-core-1.9.8.jar
7f56e3ded000-7f56e3df2000 r--s 00024000 08:01 39321963                   /home/sudip/.m2/repository/com/github/andrewoma/dexx/dexx-collections/0.2/dexx-collections-0.2.jar
7f56e3df2000-7f56e3df3000 r--s 00004000 08:01 39321961                   /home/sudip/.m2/repository/com/github/vlsi/compactmap/compactmap/1.2.1/compactmap-1.2.1.jar
7f56e3df3000-7f56e3df5000 r--s 00000000 08:01 36832169                   /home/sudip/.m2/repository/aopalliance/aopalliance/1.0/aopalliance-1.0.jar
7f56e3df5000-7f56e3e03000 r--s 00097000 08:01 39321959                   /home/sudip/.m2/repository/com/google/inject/guice/4.1.0/guice-4.1.0.jar
7f56e3e03000-7f56e3e0d000 r--s 00061000 08:01 39192053                   /home/sudip/.m2/repository/com/sun/jersey/jersey-core/1.19.1/jersey-core-1.19.1.jar
7f56e3e0d000-7f56e3e0f000 r--s 0000a000 08:01 39192054                   /home/sudip/.m2/repository/javax/ws/rs/jsr311-api/1.1.1/jsr311-api-1.1.1.jar
7f56e3e0f000-7f56e3e22000 r--s 000df000 08:01 39321957                   /home/sudip/.m2/repository/org/apache/commons/commons-math/2.2/commons-math-2.2.jar
7f56e3e22000-7f56e3e27000 r--s 00036000 08:01 39321955                   /home/sudip/.m2/repository/com/google/code/gson/gson/2.8.5/gson-2.8.5.jar
7f56e3e27000-7f56e3e2c000 r--s 00068000 08:01 36962986                   /home/sudip/.m2/repository/antlr/antlr/2.7.7/antlr-2.7.7.jar
7f56e3e2c000-7f56e3e2f000 r--s 00022000 08:01 39321953                   /home/sudip/.m2/repository/org/antlr/stringtemplate/3.2.1/stringtemplate-3.2.1.jar
7f56e3e2f000-7f56e3e33000 r--s 00025000 08:01 39321951                   /home/sudip/.m2/repository/org/antlr/antlr-runtime/3.4/antlr-runtime-3.4.jar
7f56e3e33000-7f56e3e44000 r--s 0008c000 08:01 39321949                   /home/sudip/.m2/repository/joda-time/joda-time/2.10.1/joda-time-2.10.1.jar
7f56e3e44000-7f56e3e4a000 r--s 00044000 08:01 39321947                   /home/sudip/.m2/repository/commons-jxpath/commons-jxpath/1.3/commons-jxpath-1.3.jar
7f56e3e4a000-7f56e3e4d000 r--s 00016000 08:01 39321945                   /home/sudip/.m2/repository/com/netflix/netflix-commons/netflix-infix/0.3.0/netflix-infix-0.3.0.jar
7f56e3e4d000-7f56e3e4f000 r--s 0000f000 08:01 39321943                   /home/sudip/.m2/repository/com/netflix/netflix-commons/netflix-eventbus/0.3.0/netflix-eventbus-0.3.0.jar
7f56e3e4f000-7f56e3e51000 r--s 00005000 08:01 39321941                   /home/sudip/.m2/repository/stax/stax-api/1.0.1/stax-api-1.0.1.jar
7f56e3e51000-7f56e3e54000 r--s 00012000 08:01 39321939                   /home/sudip/.m2/repository/org/codehaus/jettison/jettison/1.3.7/jettison-1.3.7.jar
7f56e3e54000-7f56e3e5e000 r--s 00062000 08:01 39321937                   /home/sudip/.m2/repository/com/netflix/eureka/eureka-client/1.9.8/eureka-client-1.9.8.jar
7f56e3e5e000-7f56e3e62000 r--s 00015000 08:01 39321935                   /home/sudip/.m2/repository/org/springframework/cloud/spring-cloud-netflix-eureka-client/2.1.1.RELEASE/spring-cloud-netflix-eureka-client-2.1.1.RELEASE.jar
7f56e3e62000-7f56e3e65000 r--s 00005000 08:01 39321933                   /home/sudip/.m2/repository/org/springframework/cloud/spring-cloud-netflix-hystrix/2.1.1.RELEASE/spring-cloud-netflix-hystrix-2.1.1.RELEASE.jar
7f56e3e65000-7f56e3e66000 r--s 00000000 08:01 39322039                   /home/sudip/.m2/repository/org/springframework/cloud/spring-cloud-netflix-core/2.1.1.RELEASE/spring-cloud-netflix-core-2.1.1.RELEASE.jar
7f56e3e66000-7f56e3e67000 r--s 00000000 08:01 39322050                   /home/sudip/.m2/repository/org/springframework/cloud/spring-cloud-starter-netflix-eureka-client/2.0.0.RELEASE/spring-cloud-starter-netflix-eureka-client-2.0.0.RELEASE.jar
7f56e3e67000-7f56e3e80000 r--s 00102000 08:01 39191883                   /home/sudip/.m2/repository/io/reactivex/rxjava/1.3.8/rxjava-1.3.8.jar
7f56e3e80000-7f56e3e82000 r--s 00002000 08:01 39192052                   /home/sudip/.m2/repository/com/netflix/netflix-commons/netflix-statistics/0.1.1/netflix-statistics-0.1.1.jar
7f56e3e82000-7f56e3e86000 r--s 00024000 08:01 39192035                   /home/sudip/.m2/repository/com/netflix/ribbon/ribbon-loadbalancer/2.3.0/ribbon-loadbalancer-2.3.0.jar
7f56e3e86000-7f56e3e88000 r--s 00001000 08:01 39192061                   /home/sudip/.m2/repository/com/netflix/netflix-commons/netflix-commons-util/0.3.0/netflix-commons-util-0.3.0.jar
7f56e3e88000-7f56e3e8d000 r--s 00033000 08:01 39192059                   /home/sudip/.m2/repository/com/netflix/servo/servo-core/0.12.21/servo-core-0.12.21.jar
7f56e3e8d000-7f56e3e8f000 r--s 00003000 08:01 39192057                   /home/sudip/.m2/repository/com/sun/jersey/contribs/jersey-apache-client4/1.19.1/jersey-apache-client4-1.19.1.jar
7f56e3e8f000-7f56e3e92000 r--s 0001e000 08:01 39192050                   /home/sudip/.m2/repository/com/sun/jersey/jersey-client/1.19.1/jersey-client-1.19.1.jar
7f56e3e92000-7f56e3e99000 r--s 0004b000 08:01 39192055                   /home/sudip/.m2/repository/commons-codec/commons-codec/1.11/commons-codec-1.11.jar
7f56e3e99000-7f56e3ea0000 r--s 00049000 08:01 39190823                   /home/sudip/.m2/repository/org/apache/httpcomponents/httpcore/4.4.11/httpcore-4.4.11.jar
7f56e3ea0000-7f56e3ead000 r--s 000b0000 08:01 39190819                   /home/sudip/.m2/repository/org/apache/httpcomponents/httpclient/4.5.8/httpclient-4.5.8.jar
7f56e3ead000-7f56e3eba000 r--s 00083000 08:01 39062505                   /home/sudip/.m2/repository/commons-collections/commons-collections/3.2.2/commons-collections-3.2.2.jar
7f56e3eba000-7f56e3ebc000 r--s 0000c000 08:01 39192048                   /home/sudip/.m2/repository/com/netflix/ribbon/ribbon-httpclient/2.3.0/ribbon-httpclient-2.3.0.jar
7f56e3ebc000-7f56e3ec1000 r--s 00041000 08:01 36569568                   /home/sudip/.m2/repository/commons-lang/commons-lang/2.6/commons-lang-2.6.jar
7f56e3ec1000-7f56e3ec5000 r--s 00011000 08:01 39192046                   /home/sudip/.m2/repository/com/netflix/ribbon/ribbon-core/2.3.0/ribbon-core-2.3.0.jar
7f56e3ec5000-7f56e3ef0000 r--s 001f5000 08:01 39192044                   /home/sudip/.m2/repository/com/google/guava/guava/16.0.1/guava-16.0.1.jar
7f56e3ef0000-7f56e3ef2000 r--s 00007000 08:01 39321633                   /home/sudip/.m2/repository/io/netty/netty-transport-native-unix-common/4.1.34.Final/netty-transport-native-unix-common-4.1.34.Final.jar
7f56e3ef2000-7f56e3ef5000 r--s 0001a000 08:01 39321631                   /home/sudip/.m2/repository/io/netty/netty-transport-native-epoll/4.1.34.Final/netty-transport-native-epoll-4.1.34.Final.jar
7f56e3ef5000-7f56e3efe000 r--s 00060000 08:01 39321629                   /home/sudip/.m2/repository/io/netty/netty-handler/4.1.34.Final/netty-handler-4.1.34.Final.jar
7f56e3efe000-7f56e3f04000 r--s 00048000 08:01 39321627                   /home/sudip/.m2/repository/io/netty/netty-codec/4.1.34.Final/netty-codec-4.1.34.Final.jar
7f56e3f04000-7f56e3f06000 r--s 00007000 08:01 39321625                   /home/sudip/.m2/repository/io/netty/netty-resolver/4.1.34.Final/netty-resolver-4.1.34.Final.jar
7f56e3f06000-7f56e3f10000 r--s 00068000 08:01 39192213                   /home/sudip/.m2/repository/io/netty/netty-transport/4.1.34.Final/netty-transport-4.1.34.Final.jar
7f56e3f10000-7f56e3f13000 r--s 00041000 08:01 39192211                   /home/sudip/.m2/repository/io/netty/netty-buffer/4.1.34.Final/netty-buffer-4.1.34.Final.jar
7f56e3f13000-7f56e3f1f000 r--s 00084000 08:01 39192209                   /home/sudip/.m2/repository/io/netty/netty-common/4.1.34.Final/netty-common-4.1.34.Final.jar
7f56e3f1f000-7f56e3f29000 r--s 00080000 08:01 39192207                   /home/sudip/.m2/repository/io/netty/netty-codec-http/4.1.34.Final/netty-codec-http-4.1.34.Final.jar
7f56e3f29000-7f56e3f33000 r--s 00059000 08:01 39192042                   /home/sudip/.m2/repository/io/reactivex/rxnetty/0.4.9/rxnetty-0.4.9.jar
7f56e3f33000-7f56e3f34000 r--s 00000000 08:01 36963004                   /home/sudip/.m2/repository/javax/inject/javax.inject/1/javax.inject-1.jar
7f56e3f34000-7f56e3f36000 r--s 00006000 08:01 39192040                   /home/sudip/.m2/repository/io/reactivex/rxnetty-servo/0.4.9/rxnetty-servo-0.4.9.jar
7f56e3f36000-7f56e3f39000 r--s 0000b000 08:01 39192038                   /home/sudip/.m2/repository/io/reactivex/rxnetty-contexts/0.4.9/rxnetty-contexts-0.4.9.jar
7f56e3f39000-7f56e3f3a000 r--s 00009000 08:01 39192036                   /home/sudip/.m2/repository/com/netflix/ribbon/ribbon-transport/2.3.0/ribbon-transport-2.3.0.jar
7f56e3f3a000-7f56e3f3e000 r--s 00012000 08:01 39192032                   /home/sudip/.m2/repository/com/netflix/ribbon/ribbon/2.3.0/ribbon-2.3.0.jar
7f56e3f3e000-7f56e3f42000 r--s 00017000 08:01 39191853                   /home/sudip/.m2/repository/org/springframework/cloud/spring-cloud-netflix-ribbon/2.1.1.RELEASE/spring-cloud-netflix-ribbon-2.1.1.RELEASE.jar
7f56e3f42000-7f56e3f43000 r--s 00000000 08:01 39192205                   /home/sudip/.m2/repository/org/springframework/cloud/spring-cloud-starter-netflix-ribbon/2.0.0.RELEASE/spring-cloud-starter-netflix-ribbon-2.0.0.RELEASE.jar
7f56e3f43000-7f56e3f4a000 r--s 00050000 08:01 39191877                   /home/sudip/.m2/repository/commons-configuration/commons-configuration/1.8/commons-configuration-1.8.jar
7f56e3f4a000-7f56e3f4b000 r--s 00003000 08:01 39191855                   /home/sudip/.m2/repository/org/springframework/cloud/spring-cloud-netflix-archaius/2.1.1.RELEASE/spring-cloud-netflix-archaius-2.1.1.RELEASE.jar
7f56e3f4b000-7f56e3f4c000 r--s 00000000 08:01 39192029                   /home/sudip/.m2/repository/org/springframework/cloud/spring-cloud-starter-netflix-archaius/2.1.1.RELEASE/spring-cloud-starter-netflix-archaius-2.1.1.RELEASE.jar
7f56e3f4c000-7f56e3f59000 r--s 00066000 08:01 39191881                   /home/sudip/.m2/repository/com/netflix/hystrix/hystrix-core/1.5.18/hystrix-core-1.5.18.jar
7f56e3f59000-7f56e3f5b000 r--s 00003000 08:01 39191875                   /home/sudip/.m2/repository/com/google/code/findbugs/jsr305/3.0.1/jsr305-3.0.1.jar
7f56e3f5b000-7f56e3f5f000 r--s 0001f000 08:01 39191873                   /home/sudip/.m2/repository/com/netflix/archaius/archaius-core/0.7.6/archaius-core-0.7.6.jar
7f56e3f5f000-7f56e3f60000 r--s 00003000 08:01 39191871                   /home/sudip/.m2/repository/io/github/openfeign/feign-hystrix/10.1.0/feign-hystrix-10.1.0.jar
7f56e3f60000-7f56e3f62000 r--s 00009000 08:01 39062465                   /home/sudip/.m2/repository/org/slf4j/slf4j-api/1.7.26/slf4j-api-1.7.26.jar
7f56e3f62000-7f56e3f63000 r--s 00000000 08:01 39191869                   /home/sudip/.m2/repository/io/github/openfeign/feign-slf4j/10.1.0/feign-slf4j-10.1.0.jar
7f56e3f63000-7f56e3f66000 r--s 0001e000 08:01 39191867                   /home/sudip/.m2/repository/io/github/openfeign/feign-core/10.1.0/feign-core-10.1.0.jar
7f56e3f66000-7f56e3f68000 r--s 00010000 08:01 39191361                   /home/sudip/.m2/repository/org/springframework/security/spring-security-crypto/5.1.5.RELEASE/spring-security-crypto-5.1.5.RELEASE.jar
7f56e3f68000-7f56e3f6e000 r--s 0001f000 08:01 39191363                   /home/sudip/.m2/repository/org/springframework/cloud/spring-cloud-commons/2.1.1.RELEASE/spring-cloud-commons-2.1.1.RELEASE.jar
7f56e3f6e000-7f56e3f72000 r--s 00027000 08:01 36831839                   /home/sudip/.m2/repository/commons-io/commons-io/2.2/commons-io-2.2.jar
7f56e3f72000-7f56e3f75000 r--s 0000f000 08:01 39191865                   /home/sudip/.m2/repository/commons-fileupload/commons-fileupload/1.3.3/commons-fileupload-1.3.3.jar
7f56e3f75000-7f56e3f76000 r--s 00006000 08:01 39191863                   /home/sudip/.m2/repository/io/github/openfeign/form/feign-form/3.5.0/feign-form-3.5.0.jar
7f56e3f76000-7f56e3f78000 r--s 00002000 08:01 39191861                   /home/sudip/.m2/repository/io/github/openfeign/form/feign-form-spring/3.5.0/feign-form-spring-3.5.0.jar
7f56e3f78000-7f56e3f91000 r--s 001de000 08:01 39191859                   /home/sudip/.m2/repository/org/aspectj/aspectjweaver/1.9.2/aspectjweaver-1.9.2.jar
7f56e3f91000-7f56e3f92000 r--s 00000000 08:01 39191857                   /home/sudip/.m2/repository/org/springframework/boot/spring-boot-starter-aop/2.1.4.RELEASE/spring-boot-starter-aop-2.1.4.RELEASE.jar
7f56e3f92000-7f56e3f96000 r--s 00019000 08:01 39191851                   /home/sudip/.m2/repository/org/springframework/cloud/spring-cloud-openfeign-core/2.1.1.RELEASE/spring-cloud-openfeign-core-2.1.1.RELEASE.jar
7f56e3f96000-7f56e3fa8000 r--s 00137000 08:01 39062461                   /home/sudip/.m2/repository/com/fasterxml/jackson/core/jackson-databind/2.9.8/jackson-databind-2.9.8.jar
7f56e3fa8000-7f56e4000000 r--s 003a7000 08:01 39062459                   /home/sudip/.m2/repository/org/bouncycastle/bcprov-jdk15on/1.60/bcprov-jdk15on-1.60.jar
7f56e4000000-7f56e42ba000 rw-p 00000000 00:00 0 
7f56e42ba000-7f56e8000000 ---p 00000000 00:00 0 
7f56e8000000-7f56e8001000 r--s 00000000 08:01 39192203                   /home/sudip/.m2/repository/org/springframework/cloud/spring-cloud-starter-openfeign/2.0.0.RELEASE/spring-cloud-starter-openfeign-2.0.0.RELEASE.jar
7f56e8001000-7f56e8005000 r--s 0004c000 08:01 39062463                   /home/sudip/.m2/repository/com/fasterxml/jackson/core/jackson-core/2.9.8/jackson-core-2.9.8.jar
7f56e8005000-7f56e8008000 r--s 0000e000 08:01 36833186                   /home/sudip/.m2/repository/com/fasterxml/jackson/core/jackson-annotations/2.9.0/jackson-annotations-2.9.0.jar
7f56e8008000-7f56e800a000 r--s 00007000 08:01 39191365                   /home/sudip/.m2/repository/org/springframework/cloud/spring-cloud-config-client/2.1.1.RELEASE/spring-cloud-config-client-2.1.1.RELEASE.jar
7f56e800a000-7f56e801d000 r--s 000b0000 08:01 39062457                   /home/sudip/.m2/repository/org/bouncycastle/bcpkix-jdk15on/1.60/bcpkix-jdk15on-1.60.jar
7f56e801d000-7f56e801e000 r--s 00004000 08:01 39062402                   /home/sudip/.m2/repository/org/springframework/security/spring-security-rsa/1.0.7.RELEASE/spring-security-rsa-1.0.7.RELEASE.jar
7f56e801e000-7f56e8021000 r--s 00019000 08:01 39191359                   /home/sudip/.m2/repository/org/springframework/cloud/spring-cloud-context/2.1.1.RELEASE/spring-cloud-context-2.1.1.RELEASE.jar
7f56e8021000-7f56e8022000 r--s 00000000 08:01 39191357                   /home/sudip/.m2/repository/org/springframework/cloud/spring-cloud-starter/2.1.1.RELEASE/spring-cloud-starter-2.1.1.RELEASE.jar
7f56e8022000-7f56e8023000 r--s 00000000 08:01 39191355                   /home/sudip/.m2/repository/org/springframework/cloud/spring-cloud-starter-config/2.1.1.RELEASE/spring-cloud-starter-config-2.1.1.RELEASE.jar
7f56e8023000-7f56e8028000 r--s 00040000 08:01 39191353                   /home/sudip/.m2/repository/org/springframework/spring-expression/5.1.6.RELEASE/spring-expression-5.1.6.RELEASE.jar
7f56e8028000-7f56e8032000 r--s 00051000 08:01 39191351                   /home/sudip/.m2/repository/org/springframework/spring-aop/5.1.6.RELEASE/spring-aop-5.1.6.RELEASE.jar
7f56e8032000-7f56e8041000 r--s 000b5000 08:01 39191349                   /home/sudip/.m2/repository/org/springframework/spring-webmvc/5.1.6.RELEASE/spring-webmvc-5.1.6.RELEASE.jar
7f56e8041000-7f56e804e000 r--s 00098000 08:01 39191347                   /home/sudip/.m2/repository/org/springframework/spring-beans/5.1.6.RELEASE/spring-beans-5.1.6.RELEASE.jar
7f56e804e000-7f56e806a000 r--s 00137000 08:01 39191345                   /home/sudip/.m2/repository/org/springframework/spring-web/5.1.6.RELEASE/spring-web-5.1.6.RELEASE.jar
7f56e806a000-7f56e806c000 r--s 0000f000 08:01 39191343                   /home/sudip/.m2/repository/com/fasterxml/classmate/1.4.0/classmate-1.4.0.jar
7f56e806c000-7f56e806e000 r--s 0000f000 08:01 36833206                   /home/sudip/.m2/repository/org/jboss/logging/jboss-logging/3.3.2.Final/jboss-logging-3.3.2.Final.jar
7f56e806e000-7f56e8073000 r--s 00012000 08:01 36833204                   /home/sudip/.m2/repository/javax/validation/validation-api/2.0.1.Final/validation-api-2.0.1.Final.jar
7f56e8073000-7f56e8090000 r--s 000fe000 08:01 39062453                   /home/sudip/.m2/repository/org/hibernate/validator/hibernate-validator/6.0.16.Final/hibernate-validator-6.0.16.Final.jar
7f56e8090000-7f56e8095000 r--s 0003c000 08:01 39062449                   /home/sudip/.m2/repository/org/apache/tomcat/embed/tomcat-embed-websocket/9.0.17/tomcat-embed-websocket-9.0.17.jar
7f56e8095000-7f56e809a000 r--s 00039000 08:01 39062447                   /home/sudip/.m2/repository/org/apache/tomcat/embed/tomcat-embed-el/9.0.17/tomcat-embed-el-9.0.17.jar
7f56e809a000-7f56e80c4000 r--s 002f9000 08:01 39062445                   /home/sudip/.m2/repository/org/apache/tomcat/embed/tomcat-embed-core/9.0.17/tomcat-embed-core-9.0.17.jar
7f56e80c4000-7f56e80c6000 r--s 00001000 08:01 39062443                   /home/sudip/.m2/repository/com/fasterxml/jackson/module/jackson-module-parameter-names/2.9.8/jackson-module-parameter-names-2.9.8.jar
7f56e80c6000-7f56e80c8000 r--s 00007000 08:01 39062441                   /home/sudip/.m2/repository/com/fasterxml/jackson/datatype/jackson-datatype-jdk8/2.9.8/jackson-datatype-jdk8-2.9.8.jar
7f56e80c8000-7f56e80e2000 r--s 000f3000 08:01 39191335                   /home/sudip/.m2/repository/org/springframework/spring-context/5.1.6.RELEASE/spring-context-5.1.6.RELEASE.jar
7f56e80e2000-7f56e80e3000 ---p 00000000 00:00 0 
7f56e80e3000-7f56e81e3000 rw-p 00000000 00:00 0 
7f56e81e3000-7f56e81e6000 ---p 00000000 00:00 0 
7f56e81e6000-7f56e82e4000 rw-p 00000000 00:00 0 
7f56e82e4000-7f56e82e7000 ---p 00000000 00:00 0 
7f56e82e7000-7f56e83e5000 rw-p 00000000 00:00 0 
7f56e83e5000-7f56e83e8000 ---p 00000000 00:00 0 
7f56e83e8000-7f56e84e6000 rw-p 00000000 00:00 0 
7f56e84e6000-7f56e84e9000 ---p 00000000 00:00 0 
7f56e84e9000-7f56e85e7000 rw-p 00000000 00:00 0 
7f56e85e7000-7f56e85ea000 ---p 00000000 00:00 0 
7f56e85ea000-7f56e86e8000 rw-p 00000000 00:00 0 
7f56e86e8000-7f56e89c0000 r--p 00000000 08:01 54793215                   /usr/lib/locale/locale-archive
7f56e89c0000-7f56e89c3000 ---p 00000000 00:00 0 
7f56e89c3000-7f56e8ac1000 rw-p 00000000 00:00 0 
7f56e8ac1000-7f56e8ac4000 ---p 00000000 00:00 0 
7f56e8ac4000-7f56e8bc2000 rw-p 00000000 00:00 0 
7f56e8bc2000-7f56e8bc3000 ---p 00000000 00:00 0 
7f56e8bc3000-7f56ec000000 rw-p 00000000 00:00 0 
7f56ec000000-7f56ec021000 rw-p 00000000 00:00 0 
7f56ec021000-7f56f0000000 ---p 00000000 00:00 0 
7f56f0000000-7f56f0001000 r--s 00000000 08:01 39191341                   /home/sudip/.m2/repository/org/springframework/boot/spring-boot-starter-tomcat/2.1.4.RELEASE/spring-boot-starter-tomcat-2.1.4.RELEASE.jar
7f56f0001000-7f56f0002000 r--s 00000000 08:01 39191339                   /home/sudip/.m2/repository/org/springframework/boot/spring-boot-starter-json/2.1.4.RELEASE/spring-boot-starter-json-2.1.4.RELEASE.jar
7f56f0002000-7f56f0003000 r--s 00000000 08:01 39191337                   /home/sudip/.m2/repository/org/springframework/boot/spring-boot-starter-web/2.1.4.RELEASE/spring-boot-starter-web-2.1.4.RELEASE.jar
7f56f0003000-7f56f0005000 r--s 00006000 08:01 39062439                   /home/sudip/.m2/repository/org/latencyutils/LatencyUtils/2.0.3/LatencyUtils-2.0.3.jar
7f56f0005000-7f56f0007000 r--s 0001a000 08:01 39062437                   /home/sudip/.m2/repository/org/hdrhistogram/HdrHistogram/2.1.9/HdrHistogram-2.1.9.jar
7f56f0007000-7f56f0010000 r--s 0005f000 08:01 39062435                   /home/sudip/.m2/repository/io/micrometer/micrometer-core/1.1.4/micrometer-core-1.1.4.jar
7f56f0010000-7f56f0013000 r--s 00016000 08:01 39062433                   /home/sudip/.m2/repository/com/fasterxml/jackson/datatype/jackson-datatype-jsr310/2.9.8/jackson-datatype-jsr310-2.9.8.jar
7f56f0013000-7f56f0023000 r--s 0006d000 08:01 39191333                   /home/sudip/.m2/repository/org/springframework/boot/spring-boot-actuator/2.1.4.RELEASE/spring-boot-actuator-2.1.4.RELEASE.jar
7f56f0023000-7f56f0032000 r--s 0005d000 08:01 39191331                   /home/sudip/.m2/repository/org/springframework/boot/spring-boot-actuator-autoconfigure/2.1.4.RELEASE/spring-boot-actuator-autoconfigure-2.1.4.RELEASE.jar
7f56f0032000-7f56f0039000 r--s 00043000 08:01 39191329                   /home/sudip/.m2/repository/org/yaml/snakeyaml/1.23/snakeyaml-1.23.jar
7f56f0039000-7f56f003f000 r--s 0003c000 08:01 39062425                   /home/sudip/.m2/repository/org/apache/logging/log4j/log4j-api/2.11.2/log4j-api-2.11.2.jar
7f56f003f000-7f56f004a000 r--s 00069000 08:01 36833172                   /home/sudip/.m2/repository/ch/qos/logback/logback-core/1.2.3/logback-core-1.2.3.jar
7f56f004a000-7f56f0050000 r--s 00041000 08:01 36833170                   /home/sudip/.m2/repository/ch/qos/logback/logback-classic/1.2.3/logback-classic-1.2.3.jar
7f56f0050000-7f56f0063000 r--s 00345000 08:01 58197565                   /usr/lib/jvm/java-8-oracle/jre/lib/resources.jar
7f56f0063000-7f56f02c8000 rw-p 00000000 00:00 0 
7f56f02c8000-7f56f04a1000 r--s 03d5a000 08:01 58197561                   /usr/lib/jvm/java-8-oracle/jre/lib/rt.jar
7f56f04a1000-7f56f06fa000 rw-p 00000000 00:00 0 
7f56f06fa000-7f56f06fb000 ---p 00000000 00:00 0 
7f56f06fb000-7f56f07fb000 rw-p 00000000 00:00 0 
7f56f07fb000-7f56f07fc000 ---p 00000000 00:00 0 
7f56f07fc000-7f56f08fc000 rw-p 00000000 00:00 0 
7f56f08fc000-7f56f08fd000 ---p 00000000 00:00 0 
7f56f08fd000-7f56f09fd000 rw-p 00000000 00:00 0 
7f56f09fd000-7f56f09fe000 ---p 00000000 00:00 0 
7f56f09fe000-7f56f0b1a000 rw-p 00000000 00:00 0 
7f56f0b1a000-7f56f0c40000 ---p 00000000 00:00 0 
7f56f0c40000-7f56f0c8e000 rw-p 00000000 00:00 0 
7f56f0c8e000-7f56f1000000 ---p 00000000 00:00 0 
7f56f1000000-7f56f2370000 rwxp 00000000 00:00 0 
7f56f2370000-7f5700000000 ---p 00000000 00:00 0 
7f5700000000-7f5700b7a000 rw-p 00000000 00:00 0 
7f5700b7a000-7f5704000000 ---p 00000000 00:00 0 
7f5704000000-7f5704002000 r--s 00005000 08:01 36833180                   /home/sudip/.m2/repository/javax/annotation/javax.annotation-api/1.3.2/javax.annotation-api-1.3.2.jar
7f5704002000-7f5704004000 r--s 00000000 08:01 39062427                   /home/sudip/.m2/repository/org/slf4j/jul-to-slf4j/1.7.26/jul-to-slf4j-1.7.26.jar
7f5704004000-7f570406f000 rw-p 00000000 00:00 0 
7f570406f000-7f5704195000 ---p 00000000 00:00 0 
7f5704195000-7f5704213000 rw-p 00000000 00:00 0 
7f5704213000-7f5704236000 ---p 00000000 00:00 0 
7f5704236000-7f5704237000 rw-p 00000000 00:00 0 
7f5704237000-7f5704252000 r-xp 00000000 08:01 59244893                   /usr/lib/jvm/java-8-oracle/jre/lib/amd64/libzip.so
7f5704252000-7f5704452000 ---p 0001b000 08:01 59244893                   /usr/lib/jvm/java-8-oracle/jre/lib/amd64/libzip.so
7f5704452000-7f5704453000 rw-p 0001b000 08:01 59244893                   /usr/lib/jvm/java-8-oracle/jre/lib/amd64/libzip.so
7f5704453000-7f570445e000 r-xp 00000000 08:01 17961635                   /lib/x86_64-linux-gnu/libnss_files-2.23.so
7f570445e000-7f570465d000 ---p 0000b000 08:01 17961635                   /lib/x86_64-linux-gnu/libnss_files-2.23.so
7f570465d000-7f570465e000 r--p 0000a000 08:01 17961635                   /lib/x86_64-linux-gnu/libnss_files-2.23.so
7f570465e000-7f570465f000 rw-p 0000b000 08:01 17961635                   /lib/x86_64-linux-gnu/libnss_files-2.23.so
7f570465f000-7f5704665000 rw-p 00000000 00:00 0 
7f5704665000-7f5704670000 r-xp 00000000 08:01 17961639                   /lib/x86_64-linux-gnu/libnss_nis-2.23.so
7f5704670000-7f570486f000 ---p 0000b000 08:01 17961639                   /lib/x86_64-linux-gnu/libnss_nis-2.23.so
7f570486f000-7f5704870000 r--p 0000a000 08:01 17961639                   /lib/x86_64-linux-gnu/libnss_nis-2.23.so
7f5704870000-7f5704871000 rw-p 0000b000 08:01 17961639                   /lib/x86_64-linux-gnu/libnss_nis-2.23.so
7f5704871000-7f5704887000 r-xp 00000000 08:01 17956890                   /lib/x86_64-linux-gnu/libnsl-2.23.so
7f5704887000-7f5704a86000 ---p 00016000 08:01 17956890                   /lib/x86_64-linux-gnu/libnsl-2.23.so
7f5704a86000-7f5704a87000 r--p 00015000 08:01 17956890                   /lib/x86_64-linux-gnu/libnsl-2.23.so
7f5704a87000-7f5704a88000 rw-p 00016000 08:01 17956890                   /lib/x86_64-linux-gnu/libnsl-2.23.so
7f5704a88000-7f5704a8a000 rw-p 00000000 00:00 0 
7f5704a8a000-7f5704a92000 r-xp 00000000 08:01 17961630                   /lib/x86_64-linux-gnu/libnss_compat-2.23.so
7f5704a92000-7f5704c91000 ---p 00008000 08:01 17961630                   /lib/x86_64-linux-gnu/libnss_compat-2.23.so
7f5704c91000-7f5704c92000 r--p 00007000 08:01 17961630                   /lib/x86_64-linux-gnu/libnss_compat-2.23.so
7f5704c92000-7f5704c93000 rw-p 00008000 08:01 17961630                   /lib/x86_64-linux-gnu/libnss_compat-2.23.so
7f5704c93000-7f5704cbe000 r-xp 00000000 08:01 59244887                   /usr/lib/jvm/java-8-oracle/jre/lib/amd64/libjava.so
7f5704cbe000-7f5704ebd000 ---p 0002b000 08:01 59244887                   /usr/lib/jvm/java-8-oracle/jre/lib/amd64/libjava.so
7f5704ebd000-7f5704ebf000 rw-p 0002a000 08:01 59244887                   /usr/lib/jvm/java-8-oracle/jre/lib/amd64/libjava.so
7f5704ebf000-7f5704ecc000 r-xp 00000000 08:01 59244892                   /usr/lib/jvm/java-8-oracle/jre/lib/amd64/libverify.so
7f5704ecc000-7f57050cc000 ---p 0000d000 08:01 59244892                   /usr/lib/jvm/java-8-oracle/jre/lib/amd64/libverify.so
7f57050cc000-7f57050ce000 rw-p 0000d000 08:01 59244892                   /usr/lib/jvm/java-8-oracle/jre/lib/amd64/libverify.so
7f57050ce000-7f57050d5000 r-xp 00000000 08:01 17961640                   /lib/x86_64-linux-gnu/librt-2.23.so
7f57050d5000-7f57052d4000 ---p 00007000 08:01 17961640                   /lib/x86_64-linux-gnu/librt-2.23.so
7f57052d4000-7f57052d5000 r--p 00006000 08:01 17961640                   /lib/x86_64-linux-gnu/librt-2.23.so
7f57052d5000-7f57052d6000 rw-p 00007000 08:01 17961640                   /lib/x86_64-linux-gnu/librt-2.23.so
7f57052d6000-7f57053de000 r-xp 00000000 08:01 17956879                   /lib/x86_64-linux-gnu/libm-2.23.so
7f57053de000-7f57055dd000 ---p 00108000 08:01 17956879                   /lib/x86_64-linux-gnu/libm-2.23.so
7f57055dd000-7f57055de000 r--p 00107000 08:01 17956879                   /lib/x86_64-linux-gnu/libm-2.23.so
7f57055de000-7f57055df000 rw-p 00108000 08:01 17956879                   /lib/x86_64-linux-gnu/libm-2.23.so
7f57055df000-7f57062b2000 r-xp 00000000 08:01 59244870                   /usr/lib/jvm/java-8-oracle/jre/lib/amd64/server/libjvm.so
7f57062b2000-7f57064b1000 ---p 00cd3000 08:01 59244870                   /usr/lib/jvm/java-8-oracle/jre/lib/amd64/server/libjvm.so
7f57064b1000-7f570658b000 rw-p 00cd2000 08:01 59244870                   /usr/lib/jvm/java-8-oracle/jre/lib/amd64/server/libjvm.so
7f570658b000-7f57065d6000 rw-p 00000000 00:00 0 
7f57065d6000-7f5706796000 r-xp 00000000 08:01 17961622                   /lib/x86_64-linux-gnu/libc-2.23.so
7f5706796000-7f5706996000 ---p 001c0000 08:01 17961622                   /lib/x86_64-linux-gnu/libc-2.23.so
7f5706996000-7f570699a000 r--p 001c0000 08:01 17961622                   /lib/x86_64-linux-gnu/libc-2.23.so
7f570699a000-7f570699c000 rw-p 001c4000 08:01 17961622                   /lib/x86_64-linux-gnu/libc-2.23.so
7f570699c000-7f57069a0000 rw-p 00000000 00:00 0 
7f57069a0000-7f57069a3000 r-xp 00000000 08:01 17961624                   /lib/x86_64-linux-gnu/libdl-2.23.so
7f57069a3000-7f5706ba2000 ---p 00003000 08:01 17961624                   /lib/x86_64-linux-gnu/libdl-2.23.so
7f5706ba2000-7f5706ba3000 r--p 00002000 08:01 17961624                   /lib/x86_64-linux-gnu/libdl-2.23.so
7f5706ba3000-7f5706ba4000 rw-p 00003000 08:01 17961624                   /lib/x86_64-linux-gnu/libdl-2.23.so
7f5706ba4000-7f5706bba000 r-xp 00000000 08:01 58067584                   /usr/lib/jvm/java-8-oracle/lib/amd64/jli/libjli.so
7f5706bba000-7f5706db9000 ---p 00016000 08:01 58067584                   /usr/lib/jvm/java-8-oracle/lib/amd64/jli/libjli.so
7f5706db9000-7f5706dba000 rw-p 00015000 08:01 58067584                   /usr/lib/jvm/java-8-oracle/lib/amd64/jli/libjli.so
7f5706dba000-7f5706dd2000 r-xp 00000000 08:01 17961443                   /lib/x86_64-linux-gnu/libpthread-2.23.so
7f5706dd2000-7f5706fd1000 ---p 00018000 08:01 17961443                   /lib/x86_64-linux-gnu/libpthread-2.23.so
7f5706fd1000-7f5706fd2000 r--p 00017000 08:01 17961443                   /lib/x86_64-linux-gnu/libpthread-2.23.so
7f5706fd2000-7f5706fd3000 rw-p 00018000 08:01 17961443                   /lib/x86_64-linux-gnu/libpthread-2.23.so
7f5706fd3000-7f5706fd7000 rw-p 00000000 00:00 0 
7f5706fd7000-7f5706ffd000 r-xp 00000000 08:01 17961442                   /lib/x86_64-linux-gnu/ld-2.23.so
7f5706ffd000-7f5706fff000 r--s 00003000 08:01 39062423                   /home/sudip/.m2/repository/org/apache/logging/log4j/log4j-to-slf4j/2.11.2/log4j-to-slf4j-2.11.2.jar
7f5706fff000-7f5707000000 r--s 00000000 08:01 39191327                   /home/sudip/.m2/repository/org/springframework/boot/spring-boot-starter-logging/2.1.4.RELEASE/spring-boot-starter-logging-2.1.4.RELEASE.jar
7f5707000000-7f5707001000 r--s 00000000 08:01 39191325                   /home/sudip/.m2/repository/org/springframework/boot/spring-boot-starter/2.1.4.RELEASE/spring-boot-starter-2.1.4.RELEASE.jar
7f5707001000-7f5707002000 r--s 00000000 08:01 39191323                   /home/sudip/.m2/repository/org/springframework/boot/spring-boot-starter-actuator/2.1.4.RELEASE/spring-boot-starter-actuator-2.1.4.RELEASE.jar
7f5707002000-7f57070da000 rw-p 00000000 00:00 0 
7f57070da000-7f57070dd000 ---p 00000000 00:00 0 
7f57070dd000-7f57071e0000 rw-p 00000000 00:00 0 
7f57071e0000-7f57071e5000 r--s 00084000 08:01 58197538                   /usr/lib/jvm/java-8-oracle/jre/lib/jfr.jar
7f57071e5000-7f57071ea000 r--s 002f9000 08:01 58197559                   /usr/lib/jvm/java-8-oracle/jre/lib/charsets.jar
7f57071ea000-7f57071ed000 r--s 0001a000 08:01 58197572                   /usr/lib/jvm/java-8-oracle/jre/lib/jce.jar
7f57071ed000-7f57071f2000 r--s 0009a000 08:01 58197566                   /usr/lib/jvm/java-8-oracle/jre/lib/jsse.jar
7f57071f2000-7f57071fa000 rw-s 00000000 08:01 5767660                    /tmp/hsperfdata_sudip/12200
7f57071fa000-7f57071fb000 rw-p 00000000 00:00 0 
7f57071fb000-7f57071fc000 ---p 00000000 00:00 0 
7f57071fc000-7f57071fd000 r--p 00025000 08:01 17961442                   /lib/x86_64-linux-gnu/ld-2.23.so
7f57071fd000-7f57071fe000 rw-p 00026000 08:01 17961442                   /lib/x86_64-linux-gnu/ld-2.23.so
7f57071fe000-7f57071ff000 rw-p 00000000 00:00 0 
7ffe58e4f000-7ffe58e73000 rw-p 00000000 00:00 0                          [stack]
7ffe58f39000-7ffe58f3b000 r--p 00000000 00:00 0                          [vvar]
7ffe58f3b000-7ffe58f3d000 r-xp 00000000 00:00 0                          [vdso]
ffffffffff600000-ffffffffff601000 r-xp 00000000 00:00 0                  [vsyscall]

VM Arguments:
jvm_args: -Dfile.encoding=UTF-8 
java_command: com.sudip.mircoservices.currencycalculationservice.CurrencyCalculationServiceApplication
java_class_path (initial): /usr/lib/jvm/java-8-oracle/jre/lib/resources.jar:/usr/lib/jvm/java-8-oracle/jre/lib/rt.jar:/usr/lib/jvm/java-8-oracle/jre/lib/jsse.jar:/usr/lib/jvm/java-8-oracle/jre/lib/jce.jar:/usr/lib/jvm/java-8-oracle/jre/lib/charsets.jar:/usr/lib/jvm/java-8-oracle/jre/lib/jfr.jar:/usr/lib/jvm/java-8-oracle/jre/lib/ext/sunjce_provider.jar:/usr/lib/jvm/java-8-oracle/jre/lib/ext/jfxrt.jar:/usr/lib/jvm/java-8-oracle/jre/lib/ext/cldrdata.jar:/usr/lib/jvm/java-8-oracle/jre/lib/ext/sunec.jar:/usr/lib/jvm/java-8-oracle/jre/lib/ext/dnsns.jar:/usr/lib/jvm/java-8-oracle/jre/lib/ext/nashorn.jar:/usr/lib/jvm/java-8-oracle/jre/lib/ext/jaccess.jar:/usr/lib/jvm/java-8-oracle/jre/lib/ext/sunpkcs11.jar:/usr/lib/jvm/java-8-oracle/jre/lib/ext/zipfs.jar:/usr/lib/jvm/java-8-oracle/jre/lib/ext/localedata.jar:/home/sudip/eclipse-workspace/currency-calculation-service/target/classes:/home/sudip/.m2/repository/org/springframework/boot/spring-boot-starter-actuator/2.1.4.RELEASE/spring-boot-starter-actuator-2.1.4.RELEASE.jar:/home/sudip/.m2/repository/org/springframework/boot/spring-boot-starter/2.1.4.RELEASE/spring-boot-starter-2.1.4.RELEASE.jar:/home/sudip/.m2/repository/org/springframework/boot/spring-boot-starter-logging/2.1.4.RELEASE/spring-boot-starter-logging-2.1.4.RELEASE.jar:/home/sudip/.m2/repository/ch/qos/logback/logback-classic/1.2.3/logback-classic-1.2.3.jar:/home/sudip/.m2/repository/ch/qos/logback/logback-core/1.2.3/logback-core-1.2.3.jar:/home/sudip/.m2/repository/org/apache/logging/log4j/log4j-to-slf4j/2.11.2/log4j-to-slf4j-2.11.2.jar:/home/sudip/.m2/repository/org/apache/logging/log4j/log4j-api/2.11.2/log4j-api-2.11.2.jar:/home/sudip/.m2/repository/org/slf4j/jul-to-slf4j/1.7.26/jul-to-slf4j-1.7.26.jar:/home/sudip/.m2/repository/javax/annotation/javax.annotation-api/1.3.2/javax.annotation-api-1.3.2.jar:/home/sudip/.m2/repository/org/yaml/snakeyaml/1.23/snakeyaml-1.23.jar:/home/sudip/.m2/repository/org/springframework/boot/spring-boot-actuator-autoconfigure/2.
Launcher Type: SUN_STANDARD

Environment Variables:
PATH=/home/sudip/bin:/home/sudip/.local/bin:/usr/local/sbin:/usr/local/bin:/usr/sbin:/usr/bin:/sbin:/bin:/usr/games:/usr/local/games
SHELL=/bin/bash
DISPLAY=:0

Signal Handlers:
SIGSEGV: [libjvm.so+0xacbe10], sa_mask[0]=11111111011111111101111111111110, sa_flags=SA_RESTART|SA_SIGINFO
SIGBUS: [libjvm.so+0xacbe10], sa_mask[0]=11111111011111111101111111111110, sa_flags=SA_RESTART|SA_SIGINFO
SIGFPE: [libjvm.so+0x924f90], sa_mask[0]=11111111011111111101111111111110, sa_flags=SA_RESTART|SA_SIGINFO
SIGPIPE: [libjvm.so+0x924f90], sa_mask[0]=11111111011111111101111111111110, sa_flags=SA_RESTART|SA_SIGINFO
SIGXFSZ: [libjvm.so+0x924f90], sa_mask[0]=11111111011111111101111111111110, sa_flags=SA_RESTART|SA_SIGINFO
SIGILL: [libjvm.so+0x924f90], sa_mask[0]=11111111011111111101111111111110, sa_flags=SA_RESTART|SA_SIGINFO
SIGUSR1: SIG_DFL, sa_mask[0]=00000000000000000000000000000000, sa_flags=none
SIGUSR2: [libjvm.so+0x9267d0], sa_mask[0]=00100000000000000000000000000000, sa_flags=SA_RESTART|SA_SIGINFO
SIGHUP: [libjvm.so+0x927bd0], sa_mask[0]=11111111011111111101111111111110, sa_flags=SA_RESTART|SA_SIGINFO
SIGINT: [libjvm.so+0x927bd0], sa_mask[0]=11111111011111111101111111111110, sa_flags=SA_RESTART|SA_SIGINFO
SIGTERM: [libjvm.so+0x927bd0], sa_mask[0]=11111111011111111101111111111110, sa_flags=SA_RESTART|SA_SIGINFO
SIGQUIT: [libjvm.so+0x927bd0], sa_mask[0]=11111111011111111101111111111110, sa_flags=SA_RESTART|SA_SIGINFO


---------------  S Y S T E M  ---------------

OS:DISTRIB_ID=LinuxMint
DISTRIB_RELEASE=18.3
DISTRIB_CODENAME=sylvia
DISTRIB_DESCRIPTION="Linux Mint 18.3 Sylvia"

uname:Linux 4.10.0-38-generic #42~16.04.1-Ubuntu SMP Tue Oct 10 16:32:20 UTC 2017 x86_64
libc:glibc 2.23 NPTL 2.23 
rlimit: STACK 8192k, CORE 0k, NPROC 15266, NOFILE 1048576, AS infinity
load average:2.24 2.03 2.20

/proc/meminfo:
MemTotal:        3955240 kB
MemFree:          109240 kB
MemAvailable:      80656 kB
Buffers:            2684 kB
Cached:           296016 kB
SwapCached:        95472 kB
Active:          2981792 kB
Inactive:         653988 kB
Active(anon):    2908568 kB
Inactive(anon):   580708 kB
Active(file):      73224 kB
Inactive(file):    73280 kB
Unevictable:         112 kB
Mlocked:             112 kB
SwapTotal:       4104188 kB
SwapFree:        2316996 kB
Dirty:               480 kB
Writeback:             0 kB
AnonPages:       3312468 kB
Mapped:           191724 kB
Shmem:            152084 kB
Slab:              85032 kB
SReclaimable:      38664 kB
SUnreclaim:        46368 kB
KernelStack:       13200 kB
PageTables:        60764 kB
NFS_Unstable:          0 kB
Bounce:                0 kB
WritebackTmp:          0 kB
CommitLimit:     6081808 kB
Committed_AS:    8981952 kB
VmallocTotal:   34359738367 kB
VmallocUsed:           0 kB
VmallocChunk:          0 kB
HardwareCorrupted:     0 kB
AnonHugePages:   1204224 kB
ShmemHugePages:        0 kB
ShmemPmdMapped:        0 kB
CmaTotal:              0 kB
CmaFree:               0 kB
HugePages_Total:       0
HugePages_Free:        0
HugePages_Rsvd:        0
HugePages_Surp:        0
Hugepagesize:       2048 kB
DirectMap4k:      161728 kB
DirectMap2M:     3944448 kB


CPU:total 4 (initial active 4) (2 cores per cpu, 2 threads per core) family 6 model 42 stepping 7, cmov, cx8, fxsr, mmx, sse, sse2, sse3, ssse3, sse4.1, sse4.2, popcnt, avx, aes, clmul, ht, tsc, tscinvbit

/proc/cpuinfo:
processor	: 0
vendor_id	: GenuineIntel
cpu family	: 6
model		: 42
model name	: Intel(R) Core(TM) i5-2430M CPU @ 2.40GHz
stepping	: 7
microcode	: 0x1a
cpu MHz		: 2799.902
cache size	: 3072 KB
physical id	: 0
siblings	: 4
core id		: 0
cpu cores	: 2
apicid		: 0
initial apicid	: 0
fpu		: yes
fpu_exception	: yes
cpuid level	: 13
wp		: yes
flags		: fpu vme de pse tsc msr pae mce cx8 apic sep mtrr pge mca cmov pat pse36 clflush dts acpi mmx fxsr sse sse2 ss ht tm pbe syscall nx rdtscp lm constant_tsc arch_perfmon pebs bts nopl xtopology nonstop_tsc aperfmperf pni pclmulqdq dtes64 monitor ds_cpl vmx est tm2 ssse3 cx16 xtpr pdcm pcid sse4_1 sse4_2 x2apic popcnt tsc_deadline_timer aes xsave avx lahf_lm epb tpr_shadow vnmi flexpriority ept vpid xsaveopt dtherm ida arat pln pts
bugs		:
bogomips	: 4788.59
clflush size	: 64
cache_alignment	: 64
address sizes	: 36 bits physical, 48 bits virtual
power management:

processor	: 1
vendor_id	: GenuineIntel
cpu family	: 6
model		: 42
model name	: Intel(R) Core(TM) i5-2430M CPU @ 2.40GHz
stepping	: 7
microcode	: 0x1a
cpu MHz		: 2800.195
cache size	: 3072 KB
physical id	: 0
siblings	: 4
core id		: 0
cpu cores	: 2
apicid		: 1
initial apicid	: 1
fpu		: yes
fpu_exception	: yes
cpuid level	: 13
wp		: yes
flags		: fpu vme de pse tsc msr pae mce cx8 apic sep mtrr pge mca cmov pat pse36 clflush dts acpi mmx fxsr sse sse2 ss ht tm pbe syscall nx rdtscp lm constant_tsc arch_perfmon pebs bts nopl xtopology nonstop_tsc aperfmperf pni pclmulqdq dtes64 monitor ds_cpl vmx est tm2 ssse3 cx16 xtpr pdcm pcid sse4_1 sse4_2 x2apic popcnt tsc_deadline_timer aes xsave avx lahf_lm epb tpr_shadow vnmi flexpriority ept vpid xsaveopt dtherm ida arat pln pts
bugs		:
bogomips	: 4788.59
clflush size	: 64
cache_alignment	: 64
address sizes	: 36 bits physical, 48 bits virtual
power management:

processor	: 2
vendor_id	: GenuineIntel
cpu family	: 6
model		: 42
model name	: Intel(R) Core(TM) i5-2430M CPU @ 2.40GHz
stepping	: 7
microcode	: 0x1a
cpu MHz		: 2799.902
cache size	: 3072 KB
physical id	: 0
siblings	: 4
core id		: 1
cpu cores	: 2
apicid		: 2
initial apicid	: 2
fpu		: yes
fpu_exception	: yes
cpuid level	: 13
wp		: yes
flags		: fpu vme de pse tsc msr pae mce cx8 apic sep mtrr pge mca cmov pat pse36 clflush dts acpi mmx fxsr sse sse2 ss ht tm pbe syscall nx rdtscp lm constant_tsc arch_perfmon pebs bts nopl xtopology nonstop_tsc aperfmperf pni pclmulqdq dtes64 monitor ds_cpl vmx est tm2 ssse3 cx16 xtpr pdcm pcid sse4_1 sse4_2 x2apic popcnt tsc_deadline_timer aes xsave avx lahf_lm epb tpr_shadow vnmi flexpriority ept vpid xsaveopt dtherm ida arat pln pts
bugs		:
bogomips	: 4788.59
clflush size	: 64
cache_alignment	: 64
address sizes	: 36 bits physical, 48 bits virtual
power management:

processor	: 3
vendor_id	: GenuineIntel
cpu family	: 6
model		: 42
model name	: Intel(R) Core(TM) i5-2430M CPU @ 2.40GHz
stepping	: 7
microcode	: 0x1a
cpu MHz		: 2799.902
cache size	: 3072 KB
physical id	: 0
siblings	: 4
core id		: 1
cpu cores	: 2
apicid		: 3
initial apicid	: 3
fpu		: yes
fpu_exception	: yes
cpuid level	: 13
wp		: yes
flags		: fpu vme de pse tsc msr pae mce cx8 apic sep mtrr pge mca cmov pat pse36 clflush dts acpi mmx fxsr sse sse2 ss ht tm pbe syscall nx rdtscp lm constant_tsc arch_perfmon pebs bts nopl xtopology nonstop_tsc aperfmperf pni pclmulqdq dtes64 monitor ds_cpl vmx est tm2 ssse3 cx16 xtpr pdcm pcid sse4_1 sse4_2 x2apic popcnt tsc_deadline_timer aes xsave avx lahf_lm epb tpr_shadow vnmi flexpriority ept vpid xsaveopt dtherm ida arat pln pts
bugs		:
bogomips	: 4788.59
clflush size	: 64
cache_alignment	: 64
address sizes	: 36 bits physical, 48 bits virtual
power management:



Memory: 4k page, physical 3955240k(109240k free), swap 4104188k(2316996k free)

vm_info: Java HotSpot(TM) 64-Bit Server VM (25.151-b12) for linux-amd64 JRE (1.8.0_151-b12), built on Sep  5 2017 19:20:58 by "java_re" with gcc 4.3.0 20080428 (Red Hat 4.3.0-8)

time: Tue Apr 23 23:59:52 2019
elapsed time: 164 seconds (0d 0h 2m 44s)

