#
# A fatal error has been detected by the Java Runtime Environment:
#
#  SIGSEGV (0xb) at pc=0x00007f9cb3a883a2, pid=13026, tid=0x00007f9c9c31d700
#
# JRE version: Java(TM) SE Runtime Environment (8.0_151-b12) (build 1.8.0_151-b12)
# Java VM: Java HotSpot(TM) 64-Bit Server VM (25.151-b12 mixed mode linux-amd64 compressed oops)
# Problematic frame:
# V  [libjvm.so+0x5e63a2]  PhaseCFG::schedule_pinned_nodes(VectorSet&)+0x132
#
# Failed to write core dump. Core dumps have been disabled. To enable core dumping, try "ulimit -c unlimited" before starting Java again
#
# If you would like to submit a bug report, please visit:
#   http://bugreport.java.com/bugreport/crash.jsp
#

---------------  T H R E A D  ---------------

Current thread (0x00007f9cac0bf000):  JavaThread "C2 CompilerThread0" daemon [_thread_in_native, id=13044, stack(0x00007f9c9c21d000,0x00007f9c9c31e000)]

siginfo: si_signo: 11 (SIGSEGV), si_code: 128 (SI_KERNEL), si_addr: 0x0000000000000000

Registers:
RAX=0x08007f9cb43d2030, RBX=0x00007f9c686cfc80, RCX=0x0000000000007fee, RDX=0x000000000000ffee
RSP=0x00007f9c9c3197c0, RBP=0x00007f9c9c319820, RSI=0x0000000000008000, RDI=0x00007f9c686cfc80
R8 =0x00007f9c686cf040, R9 =0x0000000000000736, R10=0x0000000000000000, R11=0x00007f9cb462f390
R12=0x00007f9c9c3198a0, R13=0x00007f9c686cf940, R14=0x00000000ffffffff, R15=0x00007f9c9c31b0a0
RIP=0x00007f9cb3a883a2, EFLAGS=0x0000000000010246, CSGSFS=0x002b000000000033, ERR=0x0000000000000000
  TRAPNO=0x000000000000000d

Top of Stack: (sp=0x00007f9c9c3197c0)
0x00007f9c9c3197c0:   00007f9c9c319820 00007f9c9c3197d0
0x00007f9c9c3197d0:   000037b600000942 0000000000000000
0x00007f9c9c3197e0:   00007f9c00000007 00007f9c74672240
0x00007f9c9c3197f0:   00007f9c3f7fffef 00007f9cac0bf9c0
0x00007f9c9c319800:   00007f9c9c3198a0 00007f9c9c31b0a0
0x00007f9c9c319810:   00007f9c9c31b0f8 00007f9cac0bf9c0
0x00007f9c9c319820:   00007f9c9c319910 00007f9cb3a8b84f
0x00007f9c9c319830:   00007f9c00000008 00007f9c6c994e50
0x00007f9c9c319840:   00007f9c6c99a7c0 00007f9c6c99ce38
0x00007f9c9c319850:   00000000002a0490 00007f9c68169480
0x00007f9c9c319860:   00007f9c687f9e28 0000000000000002
0x00007f9c9c319870:   00007f9c9c3198c0 00007f9c9c3198c0
0x00007f9c9c319880:   00007f9c9c319910 00007f9cb3a893d0
0x00007f9c9c319890:   00007f9c9c319910 00007f9c9c31b0a0
0x00007f9c9c3198a0:   00007f9cb4413930 00007f9cac0bf9c0
0x00007f9c9c3198b0:   0000000000000200 00007f9c74882440
0x00007f9c9c3198c0:   00007f9c00000100 00007f9cac0bf9c0
0x00007f9c9c3198d0:   00007f9c682d08b0 0000000000000000
0x00007f9c9c3198e0:   00007f9c9c319940 00007f9c9c31b0a0
0x00007f9c9c3198f0:   00007f9c9c31a5d0 00007f9c9c319940
0x00007f9c9c319900:   00007f9c9c31b0a0 00007f9cb4431480
0x00007f9c9c319910:   00007f9c9c319930 00007f9cb3a8bdaa
0x00007f9c9c319920:   00007f9c9c31b0a0 00007f9c9c31be00
0x00007f9c9c319930:   00007f9c9c31b160 00007f9cb3947c8d
0x00007f9c9c319940:   00007f9cb440ae30 0000000000000006
0x00007f9c9c319950:   00007f9c9c31be00 00007f9cac0bf9c0
0x00007f9c9c319960:   00007f9cac0bf9c0 0000000000008000
0x00007f9c9c319970:   00007f9c744568b0 0000000000000000
0x00007f9c9c319980:   00007f9cac0bf9c0 0000000000008000
0x00007f9c9c319990:   00007f9c74603970 0000000000000000
0x00007f9c9c3199a0:   0000000000000000 0000000000000000
0x00007f9c9c3199b0:   0000000000000000 0000000000000000 

Instructions: (pc=0x00007f9cb3a883a2)
0x00007f9cb3a88382:   41 5e 41 5f c9 c3 0f 1f 84 00 00 00 00 00 49 8b
0x00007f9cb3a88392:   04 24 89 ce 4c 89 e7 ff 50 20 48 8b 03 48 89 df
0x00007f9cb3a883a2:   ff 90 b0 00 00 00 84 c0 0f 84 66 01 00 00 8b 43
0x00007f9cb3a883b2:   28 41 3b 47 58 0f 82 9b 01 00 00 48 8b 43 08 4c 

Register to memory mapping:

RAX=0x08007f9cb43d2030 is an unknown value
RBX=0x00007f9c686cfc80 is an unknown value
RCX=0x0000000000007fee is an unknown value
RDX=0x000000000000ffee is an unknown value
RSP=0x00007f9c9c3197c0 is pointing into the stack for thread: 0x00007f9cac0bf000
RBP=0x00007f9c9c319820 is pointing into the stack for thread: 0x00007f9cac0bf000
RSI=0x0000000000008000 is an unknown value
RDI=0x00007f9c686cfc80 is an unknown value
R8 =0x00007f9c686cf040 is an unknown value
R9 =0x0000000000000736 is an unknown value
R10=0x0000000000000000 is an unknown value
R11=0x00007f9cb462f390: <offset 0x196390> in /lib/x86_64-linux-gnu/libc.so.6 at 0x00007f9cb4499000
R12=0x00007f9c9c3198a0 is pointing into the stack for thread: 0x00007f9cac0bf000
R13=0x00007f9c686cf940 is an unknown value
R14=0x00000000ffffffff is an unallocated location in the heap
R15=0x00007f9c9c31b0a0 is pointing into the stack for thread: 0x00007f9cac0bf000


Stack: [0x00007f9c9c21d000,0x00007f9c9c31e000],  sp=0x00007f9c9c3197c0,  free space=1009k
Native frames: (J=compiled Java code, j=interpreted, Vv=VM code, C=native code)
V  [libjvm.so+0x5e63a2]  PhaseCFG::schedule_pinned_nodes(VectorSet&)+0x132
V  [libjvm.so+0x5e984f]  PhaseCFG::global_code_motion()+0xef
V  [libjvm.so+0x5e9daa]  PhaseCFG::do_global_code_motion()+0x4a
V  [libjvm.so+0x4a5c8d]  Compile::Code_Gen()+0x1fd
V  [libjvm.so+0x4a8571]  Compile::Compile(ciEnv*, C2Compiler*, ciMethod*, int, bool, bool, bool)+0x14b1
V  [libjvm.so+0x3f4e15]  C2Compiler::compile_method(ciEnv*, ciMethod*, int)+0x1f5
V  [libjvm.so+0x4b2aca]  CompileBroker::invoke_compiler_on_method(CompileTask*)+0xc9a
V  [libjvm.so+0x4b3a76]  CompileBroker::compiler_thread_loop()+0x5d6
V  [libjvm.so+0xa79b53]  JavaThread::thread_main_inner()+0x103
V  [libjvm.so+0xa79c9c]  JavaThread::run()+0x11c
V  [libjvm.so+0x92a728]  java_start(Thread*)+0x108
C  [libpthread.so.0+0x76ba]  start_thread+0xca


Current CompileTask:
C2:   7884 2387       4       java.net.URLClassLoader$1::run (5 bytes)


---------------  P R O C E S S  ---------------

Java Threads: ( => current thread )
  0x00007f9c58002800 JavaThread "restartedMain" [_thread_in_native, id=13050, stack(0x00007f9c95a32000,0x00007f9c95b33000)]
  0x00007f9cac8e2800 JavaThread "Thread-0" [_thread_blocked, id=13049, stack(0x00007f9c95b33000,0x00007f9c95c34000)]
  0x00007f9cac0cf000 JavaThread "Service Thread" daemon [_thread_blocked, id=13047, stack(0x00007f9c960cf000,0x00007f9c961d0000)]
  0x00007f9cac0c4000 JavaThread "C1 CompilerThread2" daemon [_thread_blocked, id=13046, stack(0x00007f9c9c01b000,0x00007f9c9c11c000)]
  0x00007f9cac0c2000 JavaThread "C2 CompilerThread1" daemon [_thread_in_native, id=13045, stack(0x00007f9c9c11c000,0x00007f9c9c21d000)]
=>0x00007f9cac0bf000 JavaThread "C2 CompilerThread0" daemon [_thread_in_native, id=13044, stack(0x00007f9c9c21d000,0x00007f9c9c31e000)]
  0x00007f9cac0bd800 JavaThread "Signal Dispatcher" daemon [_thread_blocked, id=13043, stack(0x00007f9c9c31e000,0x00007f9c9c41f000)]
  0x00007f9cac08a800 JavaThread "Finalizer" daemon [_thread_blocked, id=13042, stack(0x00007f9c9c6f7000,0x00007f9c9c7f8000)]
  0x00007f9cac086000 JavaThread "Reference Handler" daemon [_thread_blocked, id=13041, stack(0x00007f9c9c7f8000,0x00007f9c9c8f9000)]
  0x00007f9cac010800 JavaThread "main" [_thread_blocked, id=13028, stack(0x00007f9cb4f9d000,0x00007f9cb509e000)]

Other Threads:
  0x00007f9cac07e800 VMThread [stack: 0x00007f9c9c8f9000,0x00007f9c9c9fa000] [id=13040]
  0x00007f9cac0d2000 WatcherThread [stack: 0x00007f9c95fce000,0x00007f9c960cf000] [id=13048]

VM state:not at safepoint (normal execution)

VM Mutex/Monitor currently owned by a thread: None

Heap:
 PSYoungGen      total 111104K, used 37606K [0x00000000ebe00000, 0x00000000f4680000, 0x0000000100000000)
  eden space 104960K, 30% used [0x00000000ebe00000,0x00000000edcfd5a0,0x00000000f2480000)
  from space 6144K, 95% used [0x00000000f4080000,0x00000000f463c398,0x00000000f4680000)
  to   space 8704K, 0% used [0x00000000f3580000,0x00000000f3580000,0x00000000f3e00000)
 ParOldGen       total 33280K, used 9189K [0x00000000c3a00000, 0x00000000c5a80000, 0x00000000ebe00000)
  object space 33280K, 27% used [0x00000000c3a00000,0x00000000c42f9498,0x00000000c5a80000)
 Metaspace       used 27504K, capacity 28336K, committed 28416K, reserved 1073152K
  class space    used 3559K, capacity 3778K, committed 3840K, reserved 1048576K

Card table byte_map: [0x00007f9cb1b56000,0x00007f9cb1d3a000] byte_map_base: 0x00007f9cb1539000

Marking Bits: (ParMarkBitMap*) 0x00007f9cb446bf80
 Begin Bits: [0x00007f9c961d0000, 0x00007f9c970e8000)
 End Bits:   [0x00007f9c970e8000, 0x00007f9c98000000)

Polling page: 0x00007f9cb50be000

CodeCache: size=245760Kb used=8529Kb max_used=8529Kb free=237230Kb
 bounds [0x00007f9c9d000000, 0x00007f9c9d860000, 0x00007f9cac000000]
 total_blobs=2894 nmethods=2493 adapters=314
 compilation: enabled

Compilation events (10 events):
Event: 7.845 Thread 0x00007f9cac0c4000 2509       3       org.springframework.asm.ClassReader::readStackMapFrame (535 bytes)
Event: 7.847 Thread 0x00007f9cac0c4000 nmethod 2509 0x00007f9c9d850c90 code [0x00007f9c9d850ee0, 0x00007f9c9d851d28]
Event: 7.847 Thread 0x00007f9cac0c4000 2510       3       org.springframework.asm.ClassReader::readVerificationTypeInfo (184 bytes)
Event: 7.848 Thread 0x00007f9cac0c4000 nmethod 2510 0x00007f9c9d852690 code [0x00007f9c9d852940, 0x00007f9c9d853e58]
Event: 7.848 Thread 0x00007f9cac0c4000 2511       3       sun.net.www.URLConnection::<init> (22 bytes)
Event: 7.849 Thread 0x00007f9cac0c4000 nmethod 2511 0x00007f9c9d854d50 code [0x00007f9c9d854ee0, 0x00007f9c9d8551d8]
Event: 7.849 Thread 0x00007f9cac0c4000 2512       3       org.springframework.util.LinkedMultiValueMap::containsKey (11 bytes)
Event: 7.849 Thread 0x00007f9cac0c4000 nmethod 2512 0x00007f9c9d855310 code [0x00007f9c9d855480, 0x00007f9c9d8556a8]
Event: 7.849 Thread 0x00007f9cac0c4000 2513       3       org.springframework.core.io.ClassPathResource::equals (69 bytes)
Event: 7.849 Thread 0x00007f9cac0c4000 nmethod 2513 0x00007f9c9d855790 code [0x00007f9c9d855940, 0x00007f9c9d855f28]

GC Heap History (10 events):
Event: 4.292 GC heap before
{Heap before GC invocations=5 (full 0):
 PSYoungGen      total 34304K, used 34283K [0x00000000ebe00000, 0x00000000ee200000, 0x0000000100000000)
  eden space 31744K, 100% used [0x00000000ebe00000,0x00000000edd00000,0x00000000edd00000)
  from space 2560K, 99% used [0x00000000edf80000,0x00000000ee1fafb0,0x00000000ee200000)
  to   space 2560K, 0% used [0x00000000edd00000,0x00000000edd00000,0x00000000edf80000)
 ParOldGen       total 42496K, used 5631K [0x00000000c3a00000, 0x00000000c6380000, 0x00000000ebe00000)
  object space 42496K, 13% used [0x00000000c3a00000,0x00000000c3f7fd38,0x00000000c6380000)
 Metaspace       used 12752K, capacity 13176K, committed 13312K, reserved 1060864K
  class space    used 1608K, capacity 1734K, committed 1792K, reserved 1048576K
Event: 4.298 GC heap after
Heap after GC invocations=5 (full 0):
 PSYoungGen      total 34304K, used 2539K [0x00000000ebe00000, 0x00000000f0800000, 0x0000000100000000)
  eden space 31744K, 0% used [0x00000000ebe00000,0x00000000ebe00000,0x00000000edd00000)
  from space 2560K, 99% used [0x00000000edd00000,0x00000000edf7afb0,0x00000000edf80000)
  to   space 6144K, 0% used [0x00000000f0200000,0x00000000f0200000,0x00000000f0800000)
 ParOldGen       total 42496K, used 7991K [0x00000000c3a00000, 0x00000000c6380000, 0x00000000ebe00000)
  object space 42496K, 18% used [0x00000000c3a00000,0x00000000c41cdd00,0x00000000c6380000)
 Metaspace       used 12752K, capacity 13176K, committed 13312K, reserved 1060864K
  class space    used 1608K, capacity 1734K, committed 1792K, reserved 1048576K
}
Event: 5.028 GC heap before
{Heap before GC invocations=6 (full 0):
 PSYoungGen      total 34304K, used 34283K [0x00000000ebe00000, 0x00000000f0800000, 0x0000000100000000)
  eden space 31744K, 100% used [0x00000000ebe00000,0x00000000edd00000,0x00000000edd00000)
  from space 2560K, 99% used [0x00000000edd00000,0x00000000edf7afb0,0x00000000edf80000)
  to   space 6144K, 0% used [0x00000000f0200000,0x00000000f0200000,0x00000000f0800000)
 ParOldGen       total 42496K, used 7991K [0x00000000c3a00000, 0x00000000c6380000, 0x00000000ebe00000)
  object space 42496K, 18% used [0x00000000c3a00000,0x00000000c41cdd00,0x00000000c6380000)
 Metaspace       used 15936K, capacity 16440K, committed 16640K, reserved 1062912K
  class space    used 2073K, capacity 2234K, committed 2304K, reserved 1048576K
Event: 5.036 GC heap after
Heap after GC invocations=6 (full 0):
 PSYoungGen      total 68608K, used 5964K [0x00000000ebe00000, 0x00000000f0a00000, 0x0000000100000000)
  eden space 62464K, 0% used [0x00000000ebe00000,0x00000000ebe00000,0x00000000efb00000)
  from space 6144K, 97% used [0x00000000f0200000,0x00000000f07d3100,0x00000000f0800000)
  to   space 7168K, 0% used [0x00000000efb00000,0x00000000efb00000,0x00000000f0200000)
 ParOldGen       total 42496K, used 7999K [0x00000000c3a00000, 0x00000000c6380000, 0x00000000ebe00000)
  object space 42496K, 18% used [0x00000000c3a00000,0x00000000c41cfd00,0x00000000c6380000)
 Metaspace       used 15936K, capacity 16440K, committed 16640K, reserved 1062912K
  class space    used 2073K, capacity 2234K, committed 2304K, reserved 1048576K
}
Event: 5.763 GC heap before
{Heap before GC invocations=7 (full 0):
 PSYoungGen      total 68608K, used 54307K [0x00000000ebe00000, 0x00000000f0a00000, 0x0000000100000000)
  eden space 62464K, 77% used [0x00000000ebe00000,0x00000000eed35cc8,0x00000000efb00000)
  from space 6144K, 97% used [0x00000000f0200000,0x00000000f07d3100,0x00000000f0800000)
  to   space 7168K, 0% used [0x00000000efb00000,0x00000000efb00000,0x00000000f0200000)
 ParOldGen       total 42496K, used 7999K [0x00000000c3a00000, 0x00000000c6380000, 0x00000000ebe00000)
  object space 42496K, 18% used [0x00000000c3a00000,0x00000000c41cfd00,0x00000000c6380000)
 Metaspace       used 20687K, capacity 21178K, committed 21296K, reserved 1067008K
  class space    used 2681K, capacity 2831K, committed 2944K, reserved 1048576K
Event: 5.774 GC heap after
Heap after GC invocations=7 (full 0):
 PSYoungGen      total 69632K, used 7159K [0x00000000ebe00000, 0x00000000f4900000, 0x0000000100000000)
  eden space 62464K, 0% used [0x00000000ebe00000,0x00000000ebe00000,0x00000000efb00000)
  from space 7168K, 99% used [0x00000000efb00000,0x00000000f01fdcd0,0x00000000f0200000)
  to   space 8704K, 0% used [0x00000000f4080000,0x00000000f4080000,0x00000000f4900000)
 ParOldGen       total 42496K, used 9649K [0x00000000c3a00000, 0x00000000c6380000, 0x00000000ebe00000)
  object space 42496K, 22% used [0x00000000c3a00000,0x00000000c436c678,0x00000000c6380000)
 Metaspace       used 20687K, capacity 21178K, committed 21296K, reserved 1067008K
  class space    used 2681K, capacity 2831K, committed 2944K, reserved 1048576K
}
Event: 5.774 GC heap before
{Heap before GC invocations=8 (full 1):
 PSYoungGen      total 69632K, used 7159K [0x00000000ebe00000, 0x00000000f4900000, 0x0000000100000000)
  eden space 62464K, 0% used [0x00000000ebe00000,0x00000000ebe00000,0x00000000efb00000)
  from space 7168K, 99% used [0x00000000efb00000,0x00000000f01fdcd0,0x00000000f0200000)
  to   space 8704K, 0% used [0x00000000f4080000,0x00000000f4080000,0x00000000f4900000)
 ParOldGen       total 42496K, used 9649K [0x00000000c3a00000, 0x00000000c6380000, 0x00000000ebe00000)
  object space 42496K, 22% used [0x00000000c3a00000,0x00000000c436c678,0x00000000c6380000)
 Metaspace       used 20687K, capacity 21178K, committed 21296K, reserved 1067008K
  class space    used 2681K, capacity 2831K, committed 2944K, reserved 1048576K
Event: 5.806 GC heap after
Heap after GC invocations=8 (full 1):
 PSYoungGen      total 69632K, used 0K [0x00000000ebe00000, 0x00000000f4900000, 0x0000000100000000)
  eden space 62464K, 0% used [0x00000000ebe00000,0x00000000ebe00000,0x00000000efb00000)
  from space 7168K, 0% used [0x00000000efb00000,0x00000000efb00000,0x00000000f0200000)
  to   space 8704K, 0% used [0x00000000f4080000,0x00000000f4080000,0x00000000f4900000)
 ParOldGen       total 33280K, used 9117K [0x00000000c3a00000, 0x00000000c5a80000, 0x00000000ebe00000)
  object space 33280K, 27% used [0x00000000c3a00000,0x00000000c42e7488,0x00000000c5a80000)
 Metaspace       used 20685K, capacity 21172K, committed 21296K, reserved 1067008K
  class space    used 2680K, capacity 2830K, committed 2944K, reserved 1048576K
}
Event: 7.360 GC heap before
{Heap before GC invocations=9 (full 1):
 PSYoungGen      total 69632K, used 62464K [0x00000000ebe00000, 0x00000000f4900000, 0x0000000100000000)
  eden space 62464K, 100% used [0x00000000ebe00000,0x00000000efb00000,0x00000000efb00000)
  from space 7168K, 0% used [0x00000000efb00000,0x00000000efb00000,0x00000000f0200000)
  to   space 8704K, 0% used [0x00000000f4080000,0x00000000f4080000,0x00000000f4900000)
 ParOldGen       total 33280K, used 9117K [0x00000000c3a00000, 0x00000000c5a80000, 0x00000000ebe00000)
  object space 33280K, 27% used [0x00000000c3a00000,0x00000000c42e7488,0x00000000c5a80000)
 Metaspace       used 26927K, capacity 27782K, committed 28032K, reserved 1073152K
  class space    used 3487K, capacity 3705K, committed 3712K, reserved 1048576K
Event: 7.369 GC heap after
Heap after GC invocations=9 (full 1):
 PSYoungGen      total 111104K, used 5872K [0x00000000ebe00000, 0x00000000f4680000, 0x0000000100000000)
  eden space 104960K, 0% used [0x00000000ebe00000,0x00000000ebe00000,0x00000000f2480000)
  from space 6144K, 95% used [0x00000000f4080000,0x00000000f463c398,0x00000000f4680000)
  to   space 8704K, 0% used [0x00000000f3580000,0x00000000f3580000,0x00000000f3e00000)
 ParOldGen       total 33280K, used 9189K [0x00000000c3a00000, 0x00000000c5a80000, 0x00000000ebe00000)
  object space 33280K, 27% used [0x00000000c3a00000,0x00000000c42f9498,0x00000000c5a80000)
 Metaspace       used 26927K, capacity 27782K, committed 28032K, reserved 1073152K
  class space    used 3487K, capacity 3705K, committed 3712K, reserved 1048576K
}

Deoptimization events (10 events):
Event: 6.126 Thread 0x00007f9c58002800 Uncommon trap: reason=bimorphic action=maybe_recompile pc=0x00007f9c9d4e1f40 method=java.util.HashMap.putVal(ILjava/lang/Object;Ljava/lang/Object;ZZ)Ljava/lang/Object; @ 203
Event: 6.143 Thread 0x00007f9c5c099000 Uncommon trap: reason=unstable_if action=reinterpret pc=0x00007f9c9d5bc5c0 method=com.sun.org.apache.xerces.internal.impl.XMLEntityScanner.skipSpaces()Z @ 125
Event: 6.210 Thread 0x00007f9c58002800 Uncommon trap: reason=unstable_if action=reinterpret pc=0x00007f9c9d53a8d8 method=java.util.HashMap.getNode(ILjava/lang/Object;)Ljava/util/HashMap$Node; @ 129
Event: 6.210 Thread 0x00007f9c58002800 Uncommon trap: reason=bimorphic action=maybe_recompile pc=0x00007f9c9d4e1f40 method=java.util.HashMap.putVal(ILjava/lang/Object;Ljava/lang/Object;ZZ)Ljava/lang/Object; @ 203
Event: 6.210 Thread 0x00007f9c58002800 Uncommon trap: reason=unstable_if action=reinterpret pc=0x00007f9c9d2618ac method=java.util.HashMap.getNode(ILjava/lang/Object;)Ljava/util/HashMap$Node; @ 129
Event: 6.478 Thread 0x00007f9c58002800 Uncommon trap: reason=unstable_if action=reinterpret pc=0x00007f9c9d3609b4 method=org.springframework.util.ConcurrentReferenceHashMap$Segment.clear()V @ 4
Event: 6.555 Thread 0x00007f9c58002800 Uncommon trap: reason=unstable_if action=reinterpret pc=0x00007f9c9d430690 method=java.net.URL.<init>(Ljava/net/URL;Ljava/lang/String;Ljava/net/URLStreamHandler;)V @ 347
Event: 6.612 Thread 0x00007f9c58002800 Uncommon trap: reason=unstable_if action=reinterpret pc=0x00007f9c9d4ebf30 method=java.net.URLStreamHandler.parseURL(Ljava/net/URL;Ljava/lang/String;II)V @ 690
Event: 6.655 Thread 0x00007f9c58002800 Uncommon trap: reason=unstable_if action=reinterpret pc=0x00007f9c9d2c046c method=java.net.URI.match(CJJ)Z @ 45
Event: 6.809 Thread 0x00007f9c58002800 Uncommon trap: reason=unstable_if action=reinterpret pc=0x00007f9c9d6edc70 method=java.util.concurrent.ConcurrentHashMap.get(Ljava/lang/Object;)Ljava/lang/Object; @ 76

Internal exceptions (10 events):
Event: 5.390 Thread 0x00007f9c58002800 Exception <a 'java/lang/ClassNotFoundException': org/springframework/beans/factory/AwareCustomizer> (0x00000000ed82a9f0) thrown at [/HUDSON/workspace/8-2-build-linux-amd64/jdk8u151/9699/hotspot/src/share/vm/classfile/systemDictionary.cpp, line 210]
Event: 5.391 Thread 0x00007f9c58002800 Exception <a 'java/lang/ClassNotFoundException': org/springframework/context/EnvironmentAwareCustomizer> (0x00000000ed84d228) thrown at [/HUDSON/workspace/8-2-build-linux-amd64/jdk8u151/9699/hotspot/src/share/vm/classfile/systemDictionary.cpp, line 210]
Event: 5.392 Thread 0x00007f9c58002800 Exception <a 'java/lang/ClassNotFoundException': org/springframework/beans/factory/AwareCustomizer> (0x00000000ed86e770) thrown at [/HUDSON/workspace/8-2-build-linux-amd64/jdk8u151/9699/hotspot/src/share/vm/classfile/systemDictionary.cpp, line 210]
Event: 5.525 Thread 0x00007f9c5c099000 Exception <a 'java/lang/IncompatibleClassChangeError': Found class java.lang.Object, but interface was expected> (0x00000000ee3f8600) thrown at [/HUDSON/workspace/8-2-build-linux-amd64/jdk8u151/9699/hotspot/src/share/vm/interpreter/linkResolver.cpp, line 
Event: 6.577 Thread 0x00007f9c58002800 Exception <a 'java/lang/NoClassDefFoundError': org/springframework/jdbc/CannotGetJdbcConnectionException> (0x00000000ee2b0ee0) thrown at [/HUDSON/workspace/8-2-build-linux-amd64/jdk8u151/9699/hotspot/src/share/vm/classfile/systemDictionary.cpp, line 199]
Event: 6.584 Thread 0x00007f9c58002800 Exception <a 'java/lang/ClassNotFoundException': java/lang/ObjectCustomizer> (0x00000000ee2eea30) thrown at [/HUDSON/workspace/8-2-build-linux-amd64/jdk8u151/9699/hotspot/src/share/vm/classfile/systemDictionary.cpp, line 210]
Event: 6.585 Thread 0x00007f9c58002800 Exception <a 'java/lang/ClassNotFoundException': org/springframework/cloud/config/client/ConfigClientPropertiesCustomizer> (0x00000000ee31da98) thrown at [/HUDSON/workspace/8-2-build-linux-amd64/jdk8u151/9699/hotspot/src/share/vm/classfile/systemDictionar
Event: 6.909 Thread 0x00007f9c58002800 Exception <a 'java/net/ConnectException'> (0x00000000eed52e80) thrown at [/HUDSON/workspace/8-2-build-linux-amd64/jdk8u151/9699/hotspot/src/share/vm/prims/jni.cpp, line 709]
Event: 7.043 Thread 0x00007f9c58002800 Exception <a 'java/lang/NoSuchMethodError': java.lang.Object.lambda$comparing$77a9974f$1(Ljava/util/function/Function;Ljava/lang/Object;Ljava/lang/Object;)I> (0x00000000ef0b1ef8) thrown at [/HUDSON/workspace/8-2-build-linux-amd64/jdk8u151/9699/hotspot/src
Event: 7.607 Thread 0x00007f9c58002800 Exception <a 'java/lang/IncompatibleClassChangeError': Found class java.lang.Object, but interface was expected> (0x00000000ec8bd880) thrown at [/HUDSON/workspace/8-2-build-linux-amd64/jdk8u151/9699/hotspot/src/share/vm/interpreter/linkResolver.cpp, line 

Events (10 events):
Event: 7.832 loading class org/springframework/boot/autoconfigure/web/servlet/ConditionalOnMissingFilterBean
Event: 7.832 loading class org/springframework/boot/autoconfigure/web/servlet/ConditionalOnMissingFilterBean done
Event: 7.833 loading class org/springframework/boot/web/servlet/FilterRegistrationBean
Event: 7.833 loading class org/springframework/boot/web/servlet/FilterRegistrationBean done
Event: 7.833 loading class org/springframework/boot/web/servlet/AbstractFilterRegistrationBean
Event: 7.833 loading class org/springframework/boot/web/servlet/AbstractFilterRegistrationBean done
Event: 7.839 loading class javax/annotation/meta/When
Event: 7.839 loading class javax/annotation/meta/When done
Event: 7.840 loading class javax/annotation/meta/TypeQualifier
Event: 7.840 loading class javax/annotation/meta/TypeQualifier done


Dynamic libraries:
00400000-00401000 r-xp 00000000 08:01 55058186                           /usr/lib/jvm/java-8-oracle/bin/java
00600000-00601000 rw-p 00000000 08:01 55058186                           /usr/lib/jvm/java-8-oracle/bin/java
02493000-024b4000 rw-p 00000000 00:00 0                                  [heap]
c3a00000-c5a80000 rw-p 00000000 00:00 0 
c5a80000-ebe00000 ---p 00000000 00:00 0 
ebe00000-f4680000 rw-p 00000000 00:00 0 
f4680000-100000000 ---p 00000000 00:00 0 
100000000-1003c0000 rw-p 00000000 00:00 0 
1003c0000-140000000 ---p 00000000 00:00 0 
7f9c50000000-7f9c5038e000 rw-p 00000000 00:00 0 
7f9c5038e000-7f9c54000000 ---p 00000000 00:00 0 
7f9c54000000-7f9c54021000 rw-p 00000000 00:00 0 
7f9c54021000-7f9c58000000 ---p 00000000 00:00 0 
7f9c58000000-7f9c58021000 rw-p 00000000 00:00 0 
7f9c58021000-7f9c5c000000 ---p 00000000 00:00 0 
7f9c5c000000-7f9c5c63c000 rw-p 00000000 00:00 0 
7f9c5c63c000-7f9c60000000 ---p 00000000 00:00 0 
7f9c60000000-7f9c60021000 rw-p 00000000 00:00 0 
7f9c60021000-7f9c64000000 ---p 00000000 00:00 0 
7f9c64000000-7f9c64021000 rw-p 00000000 00:00 0 
7f9c64021000-7f9c68000000 ---p 00000000 00:00 0 
7f9c68000000-7f9c690ee000 rw-p 00000000 00:00 0 
7f9c690ee000-7f9c6c000000 ---p 00000000 00:00 0 
7f9c6c000000-7f9c6cbab000 rw-p 00000000 00:00 0 
7f9c6cbab000-7f9c70000000 ---p 00000000 00:00 0 
7f9c70000000-7f9c70021000 rw-p 00000000 00:00 0 
7f9c70021000-7f9c74000000 ---p 00000000 00:00 0 
7f9c74000000-7f9c7532c000 rw-p 00000000 00:00 0 
7f9c7532c000-7f9c78000000 ---p 00000000 00:00 0 
7f9c78000000-7f9c78021000 rw-p 00000000 00:00 0 
7f9c78021000-7f9c7c000000 ---p 00000000 00:00 0 
7f9c7c000000-7f9c7c021000 rw-p 00000000 00:00 0 
7f9c7c021000-7f9c80000000 ---p 00000000 00:00 0 
7f9c80000000-7f9c80021000 rw-p 00000000 00:00 0 
7f9c80021000-7f9c84000000 ---p 00000000 00:00 0 
7f9c84000000-7f9c84021000 rw-p 00000000 00:00 0 
7f9c84021000-7f9c88000000 ---p 00000000 00:00 0 
7f9c88000000-7f9c88021000 rw-p 00000000 00:00 0 
7f9c88021000-7f9c8c000000 ---p 00000000 00:00 0 
7f9c8c9cb000-7f9c8cbcb000 rw-p 00000000 00:00 0 
7f9c8cdee000-7f9c8cdff000 r-xp 00000000 08:01 59244900                   /usr/lib/jvm/java-8-oracle/jre/lib/amd64/libnio.so
7f9c8cdff000-7f9c8cffe000 ---p 00011000 08:01 59244900                   /usr/lib/jvm/java-8-oracle/jre/lib/amd64/libnio.so
7f9c8cffe000-7f9c8cfff000 rw-p 00010000 08:01 59244900                   /usr/lib/jvm/java-8-oracle/jre/lib/amd64/libnio.so
7f9c8cfff000-7f9c90000000 rw-p 00000000 00:00 0 
7f9c90000000-7f9c90021000 rw-p 00000000 00:00 0 
7f9c90021000-7f9c94000000 ---p 00000000 00:00 0 
7f9c94132000-7f9c9413c000 r--s 00116000 08:01 59244753                   /usr/lib/jvm/java-8-oracle/jre/lib/ext/localedata.jar
7f9c9413c000-7f9c9433c000 rw-p 00000000 00:00 0 
7f9c9433c000-7f9c9453c000 rw-p 00000000 00:00 0 
7f9c9453c000-7f9c9473c000 rw-p 00000000 00:00 0 
7f9c9473c000-7f9c9493c000 rw-p 00000000 00:00 0 
7f9c9493c000-7f9c94b3c000 rw-p 00000000 00:00 0 
7f9c94b3c000-7f9c94b45000 r-xp 00000000 08:01 59244905                   /usr/lib/jvm/java-8-oracle/jre/lib/amd64/libmanagement.so
7f9c94b45000-7f9c94d44000 ---p 00009000 08:01 59244905                   /usr/lib/jvm/java-8-oracle/jre/lib/amd64/libmanagement.so
7f9c94d44000-7f9c94d45000 rw-p 00008000 08:01 59244905                   /usr/lib/jvm/java-8-oracle/jre/lib/amd64/libmanagement.so
7f9c94d45000-7f9c94d5c000 r-xp 00000000 08:01 17961626                   /lib/x86_64-linux-gnu/libresolv-2.23.so
7f9c94d5c000-7f9c94f5c000 ---p 00017000 08:01 17961626                   /lib/x86_64-linux-gnu/libresolv-2.23.so
7f9c94f5c000-7f9c94f5d000 r--p 00017000 08:01 17961626                   /lib/x86_64-linux-gnu/libresolv-2.23.so
7f9c94f5d000-7f9c94f5e000 rw-p 00018000 08:01 17961626                   /lib/x86_64-linux-gnu/libresolv-2.23.so
7f9c94f5e000-7f9c94f60000 rw-p 00000000 00:00 0 
7f9c94f60000-7f9c94f65000 r-xp 00000000 08:01 17961632                   /lib/x86_64-linux-gnu/libnss_dns-2.23.so
7f9c94f65000-7f9c95165000 ---p 00005000 08:01 17961632                   /lib/x86_64-linux-gnu/libnss_dns-2.23.so
7f9c95165000-7f9c95166000 r--p 00005000 08:01 17961632                   /lib/x86_64-linux-gnu/libnss_dns-2.23.so
7f9c95166000-7f9c95167000 rw-p 00006000 08:01 17961632                   /lib/x86_64-linux-gnu/libnss_dns-2.23.so
7f9c95167000-7f9c95183000 r--s 00393000 08:01 59244746                   /usr/lib/jvm/java-8-oracle/jre/lib/ext/cldrdata.jar
7f9c95183000-7f9c95383000 rw-p 00000000 00:00 0 
7f9c95383000-7f9c95386000 ---p 00000000 00:00 0 
7f9c95386000-7f9c95484000 rw-p 00000000 00:00 0 
7f9c95484000-7f9c9551a000 r--s 01110000 08:01 59244747                   /usr/lib/jvm/java-8-oracle/jre/lib/ext/jfxrt.jar
7f9c9551a000-7f9c95531000 r-xp 00000000 08:01 59244897                   /usr/lib/jvm/java-8-oracle/jre/lib/amd64/libnet.so
7f9c95531000-7f9c95730000 ---p 00017000 08:01 59244897                   /usr/lib/jvm/java-8-oracle/jre/lib/amd64/libnet.so
7f9c95730000-7f9c95731000 rw-p 00016000 08:01 59244897                   /usr/lib/jvm/java-8-oracle/jre/lib/amd64/libnet.so
7f9c95731000-7f9c95931000 rw-p 00000000 00:00 0 
7f9c95931000-7f9c95934000 ---p 00000000 00:00 0 
7f9c95934000-7f9c95a32000 rw-p 00000000 00:00 0 
7f9c95a32000-7f9c95a35000 ---p 00000000 00:00 0 
7f9c95a35000-7f9c95b33000 rw-p 00000000 00:00 0 
7f9c95b33000-7f9c95b36000 ---p 00000000 00:00 0 
7f9c95b36000-7f9c95c34000 rw-p 00000000 00:00 0 
7f9c95c34000-7f9c95c35000 r--s 00005000 08:01 39191385                   /home/sudip/.m2/repository/org/springframework/spring-jcl/5.1.6.RELEASE/spring-jcl-5.1.6.RELEASE.jar
7f9c95c35000-7f9c95c4d000 r--s 00124000 08:01 39191383                   /home/sudip/.m2/repository/org/springframework/spring-core/5.1.6.RELEASE/spring-core-5.1.6.RELEASE.jar
7f9c95c4d000-7f9c95c71000 r--s 00111000 08:01 39191371                   /home/sudip/.m2/repository/org/springframework/boot/spring-boot-autoconfigure/2.1.4.RELEASE/spring-boot-autoconfigure-2.1.4.RELEASE.jar
7f9c95c71000-7f9c95c86000 r--s 000d4000 08:01 39191369                   /home/sudip/.m2/repository/org/springframework/boot/spring-boot/2.1.4.RELEASE/spring-boot-2.1.4.RELEASE.jar
7f9c95c86000-7f9c95c8c000 r--s 0002e000 08:01 39191367                   /home/sudip/.m2/repository/org/springframework/boot/spring-boot-devtools/2.1.4.RELEASE/spring-boot-devtools-2.1.4.RELEASE.jar
7f9c95c8c000-7f9c95c8e000 r--s 00005000 08:01 39321987                   /home/sudip/.m2/repository/xpp3/xpp3_min/1.1.4c/xpp3_min-1.1.4c.jar
7f9c95c8e000-7f9c95c8f000 r--s 00001000 08:01 39321985                   /home/sudip/.m2/repository/xmlpull/xmlpull/1.1.3.1/xmlpull-1.1.3.1.jar
7f9c95c8f000-7f9c95c9d000 r--s 00082000 08:01 39321983                   /home/sudip/.m2/repository/com/thoughtworks/xstream/xstream/1.4.10/xstream-1.4.10.jar
7f9c95c9d000-7f9c95c9f000 r--s 00003000 08:01 39321989                   /home/sudip/.m2/repository/com/netflix/ribbon/ribbon-eureka/2.3.0/ribbon-eureka-2.3.0.jar
7f9c95c9f000-7f9c95ca3000 r--s 00024000 08:01 39321979                   /home/sudip/.m2/repository/org/codehaus/woodstox/stax2-api/3.1.4/stax2-api-3.1.4.jar
7f9c95ca3000-7f9c95ca5000 r--s 00004000 08:01 39321973                   /home/sudip/.m2/repository/javax/xml/stream/stax-api/1.0-2/stax-api-1.0-2.jar
7f9c95ca5000-7f9c95cab000 r--s 00071000 08:01 39321971                   /home/sudip/.m2/repository/org/codehaus/woodstox/woodstox-core-asl/4.4.1/woodstox-core-asl-4.4.1.jar
7f9c95cab000-7f9c95cb0000 r--s 0003a000 08:01 39321969                   /home/sudip/.m2/repository/com/netflix/eureka/eureka-core/1.9.8/eureka-core-1.9.8.jar
7f9c95cb0000-7f9c95cb5000 r--s 00024000 08:01 39321963                   /home/sudip/.m2/repository/com/github/andrewoma/dexx/dexx-collections/0.2/dexx-collections-0.2.jar
7f9c95cb5000-7f9c95cb6000 r--s 00004000 08:01 39321961                   /home/sudip/.m2/repository/com/github/vlsi/compactmap/compactmap/1.2.1/compactmap-1.2.1.jar
7f9c95cb6000-7f9c95cb8000 r--s 00000000 08:01 36832169                   /home/sudip/.m2/repository/aopalliance/aopalliance/1.0/aopalliance-1.0.jar
7f9c95cb8000-7f9c95cc6000 r--s 00097000 08:01 39321959                   /home/sudip/.m2/repository/com/google/inject/guice/4.1.0/guice-4.1.0.jar
7f9c95cc6000-7f9c95cd0000 r--s 00061000 08:01 39192053                   /home/sudip/.m2/repository/com/sun/jersey/jersey-core/1.19.1/jersey-core-1.19.1.jar
7f9c95cd0000-7f9c95cd2000 r--s 0000a000 08:01 39192054                   /home/sudip/.m2/repository/javax/ws/rs/jsr311-api/1.1.1/jsr311-api-1.1.1.jar
7f9c95cd2000-7f9c95ce5000 r--s 000df000 08:01 39321957                   /home/sudip/.m2/repository/org/apache/commons/commons-math/2.2/commons-math-2.2.jar
7f9c95ce5000-7f9c95cea000 r--s 00036000 08:01 39321955                   /home/sudip/.m2/repository/com/google/code/gson/gson/2.8.5/gson-2.8.5.jar
7f9c95cea000-7f9c95cef000 r--s 00068000 08:01 36962986                   /home/sudip/.m2/repository/antlr/antlr/2.7.7/antlr-2.7.7.jar
7f9c95cef000-7f9c95cf2000 r--s 00022000 08:01 39321953                   /home/sudip/.m2/repository/org/antlr/stringtemplate/3.2.1/stringtemplate-3.2.1.jar
7f9c95cf2000-7f9c95cf6000 r--s 00025000 08:01 39321951                   /home/sudip/.m2/repository/org/antlr/antlr-runtime/3.4/antlr-runtime-3.4.jar
7f9c95cf6000-7f9c95d07000 r--s 0008c000 08:01 39321949                   /home/sudip/.m2/repository/joda-time/joda-time/2.10.1/joda-time-2.10.1.jar
7f9c95d07000-7f9c95d0d000 r--s 00044000 08:01 39321947                   /home/sudip/.m2/repository/commons-jxpath/commons-jxpath/1.3/commons-jxpath-1.3.jar
7f9c95d0d000-7f9c95d10000 r--s 00016000 08:01 39321945                   /home/sudip/.m2/repository/com/netflix/netflix-commons/netflix-infix/0.3.0/netflix-infix-0.3.0.jar
7f9c95d10000-7f9c95d12000 r--s 0000f000 08:01 39321943                   /home/sudip/.m2/repository/com/netflix/netflix-commons/netflix-eventbus/0.3.0/netflix-eventbus-0.3.0.jar
7f9c95d12000-7f9c95d14000 r--s 00005000 08:01 39321941                   /home/sudip/.m2/repository/stax/stax-api/1.0.1/stax-api-1.0.1.jar
7f9c95d14000-7f9c95d17000 r--s 00012000 08:01 39321939                   /home/sudip/.m2/repository/org/codehaus/jettison/jettison/1.3.7/jettison-1.3.7.jar
7f9c95d17000-7f9c95d21000 r--s 00062000 08:01 39321937                   /home/sudip/.m2/repository/com/netflix/eureka/eureka-client/1.9.8/eureka-client-1.9.8.jar
7f9c95d21000-7f9c95d25000 r--s 00015000 08:01 39321935                   /home/sudip/.m2/repository/org/springframework/cloud/spring-cloud-netflix-eureka-client/2.1.1.RELEASE/spring-cloud-netflix-eureka-client-2.1.1.RELEASE.jar
7f9c95d25000-7f9c95d28000 r--s 00005000 08:01 39321933                   /home/sudip/.m2/repository/org/springframework/cloud/spring-cloud-netflix-hystrix/2.1.1.RELEASE/spring-cloud-netflix-hystrix-2.1.1.RELEASE.jar
7f9c95d28000-7f9c95d29000 r--s 00000000 08:01 39322039                   /home/sudip/.m2/repository/org/springframework/cloud/spring-cloud-netflix-core/2.1.1.RELEASE/spring-cloud-netflix-core-2.1.1.RELEASE.jar
7f9c95d29000-7f9c95d2a000 r--s 00000000 08:01 39322050                   /home/sudip/.m2/repository/org/springframework/cloud/spring-cloud-starter-netflix-eureka-client/2.0.0.RELEASE/spring-cloud-starter-netflix-eureka-client-2.0.0.RELEASE.jar
7f9c95d2a000-7f9c95d43000 r--s 00102000 08:01 39191883                   /home/sudip/.m2/repository/io/reactivex/rxjava/1.3.8/rxjava-1.3.8.jar
7f9c95d43000-7f9c95d45000 r--s 00002000 08:01 39192052                   /home/sudip/.m2/repository/com/netflix/netflix-commons/netflix-statistics/0.1.1/netflix-statistics-0.1.1.jar
7f9c95d45000-7f9c95d49000 r--s 00024000 08:01 39192035                   /home/sudip/.m2/repository/com/netflix/ribbon/ribbon-loadbalancer/2.3.0/ribbon-loadbalancer-2.3.0.jar
7f9c95d49000-7f9c95d4b000 r--s 00001000 08:01 39192061                   /home/sudip/.m2/repository/com/netflix/netflix-commons/netflix-commons-util/0.3.0/netflix-commons-util-0.3.0.jar
7f9c95d4b000-7f9c95d50000 r--s 00033000 08:01 39192059                   /home/sudip/.m2/repository/com/netflix/servo/servo-core/0.12.21/servo-core-0.12.21.jar
7f9c95d50000-7f9c95d52000 r--s 00003000 08:01 39192057                   /home/sudip/.m2/repository/com/sun/jersey/contribs/jersey-apache-client4/1.19.1/jersey-apache-client4-1.19.1.jar
7f9c95d52000-7f9c95d55000 r--s 0001e000 08:01 39192050                   /home/sudip/.m2/repository/com/sun/jersey/jersey-client/1.19.1/jersey-client-1.19.1.jar
7f9c95d55000-7f9c95d5c000 r--s 0004b000 08:01 39192055                   /home/sudip/.m2/repository/commons-codec/commons-codec/1.11/commons-codec-1.11.jar
7f9c95d5c000-7f9c95d63000 r--s 00049000 08:01 39190823                   /home/sudip/.m2/repository/org/apache/httpcomponents/httpcore/4.4.11/httpcore-4.4.11.jar
7f9c95d63000-7f9c95d70000 r--s 000b0000 08:01 39190819                   /home/sudip/.m2/repository/org/apache/httpcomponents/httpclient/4.5.8/httpclient-4.5.8.jar
7f9c95d70000-7f9c95d7d000 r--s 00083000 08:01 39062505                   /home/sudip/.m2/repository/commons-collections/commons-collections/3.2.2/commons-collections-3.2.2.jar
7f9c95d7d000-7f9c95d7f000 r--s 0000c000 08:01 39192048                   /home/sudip/.m2/repository/com/netflix/ribbon/ribbon-httpclient/2.3.0/ribbon-httpclient-2.3.0.jar
7f9c95d7f000-7f9c95d84000 r--s 00041000 08:01 36569568                   /home/sudip/.m2/repository/commons-lang/commons-lang/2.6/commons-lang-2.6.jar
7f9c95d84000-7f9c95d88000 r--s 00011000 08:01 39192046                   /home/sudip/.m2/repository/com/netflix/ribbon/ribbon-core/2.3.0/ribbon-core-2.3.0.jar
7f9c95d88000-7f9c95db3000 r--s 001f5000 08:01 39192044                   /home/sudip/.m2/repository/com/google/guava/guava/16.0.1/guava-16.0.1.jar
7f9c95db3000-7f9c95db5000 r--s 00007000 08:01 39321633                   /home/sudip/.m2/repository/io/netty/netty-transport-native-unix-common/4.1.34.Final/netty-transport-native-unix-common-4.1.34.Final.jar
7f9c95db5000-7f9c95db8000 r--s 0001a000 08:01 39321631                   /home/sudip/.m2/repository/io/netty/netty-transport-native-epoll/4.1.34.Final/netty-transport-native-epoll-4.1.34.Final.jar
7f9c95db8000-7f9c95dc1000 r--s 00060000 08:01 39321629                   /home/sudip/.m2/repository/io/netty/netty-handler/4.1.34.Final/netty-handler-4.1.34.Final.jar
7f9c95dc1000-7f9c95dc7000 r--s 00048000 08:01 39321627                   /home/sudip/.m2/repository/io/netty/netty-codec/4.1.34.Final/netty-codec-4.1.34.Final.jar
7f9c95dc7000-7f9c95dc9000 r--s 00007000 08:01 39321625                   /home/sudip/.m2/repository/io/netty/netty-resolver/4.1.34.Final/netty-resolver-4.1.34.Final.jar
7f9c95dc9000-7f9c95dd3000 r--s 00068000 08:01 39192213                   /home/sudip/.m2/repository/io/netty/netty-transport/4.1.34.Final/netty-transport-4.1.34.Final.jar
7f9c95dd3000-7f9c95dd6000 r--s 00041000 08:01 39192211                   /home/sudip/.m2/repository/io/netty/netty-buffer/4.1.34.Final/netty-buffer-4.1.34.Final.jar
7f9c95dd6000-7f9c95de2000 r--s 00084000 08:01 39192209                   /home/sudip/.m2/repository/io/netty/netty-common/4.1.34.Final/netty-common-4.1.34.Final.jar
7f9c95de2000-7f9c95dec000 r--s 00080000 08:01 39192207                   /home/sudip/.m2/repository/io/netty/netty-codec-http/4.1.34.Final/netty-codec-http-4.1.34.Final.jar
7f9c95dec000-7f9c95df6000 r--s 00059000 08:01 39192042                   /home/sudip/.m2/repository/io/reactivex/rxnetty/0.4.9/rxnetty-0.4.9.jar
7f9c95df6000-7f9c95df7000 r--s 00000000 08:01 36963004                   /home/sudip/.m2/repository/javax/inject/javax.inject/1/javax.inject-1.jar
7f9c95df7000-7f9c95df9000 r--s 00006000 08:01 39192040                   /home/sudip/.m2/repository/io/reactivex/rxnetty-servo/0.4.9/rxnetty-servo-0.4.9.jar
7f9c95df9000-7f9c95dfc000 r--s 0000b000 08:01 39192038                   /home/sudip/.m2/repository/io/reactivex/rxnetty-contexts/0.4.9/rxnetty-contexts-0.4.9.jar
7f9c95dfc000-7f9c95dfd000 r--s 00009000 08:01 39192036                   /home/sudip/.m2/repository/com/netflix/ribbon/ribbon-transport/2.3.0/ribbon-transport-2.3.0.jar
7f9c95dfd000-7f9c95e01000 r--s 00012000 08:01 39192032                   /home/sudip/.m2/repository/com/netflix/ribbon/ribbon/2.3.0/ribbon-2.3.0.jar
7f9c95e01000-7f9c95e05000 r--s 00017000 08:01 39191853                   /home/sudip/.m2/repository/org/springframework/cloud/spring-cloud-netflix-ribbon/2.1.1.RELEASE/spring-cloud-netflix-ribbon-2.1.1.RELEASE.jar
7f9c95e05000-7f9c95e06000 r--s 00000000 08:01 39192205                   /home/sudip/.m2/repository/org/springframework/cloud/spring-cloud-starter-netflix-ribbon/2.0.0.RELEASE/spring-cloud-starter-netflix-ribbon-2.0.0.RELEASE.jar
7f9c95e06000-7f9c95e0d000 r--s 00050000 08:01 39191877                   /home/sudip/.m2/repository/commons-configuration/commons-configuration/1.8/commons-configuration-1.8.jar
7f9c95e0d000-7f9c95e0e000 r--s 00003000 08:01 39191855                   /home/sudip/.m2/repository/org/springframework/cloud/spring-cloud-netflix-archaius/2.1.1.RELEASE/spring-cloud-netflix-archaius-2.1.1.RELEASE.jar
7f9c95e0e000-7f9c95e0f000 r--s 00000000 08:01 39192029                   /home/sudip/.m2/repository/org/springframework/cloud/spring-cloud-starter-netflix-archaius/2.1.1.RELEASE/spring-cloud-starter-netflix-archaius-2.1.1.RELEASE.jar
7f9c95e0f000-7f9c95e1c000 r--s 00066000 08:01 39191881                   /home/sudip/.m2/repository/com/netflix/hystrix/hystrix-core/1.5.18/hystrix-core-1.5.18.jar
7f9c95e1c000-7f9c95e1e000 r--s 00003000 08:01 39191875                   /home/sudip/.m2/repository/com/google/code/findbugs/jsr305/3.0.1/jsr305-3.0.1.jar
7f9c95e1e000-7f9c95e22000 r--s 0001f000 08:01 39191873                   /home/sudip/.m2/repository/com/netflix/archaius/archaius-core/0.7.6/archaius-core-0.7.6.jar
7f9c95e22000-7f9c95e23000 r--s 00003000 08:01 39191871                   /home/sudip/.m2/repository/io/github/openfeign/feign-hystrix/10.1.0/feign-hystrix-10.1.0.jar
7f9c95e23000-7f9c95e25000 r--s 00009000 08:01 39062465                   /home/sudip/.m2/repository/org/slf4j/slf4j-api/1.7.26/slf4j-api-1.7.26.jar
7f9c95e25000-7f9c95e26000 r--s 00000000 08:01 39191869                   /home/sudip/.m2/repository/io/github/openfeign/feign-slf4j/10.1.0/feign-slf4j-10.1.0.jar
7f9c95e26000-7f9c95e29000 r--s 0001e000 08:01 39191867                   /home/sudip/.m2/repository/io/github/openfeign/feign-core/10.1.0/feign-core-10.1.0.jar
7f9c95e29000-7f9c95e2b000 r--s 00010000 08:01 39191361                   /home/sudip/.m2/repository/org/springframework/security/spring-security-crypto/5.1.5.RELEASE/spring-security-crypto-5.1.5.RELEASE.jar
7f9c95e2b000-7f9c95e31000 r--s 0001f000 08:01 39191363                   /home/sudip/.m2/repository/org/springframework/cloud/spring-cloud-commons/2.1.1.RELEASE/spring-cloud-commons-2.1.1.RELEASE.jar
7f9c95e31000-7f9c95e35000 r--s 00027000 08:01 36831839                   /home/sudip/.m2/repository/commons-io/commons-io/2.2/commons-io-2.2.jar
7f9c95e35000-7f9c95e38000 r--s 0000f000 08:01 39191865                   /home/sudip/.m2/repository/commons-fileupload/commons-fileupload/1.3.3/commons-fileupload-1.3.3.jar
7f9c95e38000-7f9c95e39000 r--s 00006000 08:01 39191863                   /home/sudip/.m2/repository/io/github/openfeign/form/feign-form/3.5.0/feign-form-3.5.0.jar
7f9c95e39000-7f9c95e3b000 r--s 00002000 08:01 39191861                   /home/sudip/.m2/repository/io/github/openfeign/form/feign-form-spring/3.5.0/feign-form-spring-3.5.0.jar
7f9c95e3b000-7f9c95e54000 r--s 001de000 08:01 39191859                   /home/sudip/.m2/repository/org/aspectj/aspectjweaver/1.9.2/aspectjweaver-1.9.2.jar
7f9c95e54000-7f9c95e55000 r--s 00000000 08:01 39191857                   /home/sudip/.m2/repository/org/springframework/boot/spring-boot-starter-aop/2.1.4.RELEASE/spring-boot-starter-aop-2.1.4.RELEASE.jar
7f9c95e55000-7f9c95e59000 r--s 00019000 08:01 39191851                   /home/sudip/.m2/repository/org/springframework/cloud/spring-cloud-openfeign-core/2.1.1.RELEASE/spring-cloud-openfeign-core-2.1.1.RELEASE.jar
7f9c95e59000-7f9c95e5a000 r--s 00000000 08:01 39192203                   /home/sudip/.m2/repository/org/springframework/cloud/spring-cloud-starter-openfeign/2.0.0.RELEASE/spring-cloud-starter-openfeign-2.0.0.RELEASE.jar
7f9c95e5a000-7f9c95e5e000 r--s 0004c000 08:01 39062463                   /home/sudip/.m2/repository/com/fasterxml/jackson/core/jackson-core/2.9.8/jackson-core-2.9.8.jar
7f9c95e5e000-7f9c95e70000 r--s 00137000 08:01 39062461                   /home/sudip/.m2/repository/com/fasterxml/jackson/core/jackson-databind/2.9.8/jackson-databind-2.9.8.jar
7f9c95e70000-7f9c95e73000 r--s 0000e000 08:01 36833186                   /home/sudip/.m2/repository/com/fasterxml/jackson/core/jackson-annotations/2.9.0/jackson-annotations-2.9.0.jar
7f9c95e73000-7f9c95e75000 r--s 00007000 08:01 39191365                   /home/sudip/.m2/repository/org/springframework/cloud/spring-cloud-config-client/2.1.1.RELEASE/spring-cloud-config-client-2.1.1.RELEASE.jar
7f9c95e75000-7f9c95ecd000 r--s 003a7000 08:01 39062459                   /home/sudip/.m2/repository/org/bouncycastle/bcprov-jdk15on/1.60/bcprov-jdk15on-1.60.jar
7f9c95ecd000-7f9c95ee0000 r--s 000b0000 08:01 39062457                   /home/sudip/.m2/repository/org/bouncycastle/bcpkix-jdk15on/1.60/bcpkix-jdk15on-1.60.jar
7f9c95ee0000-7f9c95ee1000 r--s 00004000 08:01 39062402                   /home/sudip/.m2/repository/org/springframework/security/spring-security-rsa/1.0.7.RELEASE/spring-security-rsa-1.0.7.RELEASE.jar
7f9c95ee1000-7f9c95ee4000 r--s 00019000 08:01 39191359                   /home/sudip/.m2/repository/org/springframework/cloud/spring-cloud-context/2.1.1.RELEASE/spring-cloud-context-2.1.1.RELEASE.jar
7f9c95ee4000-7f9c95ee5000 r--s 00000000 08:01 39191357                   /home/sudip/.m2/repository/org/springframework/cloud/spring-cloud-starter/2.1.1.RELEASE/spring-cloud-starter-2.1.1.RELEASE.jar
7f9c95ee5000-7f9c95ee6000 r--s 00000000 08:01 39191355                   /home/sudip/.m2/repository/org/springframework/cloud/spring-cloud-starter-config/2.1.1.RELEASE/spring-cloud-starter-config-2.1.1.RELEASE.jar
7f9c95ee6000-7f9c95eeb000 r--s 00040000 08:01 39191353                   /home/sudip/.m2/repository/org/springframework/spring-expression/5.1.6.RELEASE/spring-expression-5.1.6.RELEASE.jar
7f9c95eeb000-7f9c95ef5000 r--s 00051000 08:01 39191351                   /home/sudip/.m2/repository/org/springframework/spring-aop/5.1.6.RELEASE/spring-aop-5.1.6.RELEASE.jar
7f9c95ef5000-7f9c95f04000 r--s 000b5000 08:01 39191349                   /home/sudip/.m2/repository/org/springframework/spring-webmvc/5.1.6.RELEASE/spring-webmvc-5.1.6.RELEASE.jar
7f9c95f04000-7f9c95f11000 r--s 00098000 08:01 39191347                   /home/sudip/.m2/repository/org/springframework/spring-beans/5.1.6.RELEASE/spring-beans-5.1.6.RELEASE.jar
7f9c95f11000-7f9c95f2d000 r--s 00137000 08:01 39191345                   /home/sudip/.m2/repository/org/springframework/spring-web/5.1.6.RELEASE/spring-web-5.1.6.RELEASE.jar
7f9c95f2d000-7f9c95f2f000 r--s 0000f000 08:01 39191343                   /home/sudip/.m2/repository/com/fasterxml/classmate/1.4.0/classmate-1.4.0.jar
7f9c95f2f000-7f9c95f31000 r--s 0000f000 08:01 36833206                   /home/sudip/.m2/repository/org/jboss/logging/jboss-logging/3.3.2.Final/jboss-logging-3.3.2.Final.jar
7f9c95f31000-7f9c95f36000 r--s 00012000 08:01 36833204                   /home/sudip/.m2/repository/javax/validation/validation-api/2.0.1.Final/validation-api-2.0.1.Final.jar
7f9c95f36000-7f9c95f53000 r--s 000fe000 08:01 39062453                   /home/sudip/.m2/repository/org/hibernate/validator/hibernate-validator/6.0.16.Final/hibernate-validator-6.0.16.Final.jar
7f9c95f53000-7f9c95f58000 r--s 0003c000 08:01 39062449                   /home/sudip/.m2/repository/org/apache/tomcat/embed/tomcat-embed-websocket/9.0.17/tomcat-embed-websocket-9.0.17.jar
7f9c95f58000-7f9c95f5d000 r--s 00039000 08:01 39062447                   /home/sudip/.m2/repository/org/apache/tomcat/embed/tomcat-embed-el/9.0.17/tomcat-embed-el-9.0.17.jar
7f9c95f5d000-7f9c95f87000 r--s 002f9000 08:01 39062445                   /home/sudip/.m2/repository/org/apache/tomcat/embed/tomcat-embed-core/9.0.17/tomcat-embed-core-9.0.17.jar
7f9c95f87000-7f9c95f88000 r--s 00000000 08:01 39191341                   /home/sudip/.m2/repository/org/springframework/boot/spring-boot-starter-tomcat/2.1.4.RELEASE/spring-boot-starter-tomcat-2.1.4.RELEASE.jar
7f9c95f88000-7f9c95f8a000 r--s 00001000 08:01 39062443                   /home/sudip/.m2/repository/com/fasterxml/jackson/module/jackson-module-parameter-names/2.9.8/jackson-module-parameter-names-2.9.8.jar
7f9c95f8a000-7f9c95f8c000 r--s 00007000 08:01 39062441                   /home/sudip/.m2/repository/com/fasterxml/jackson/datatype/jackson-datatype-jdk8/2.9.8/jackson-datatype-jdk8-2.9.8.jar
7f9c95f8c000-7f9c95f95000 r--s 0005f000 08:01 39062435                   /home/sudip/.m2/repository/io/micrometer/micrometer-core/1.1.4/micrometer-core-1.1.4.jar
7f9c95f95000-7f9c95faf000 r--s 000f3000 08:01 39191335                   /home/sudip/.m2/repository/org/springframework/spring-context/5.1.6.RELEASE/spring-context-5.1.6.RELEASE.jar
7f9c95faf000-7f9c95fbf000 r--s 0006d000 08:01 39191333                   /home/sudip/.m2/repository/org/springframework/boot/spring-boot-actuator/2.1.4.RELEASE/spring-boot-actuator-2.1.4.RELEASE.jar
7f9c95fbf000-7f9c95fce000 r--s 0005d000 08:01 39191331                   /home/sudip/.m2/repository/org/springframework/boot/spring-boot-actuator-autoconfigure/2.1.4.RELEASE/spring-boot-actuator-autoconfigure-2.1.4.RELEASE.jar
7f9c95fce000-7f9c95fcf000 ---p 00000000 00:00 0 
7f9c95fcf000-7f9c960cf000 rw-p 00000000 00:00 0 
7f9c960cf000-7f9c960d2000 ---p 00000000 00:00 0 
7f9c960d2000-7f9c98000000 rw-p 00000000 00:00 0 
7f9c98000000-7f9c98021000 rw-p 00000000 00:00 0 
7f9c98021000-7f9c9c000000 ---p 00000000 00:00 0 
7f9c9c000000-7f9c9c001000 r--s 00000000 08:01 39191339                   /home/sudip/.m2/repository/org/springframework/boot/spring-boot-starter-json/2.1.4.RELEASE/spring-boot-starter-json-2.1.4.RELEASE.jar
7f9c9c001000-7f9c9c002000 r--s 00000000 08:01 39191337                   /home/sudip/.m2/repository/org/springframework/boot/spring-boot-starter-web/2.1.4.RELEASE/spring-boot-starter-web-2.1.4.RELEASE.jar
7f9c9c002000-7f9c9c004000 r--s 00006000 08:01 39062439                   /home/sudip/.m2/repository/org/latencyutils/LatencyUtils/2.0.3/LatencyUtils-2.0.3.jar
7f9c9c004000-7f9c9c006000 r--s 0001a000 08:01 39062437                   /home/sudip/.m2/repository/org/hdrhistogram/HdrHistogram/2.1.9/HdrHistogram-2.1.9.jar
7f9c9c006000-7f9c9c009000 r--s 00016000 08:01 39062433                   /home/sudip/.m2/repository/com/fasterxml/jackson/datatype/jackson-datatype-jsr310/2.9.8/jackson-datatype-jsr310-2.9.8.jar
7f9c9c009000-7f9c9c010000 r--s 00043000 08:01 39191329                   /home/sudip/.m2/repository/org/yaml/snakeyaml/1.23/snakeyaml-1.23.jar
7f9c9c010000-7f9c9c01b000 r--s 00069000 08:01 36833172                   /home/sudip/.m2/repository/ch/qos/logback/logback-core/1.2.3/logback-core-1.2.3.jar
7f9c9c01b000-7f9c9c01e000 ---p 00000000 00:00 0 
7f9c9c01e000-7f9c9c11c000 rw-p 00000000 00:00 0 
7f9c9c11c000-7f9c9c11f000 ---p 00000000 00:00 0 
7f9c9c11f000-7f9c9c21d000 rw-p 00000000 00:00 0 
7f9c9c21d000-7f9c9c220000 ---p 00000000 00:00 0 
7f9c9c220000-7f9c9c31e000 rw-p 00000000 00:00 0 
7f9c9c31e000-7f9c9c321000 ---p 00000000 00:00 0 
7f9c9c321000-7f9c9c41f000 rw-p 00000000 00:00 0 
7f9c9c41f000-7f9c9c6f7000 r--p 00000000 08:01 54793215                   /usr/lib/locale/locale-archive
7f9c9c6f7000-7f9c9c6fa000 ---p 00000000 00:00 0 
7f9c9c6fa000-7f9c9c7f8000 rw-p 00000000 00:00 0 
7f9c9c7f8000-7f9c9c7fb000 ---p 00000000 00:00 0 
7f9c9c7fb000-7f9c9c8f9000 rw-p 00000000 00:00 0 
7f9c9c8f9000-7f9c9c8fa000 ---p 00000000 00:00 0 
7f9c9c8fa000-7f9c9d000000 rw-p 00000000 00:00 0 
7f9c9d000000-7f9c9d860000 rwxp 00000000 00:00 0 
7f9c9d860000-7f9cac000000 ---p 00000000 00:00 0 
7f9cac000000-7f9cacb58000 rw-p 00000000 00:00 0 
7f9cacb58000-7f9cb0000000 ---p 00000000 00:00 0 
7f9cb0000000-7f9cb0002000 r--s 00005000 08:01 36833180                   /home/sudip/.m2/repository/javax/annotation/javax.annotation-api/1.3.2/javax.annotation-api-1.3.2.jar
7f9cb0002000-7f9cb0004000 r--s 00000000 08:01 39062427                   /home/sudip/.m2/repository/org/slf4j/jul-to-slf4j/1.7.26/jul-to-slf4j-1.7.26.jar
7f9cb0004000-7f9cb000a000 r--s 0003c000 08:01 39062425                   /home/sudip/.m2/repository/org/apache/logging/log4j/log4j-api/2.11.2/log4j-api-2.11.2.jar
7f9cb000a000-7f9cb0010000 r--s 00041000 08:01 36833170                   /home/sudip/.m2/repository/ch/qos/logback/logback-classic/1.2.3/logback-classic-1.2.3.jar
7f9cb0010000-7f9cb0023000 r--s 00345000 08:01 58197565                   /usr/lib/jvm/java-8-oracle/jre/lib/resources.jar
7f9cb0023000-7f9cb09de000 rw-p 00000000 00:00 0 
7f9cb09de000-7f9cb0bb7000 r--s 03d5a000 08:01 58197561                   /usr/lib/jvm/java-8-oracle/jre/lib/rt.jar
7f9cb0bb7000-7f9cb1610000 rw-p 00000000 00:00 0 
7f9cb1610000-7f9cb1611000 ---p 00000000 00:00 0 
7f9cb1611000-7f9cb1711000 rw-p 00000000 00:00 0 
7f9cb1711000-7f9cb1712000 ---p 00000000 00:00 0 
7f9cb1712000-7f9cb1812000 rw-p 00000000 00:00 0 
7f9cb1812000-7f9cb1813000 ---p 00000000 00:00 0 
7f9cb1813000-7f9cb1913000 rw-p 00000000 00:00 0 
7f9cb1913000-7f9cb1914000 ---p 00000000 00:00 0 
7f9cb1914000-7f9cb1a25000 rw-p 00000000 00:00 0 
7f9cb1a25000-7f9cb1b56000 ---p 00000000 00:00 0 
7f9cb1b56000-7f9cb1b67000 rw-p 00000000 00:00 0 
7f9cb1b67000-7f9cb1c98000 ---p 00000000 00:00 0 
7f9cb1c98000-7f9cb1cdd000 rw-p 00000000 00:00 0 
7f9cb1cdd000-7f9cb1d39000 ---p 00000000 00:00 0 
7f9cb1d39000-7f9cb1d5c000 rw-p 00000000 00:00 0 
7f9cb1d5c000-7f9cb20fa000 ---p 00000000 00:00 0 
7f9cb20fa000-7f9cb2115000 r-xp 00000000 08:01 59244893                   /usr/lib/jvm/java-8-oracle/jre/lib/amd64/libzip.so
7f9cb2115000-7f9cb2315000 ---p 0001b000 08:01 59244893                   /usr/lib/jvm/java-8-oracle/jre/lib/amd64/libzip.so
7f9cb2315000-7f9cb2316000 rw-p 0001b000 08:01 59244893                   /usr/lib/jvm/java-8-oracle/jre/lib/amd64/libzip.so
7f9cb2316000-7f9cb2321000 r-xp 00000000 08:01 17961635                   /lib/x86_64-linux-gnu/libnss_files-2.23.so
7f9cb2321000-7f9cb2520000 ---p 0000b000 08:01 17961635                   /lib/x86_64-linux-gnu/libnss_files-2.23.so
7f9cb2520000-7f9cb2521000 r--p 0000a000 08:01 17961635                   /lib/x86_64-linux-gnu/libnss_files-2.23.so
7f9cb2521000-7f9cb2522000 rw-p 0000b000 08:01 17961635                   /lib/x86_64-linux-gnu/libnss_files-2.23.so
7f9cb2522000-7f9cb2528000 rw-p 00000000 00:00 0 
7f9cb2528000-7f9cb2533000 r-xp 00000000 08:01 17961639                   /lib/x86_64-linux-gnu/libnss_nis-2.23.so
7f9cb2533000-7f9cb2732000 ---p 0000b000 08:01 17961639                   /lib/x86_64-linux-gnu/libnss_nis-2.23.so
7f9cb2732000-7f9cb2733000 r--p 0000a000 08:01 17961639                   /lib/x86_64-linux-gnu/libnss_nis-2.23.so
7f9cb2733000-7f9cb2734000 rw-p 0000b000 08:01 17961639                   /lib/x86_64-linux-gnu/libnss_nis-2.23.so
7f9cb2734000-7f9cb274a000 r-xp 00000000 08:01 17956890                   /lib/x86_64-linux-gnu/libnsl-2.23.so
7f9cb274a000-7f9cb2949000 ---p 00016000 08:01 17956890                   /lib/x86_64-linux-gnu/libnsl-2.23.so
7f9cb2949000-7f9cb294a000 r--p 00015000 08:01 17956890                   /lib/x86_64-linux-gnu/libnsl-2.23.so
7f9cb294a000-7f9cb294b000 rw-p 00016000 08:01 17956890                   /lib/x86_64-linux-gnu/libnsl-2.23.so
7f9cb294b000-7f9cb294d000 rw-p 00000000 00:00 0 
7f9cb294d000-7f9cb2955000 r-xp 00000000 08:01 17961630                   /lib/x86_64-linux-gnu/libnss_compat-2.23.so
7f9cb2955000-7f9cb2b54000 ---p 00008000 08:01 17961630                   /lib/x86_64-linux-gnu/libnss_compat-2.23.so
7f9cb2b54000-7f9cb2b55000 r--p 00007000 08:01 17961630                   /lib/x86_64-linux-gnu/libnss_compat-2.23.so
7f9cb2b55000-7f9cb2b56000 rw-p 00008000 08:01 17961630                   /lib/x86_64-linux-gnu/libnss_compat-2.23.so
7f9cb2b56000-7f9cb2b81000 r-xp 00000000 08:01 59244887                   /usr/lib/jvm/java-8-oracle/jre/lib/amd64/libjava.so
7f9cb2b81000-7f9cb2d80000 ---p 0002b000 08:01 59244887                   /usr/lib/jvm/java-8-oracle/jre/lib/amd64/libjava.so
7f9cb2d80000-7f9cb2d82000 rw-p 0002a000 08:01 59244887                   /usr/lib/jvm/java-8-oracle/jre/lib/amd64/libjava.so
7f9cb2d82000-7f9cb2d8f000 r-xp 00000000 08:01 59244892                   /usr/lib/jvm/java-8-oracle/jre/lib/amd64/libverify.so
7f9cb2d8f000-7f9cb2f8f000 ---p 0000d000 08:01 59244892                   /usr/lib/jvm/java-8-oracle/jre/lib/amd64/libverify.so
7f9cb2f8f000-7f9cb2f91000 rw-p 0000d000 08:01 59244892                   /usr/lib/jvm/java-8-oracle/jre/lib/amd64/libverify.so
7f9cb2f91000-7f9cb2f98000 r-xp 00000000 08:01 17961640                   /lib/x86_64-linux-gnu/librt-2.23.so
7f9cb2f98000-7f9cb3197000 ---p 00007000 08:01 17961640                   /lib/x86_64-linux-gnu/librt-2.23.so
7f9cb3197000-7f9cb3198000 r--p 00006000 08:01 17961640                   /lib/x86_64-linux-gnu/librt-2.23.so
7f9cb3198000-7f9cb3199000 rw-p 00007000 08:01 17961640                   /lib/x86_64-linux-gnu/librt-2.23.so
7f9cb3199000-7f9cb32a1000 r-xp 00000000 08:01 17956879                   /lib/x86_64-linux-gnu/libm-2.23.so
7f9cb32a1000-7f9cb34a0000 ---p 00108000 08:01 17956879                   /lib/x86_64-linux-gnu/libm-2.23.so
7f9cb34a0000-7f9cb34a1000 r--p 00107000 08:01 17956879                   /lib/x86_64-linux-gnu/libm-2.23.so
7f9cb34a1000-7f9cb34a2000 rw-p 00108000 08:01 17956879                   /lib/x86_64-linux-gnu/libm-2.23.so
7f9cb34a2000-7f9cb4175000 r-xp 00000000 08:01 59244870                   /usr/lib/jvm/java-8-oracle/jre/lib/amd64/server/libjvm.so
7f9cb4175000-7f9cb4374000 ---p 00cd3000 08:01 59244870                   /usr/lib/jvm/java-8-oracle/jre/lib/amd64/server/libjvm.so
7f9cb4374000-7f9cb444e000 rw-p 00cd2000 08:01 59244870                   /usr/lib/jvm/java-8-oracle/jre/lib/amd64/server/libjvm.so
7f9cb444e000-7f9cb4499000 rw-p 00000000 00:00 0 
7f9cb4499000-7f9cb4659000 r-xp 00000000 08:01 17961622                   /lib/x86_64-linux-gnu/libc-2.23.so
7f9cb4659000-7f9cb4859000 ---p 001c0000 08:01 17961622                   /lib/x86_64-linux-gnu/libc-2.23.so
7f9cb4859000-7f9cb485d000 r--p 001c0000 08:01 17961622                   /lib/x86_64-linux-gnu/libc-2.23.so
7f9cb485d000-7f9cb485f000 rw-p 001c4000 08:01 17961622                   /lib/x86_64-linux-gnu/libc-2.23.so
7f9cb485f000-7f9cb4863000 rw-p 00000000 00:00 0 
7f9cb4863000-7f9cb4866000 r-xp 00000000 08:01 17961624                   /lib/x86_64-linux-gnu/libdl-2.23.so
7f9cb4866000-7f9cb4a65000 ---p 00003000 08:01 17961624                   /lib/x86_64-linux-gnu/libdl-2.23.so
7f9cb4a65000-7f9cb4a66000 r--p 00002000 08:01 17961624                   /lib/x86_64-linux-gnu/libdl-2.23.so
7f9cb4a66000-7f9cb4a67000 rw-p 00003000 08:01 17961624                   /lib/x86_64-linux-gnu/libdl-2.23.so
7f9cb4a67000-7f9cb4a7d000 r-xp 00000000 08:01 58067584                   /usr/lib/jvm/java-8-oracle/lib/amd64/jli/libjli.so
7f9cb4a7d000-7f9cb4c7c000 ---p 00016000 08:01 58067584                   /usr/lib/jvm/java-8-oracle/lib/amd64/jli/libjli.so
7f9cb4c7c000-7f9cb4c7d000 rw-p 00015000 08:01 58067584                   /usr/lib/jvm/java-8-oracle/lib/amd64/jli/libjli.so
7f9cb4c7d000-7f9cb4c95000 r-xp 00000000 08:01 17961443                   /lib/x86_64-linux-gnu/libpthread-2.23.so
7f9cb4c95000-7f9cb4e94000 ---p 00018000 08:01 17961443                   /lib/x86_64-linux-gnu/libpthread-2.23.so
7f9cb4e94000-7f9cb4e95000 r--p 00017000 08:01 17961443                   /lib/x86_64-linux-gnu/libpthread-2.23.so
7f9cb4e95000-7f9cb4e96000 rw-p 00018000 08:01 17961443                   /lib/x86_64-linux-gnu/libpthread-2.23.so
7f9cb4e96000-7f9cb4e9a000 rw-p 00000000 00:00 0 
7f9cb4e9a000-7f9cb4ec0000 r-xp 00000000 08:01 17961442                   /lib/x86_64-linux-gnu/ld-2.23.so
7f9cb4ec0000-7f9cb4ec2000 r--s 00003000 08:01 39062423                   /home/sudip/.m2/repository/org/apache/logging/log4j/log4j-to-slf4j/2.11.2/log4j-to-slf4j-2.11.2.jar
7f9cb4ec2000-7f9cb4ec3000 r--s 00000000 08:01 39191327                   /home/sudip/.m2/repository/org/springframework/boot/spring-boot-starter-logging/2.1.4.RELEASE/spring-boot-starter-logging-2.1.4.RELEASE.jar
7f9cb4ec3000-7f9cb4ec4000 r--s 00000000 08:01 39191325                   /home/sudip/.m2/repository/org/springframework/boot/spring-boot-starter/2.1.4.RELEASE/spring-boot-starter-2.1.4.RELEASE.jar
7f9cb4ec4000-7f9cb4ec5000 r--s 00000000 08:01 39191323                   /home/sudip/.m2/repository/org/springframework/boot/spring-boot-starter-actuator/2.1.4.RELEASE/spring-boot-starter-actuator-2.1.4.RELEASE.jar
7f9cb4ec5000-7f9cb4f9d000 rw-p 00000000 00:00 0 
7f9cb4f9d000-7f9cb4fa0000 ---p 00000000 00:00 0 
7f9cb4fa0000-7f9cb50a3000 rw-p 00000000 00:00 0 
7f9cb50a3000-7f9cb50a8000 r--s 00084000 08:01 58197538                   /usr/lib/jvm/java-8-oracle/jre/lib/jfr.jar
7f9cb50a8000-7f9cb50ad000 r--s 002f9000 08:01 58197559                   /usr/lib/jvm/java-8-oracle/jre/lib/charsets.jar
7f9cb50ad000-7f9cb50b0000 r--s 0001a000 08:01 58197572                   /usr/lib/jvm/java-8-oracle/jre/lib/jce.jar
7f9cb50b0000-7f9cb50b5000 r--s 0009a000 08:01 58197566                   /usr/lib/jvm/java-8-oracle/jre/lib/jsse.jar
7f9cb50b5000-7f9cb50bd000 rw-s 00000000 08:01 5767660                    /tmp/hsperfdata_sudip/13026
7f9cb50bd000-7f9cb50be000 rw-p 00000000 00:00 0 
7f9cb50be000-7f9cb50bf000 r--p 00000000 00:00 0 
7f9cb50bf000-7f9cb50c0000 r--p 00025000 08:01 17961442                   /lib/x86_64-linux-gnu/ld-2.23.so
7f9cb50c0000-7f9cb50c1000 rw-p 00026000 08:01 17961442                   /lib/x86_64-linux-gnu/ld-2.23.so
7f9cb50c1000-7f9cb50c2000 rw-p 00000000 00:00 0 
7ffdb37b8000-7ffdb37dc000 rw-p 00000000 00:00 0                          [stack]
7ffdb37fc000-7ffdb37fe000 r--p 00000000 00:00 0                          [vvar]
7ffdb37fe000-7ffdb3800000 r-xp 00000000 00:00 0                          [vdso]
ffffffffff600000-ffffffffff601000 r-xp 00000000 00:00 0                  [vsyscall]

VM Arguments:
jvm_args: -Dfile.encoding=UTF-8 
java_command: com.sudip.mircoservices.currencycalculationservice.CurrencyCalculationServiceApplication
java_class_path (initial): /usr/lib/jvm/java-8-oracle/jre/lib/resources.jar:/usr/lib/jvm/java-8-oracle/jre/lib/rt.jar:/usr/lib/jvm/java-8-oracle/jre/lib/jsse.jar:/usr/lib/jvm/java-8-oracle/jre/lib/jce.jar:/usr/lib/jvm/java-8-oracle/jre/lib/charsets.jar:/usr/lib/jvm/java-8-oracle/jre/lib/jfr.jar:/usr/lib/jvm/java-8-oracle/jre/lib/ext/sunjce_provider.jar:/usr/lib/jvm/java-8-oracle/jre/lib/ext/jfxrt.jar:/usr/lib/jvm/java-8-oracle/jre/lib/ext/cldrdata.jar:/usr/lib/jvm/java-8-oracle/jre/lib/ext/sunec.jar:/usr/lib/jvm/java-8-oracle/jre/lib/ext/dnsns.jar:/usr/lib/jvm/java-8-oracle/jre/lib/ext/nashorn.jar:/usr/lib/jvm/java-8-oracle/jre/lib/ext/jaccess.jar:/usr/lib/jvm/java-8-oracle/jre/lib/ext/sunpkcs11.jar:/usr/lib/jvm/java-8-oracle/jre/lib/ext/zipfs.jar:/usr/lib/jvm/java-8-oracle/jre/lib/ext/localedata.jar:/home/sudip/eclipse-workspace/currency-calculation-service/target/classes:/home/sudip/.m2/repository/org/springframework/boot/spring-boot-starter-actuator/2.1.4.RELEASE/spring-boot-starter-actuator-2.1.4.RELEASE.jar:/home/sudip/.m2/repository/org/springframework/boot/spring-boot-starter/2.1.4.RELEASE/spring-boot-starter-2.1.4.RELEASE.jar:/home/sudip/.m2/repository/org/springframework/boot/spring-boot-starter-logging/2.1.4.RELEASE/spring-boot-starter-logging-2.1.4.RELEASE.jar:/home/sudip/.m2/repository/ch/qos/logback/logback-classic/1.2.3/logback-classic-1.2.3.jar:/home/sudip/.m2/repository/ch/qos/logback/logback-core/1.2.3/logback-core-1.2.3.jar:/home/sudip/.m2/repository/org/apache/logging/log4j/log4j-to-slf4j/2.11.2/log4j-to-slf4j-2.11.2.jar:/home/sudip/.m2/repository/org/apache/logging/log4j/log4j-api/2.11.2/log4j-api-2.11.2.jar:/home/sudip/.m2/repository/org/slf4j/jul-to-slf4j/1.7.26/jul-to-slf4j-1.7.26.jar:/home/sudip/.m2/repository/javax/annotation/javax.annotation-api/1.3.2/javax.annotation-api-1.3.2.jar:/home/sudip/.m2/repository/org/yaml/snakeyaml/1.23/snakeyaml-1.23.jar:/home/sudip/.m2/repository/org/springframework/boot/spring-boot-actuator-autoconfigure/2.
Launcher Type: SUN_STANDARD

Environment Variables:
PATH=/home/sudip/bin:/home/sudip/.local/bin:/usr/local/sbin:/usr/local/bin:/usr/sbin:/usr/bin:/sbin:/bin:/usr/games:/usr/local/games
SHELL=/bin/bash
DISPLAY=:0

Signal Handlers:
SIGSEGV: [libjvm.so+0xacbe10], sa_mask[0]=11111111011111111101111111111110, sa_flags=SA_RESTART|SA_SIGINFO
SIGBUS: [libjvm.so+0xacbe10], sa_mask[0]=11111111011111111101111111111110, sa_flags=SA_RESTART|SA_SIGINFO
SIGFPE: [libjvm.so+0x924f90], sa_mask[0]=11111111011111111101111111111110, sa_flags=SA_RESTART|SA_SIGINFO
SIGPIPE: [libjvm.so+0x924f90], sa_mask[0]=11111111011111111101111111111110, sa_flags=SA_RESTART|SA_SIGINFO
SIGXFSZ: [libjvm.so+0x924f90], sa_mask[0]=11111111011111111101111111111110, sa_flags=SA_RESTART|SA_SIGINFO
SIGILL: [libjvm.so+0x924f90], sa_mask[0]=11111111011111111101111111111110, sa_flags=SA_RESTART|SA_SIGINFO
SIGUSR1: SIG_DFL, sa_mask[0]=00000000000000000000000000000000, sa_flags=none
SIGUSR2: [libjvm.so+0x9267d0], sa_mask[0]=00100000000000000000000000000000, sa_flags=SA_RESTART|SA_SIGINFO
SIGHUP: [libjvm.so+0x927bd0], sa_mask[0]=11111111011111111101111111111110, sa_flags=SA_RESTART|SA_SIGINFO
SIGINT: [libjvm.so+0x927bd0], sa_mask[0]=11111111011111111101111111111110, sa_flags=SA_RESTART|SA_SIGINFO
SIGTERM: [libjvm.so+0x927bd0], sa_mask[0]=11111111011111111101111111111110, sa_flags=SA_RESTART|SA_SIGINFO
SIGQUIT: [libjvm.so+0x927bd0], sa_mask[0]=11111111011111111101111111111110, sa_flags=SA_RESTART|SA_SIGINFO


---------------  S Y S T E M  ---------------

OS:DISTRIB_ID=LinuxMint
DISTRIB_RELEASE=18.3
DISTRIB_CODENAME=sylvia
DISTRIB_DESCRIPTION="Linux Mint 18.3 Sylvia"

uname:Linux 4.10.0-38-generic #42~16.04.1-Ubuntu SMP Tue Oct 10 16:32:20 UTC 2017 x86_64
libc:glibc 2.23 NPTL 2.23 
rlimit: STACK 8192k, CORE 0k, NPROC 15266, NOFILE 1048576, AS infinity
load average:1.79 2.19 2.60

/proc/meminfo:
MemTotal:        3955240 kB
MemFree:          316856 kB
MemAvailable:     390356 kB
Buffers:            9992 kB
Cached:           425292 kB
SwapCached:       189552 kB
Active:          2785528 kB
Inactive:         642488 kB
Active(anon):    2610732 kB
Inactive(anon):   557384 kB
Active(file):     174796 kB
Inactive(file):    85104 kB
Unevictable:         112 kB
Mlocked:             112 kB
SwapTotal:       4104188 kB
SwapFree:        2121432 kB
Dirty:               176 kB
Writeback:             0 kB
AnonPages:       2967236 kB
Mapped:           222388 kB
Shmem:            174944 kB
Slab:              85568 kB
SReclaimable:      38460 kB
SUnreclaim:        47108 kB
KernelStack:       13376 kB
PageTables:        60856 kB
NFS_Unstable:          0 kB
Bounce:                0 kB
WritebackTmp:          0 kB
CommitLimit:     6081808 kB
Committed_AS:    8946468 kB
VmallocTotal:   34359738367 kB
VmallocUsed:           0 kB
VmallocChunk:          0 kB
HardwareCorrupted:     0 kB
AnonHugePages:   1177600 kB
ShmemHugePages:        0 kB
ShmemPmdMapped:        0 kB
CmaTotal:              0 kB
CmaFree:               0 kB
HugePages_Total:       0
HugePages_Free:        0
HugePages_Rsvd:        0
HugePages_Surp:        0
Hugepagesize:       2048 kB
DirectMap4k:      163776 kB
DirectMap2M:     3942400 kB


CPU:total 4 (initial active 4) (2 cores per cpu, 2 threads per core) family 6 model 42 stepping 7, cmov, cx8, fxsr, mmx, sse, sse2, sse3, ssse3, sse4.1, sse4.2, popcnt, avx, aes, clmul, ht, tsc, tscinvbit

/proc/cpuinfo:
processor	: 0
vendor_id	: GenuineIntel
cpu family	: 6
model		: 42
model name	: Intel(R) Core(TM) i5-2430M CPU @ 2.40GHz
stepping	: 7
microcode	: 0x1a
cpu MHz		: 2799.902
cache size	: 3072 KB
physical id	: 0
siblings	: 4
core id		: 0
cpu cores	: 2
apicid		: 0
initial apicid	: 0
fpu		: yes
fpu_exception	: yes
cpuid level	: 13
wp		: yes
flags		: fpu vme de pse tsc msr pae mce cx8 apic sep mtrr pge mca cmov pat pse36 clflush dts acpi mmx fxsr sse sse2 ss ht tm pbe syscall nx rdtscp lm constant_tsc arch_perfmon pebs bts nopl xtopology nonstop_tsc aperfmperf pni pclmulqdq dtes64 monitor ds_cpl vmx est tm2 ssse3 cx16 xtpr pdcm pcid sse4_1 sse4_2 x2apic popcnt tsc_deadline_timer aes xsave avx lahf_lm epb tpr_shadow vnmi flexpriority ept vpid xsaveopt dtherm ida arat pln pts
bugs		:
bogomips	: 4788.59
clflush size	: 64
cache_alignment	: 64
address sizes	: 36 bits physical, 48 bits virtual
power management:

processor	: 1
vendor_id	: GenuineIntel
cpu family	: 6
model		: 42
model name	: Intel(R) Core(TM) i5-2430M CPU @ 2.40GHz
stepping	: 7
microcode	: 0x1a
cpu MHz		: 2801.074
cache size	: 3072 KB
physical id	: 0
siblings	: 4
core id		: 0
cpu cores	: 2
apicid		: 1
initial apicid	: 1
fpu		: yes
fpu_exception	: yes
cpuid level	: 13
wp		: yes
flags		: fpu vme de pse tsc msr pae mce cx8 apic sep mtrr pge mca cmov pat pse36 clflush dts acpi mmx fxsr sse sse2 ss ht tm pbe syscall nx rdtscp lm constant_tsc arch_perfmon pebs bts nopl xtopology nonstop_tsc aperfmperf pni pclmulqdq dtes64 monitor ds_cpl vmx est tm2 ssse3 cx16 xtpr pdcm pcid sse4_1 sse4_2 x2apic popcnt tsc_deadline_timer aes xsave avx lahf_lm epb tpr_shadow vnmi flexpriority ept vpid xsaveopt dtherm ida arat pln pts
bugs		:
bogomips	: 4788.59
clflush size	: 64
cache_alignment	: 64
address sizes	: 36 bits physical, 48 bits virtual
power management:

processor	: 2
vendor_id	: GenuineIntel
cpu family	: 6
model		: 42
model name	: Intel(R) Core(TM) i5-2430M CPU @ 2.40GHz
stepping	: 7
microcode	: 0x1a
cpu MHz		: 2800.048
cache size	: 3072 KB
physical id	: 0
siblings	: 4
core id		: 1
cpu cores	: 2
apicid		: 2
initial apicid	: 2
fpu		: yes
fpu_exception	: yes
cpuid level	: 13
wp		: yes
flags		: fpu vme de pse tsc msr pae mce cx8 apic sep mtrr pge mca cmov pat pse36 clflush dts acpi mmx fxsr sse sse2 ss ht tm pbe syscall nx rdtscp lm constant_tsc arch_perfmon pebs bts nopl xtopology nonstop_tsc aperfmperf pni pclmulqdq dtes64 monitor ds_cpl vmx est tm2 ssse3 cx16 xtpr pdcm pcid sse4_1 sse4_2 x2apic popcnt tsc_deadline_timer aes xsave avx lahf_lm epb tpr_shadow vnmi flexpriority ept vpid xsaveopt dtherm ida arat pln pts
bugs		:
bogomips	: 4788.59
clflush size	: 64
cache_alignment	: 64
address sizes	: 36 bits physical, 48 bits virtual
power management:

processor	: 3
vendor_id	: GenuineIntel
cpu family	: 6
model		: 42
model name	: Intel(R) Core(TM) i5-2430M CPU @ 2.40GHz
stepping	: 7
microcode	: 0x1a
cpu MHz		: 2799.902
cache size	: 3072 KB
physical id	: 0
siblings	: 4
core id		: 1
cpu cores	: 2
apicid		: 3
initial apicid	: 3
fpu		: yes
fpu_exception	: yes
cpuid level	: 13
wp		: yes
flags		: fpu vme de pse tsc msr pae mce cx8 apic sep mtrr pge mca cmov pat pse36 clflush dts acpi mmx fxsr sse sse2 ss ht tm pbe syscall nx rdtscp lm constant_tsc arch_perfmon pebs bts nopl xtopology nonstop_tsc aperfmperf pni pclmulqdq dtes64 monitor ds_cpl vmx est tm2 ssse3 cx16 xtpr pdcm pcid sse4_1 sse4_2 x2apic popcnt tsc_deadline_timer aes xsave avx lahf_lm epb tpr_shadow vnmi flexpriority ept vpid xsaveopt dtherm ida arat pln pts
bugs		:
bogomips	: 4788.59
clflush size	: 64
cache_alignment	: 64
address sizes	: 36 bits physical, 48 bits virtual
power management:



Memory: 4k page, physical 3955240k(316856k free), swap 4104188k(2121432k free)

vm_info: Java HotSpot(TM) 64-Bit Server VM (25.151-b12) for linux-amd64 JRE (1.8.0_151-b12), built on Sep  5 2017 19:20:58 by "java_re" with gcc 4.3.0 20080428 (Red Hat 4.3.0-8)

time: Wed Apr 24 00:15:39 2019
elapsed time: 7 seconds (0d 0h 0m 7s)

